   1              		.syntax unified
   2              		.cpu cortex-m3
   3              		.fpu softvfp
   4              		.eabi_attribute 20, 1
   5              		.eabi_attribute 21, 1
   6              		.eabi_attribute 23, 3
   7              		.eabi_attribute 24, 1
   8              		.eabi_attribute 25, 1
   9              		.eabi_attribute 26, 1
  10              		.eabi_attribute 30, 6
  11              		.eabi_attribute 34, 1
  12              		.eabi_attribute 18, 4
  13              		.thumb
  14              		.file	"os_cfg_app.c"
  15              		.text
  16              	.Ltext0:
  17              		.cfi_sections	.debug_frame
  18              		.comm	OSCfg_IdleTaskStk,512,4
  19              		.comm	OSCfg_IntQ,320,4
  20              		.comm	OSCfg_IntQTaskStk,512,4
  21              		.comm	OSCfg_ISRStk,1024,4
  22              		.comm	OSCfg_MsgPool,1600,4
  23              		.comm	OSCfg_StatTaskStk,512,4
  24              		.comm	OSCfg_TickTaskStk,512,4
  25              		.comm	OSCfg_TickWheel,136,4
  26              		.comm	OSCfg_TmrTaskStk,512,4
  27              		.comm	OSCfg_TmrWheel,136,4
  28              		.global	OSCfg_IdleTaskStkBasePtr
  29              		.section	.rodata
  30              		.align	2
  33              	OSCfg_IdleTaskStkBasePtr:
  34 0000 00000000 		.word	OSCfg_IdleTaskStk
  35              		.global	OSCfg_IdleTaskStkLimit
  36              		.align	2
  39              	OSCfg_IdleTaskStkLimit:
  40 0004 0C000000 		.word	12
  41              		.global	OSCfg_IdleTaskStkSize
  42              		.align	2
  45              	OSCfg_IdleTaskStkSize:
  46 0008 80000000 		.word	128
  47              		.global	OSCfg_IdleTaskStkSizeRAM
  48              		.align	2
  51              	OSCfg_IdleTaskStkSizeRAM:
  52 000c 00020000 		.word	512
  53              		.global	OSCfg_IntQBasePtr
  54              		.align	2
  57              	OSCfg_IntQBasePtr:
  58 0010 00000000 		.word	OSCfg_IntQ
  59              		.global	OSCfg_IntQSize
  60              		.align	1
  63              	OSCfg_IntQSize:
  64 0014 0A00     		.short	10
  65              		.global	OSCfg_IntQSizeRAM
  66 0016 0000     		.align	2
  69              	OSCfg_IntQSizeRAM:
  70 0018 40010000 		.word	320
  71              		.global	OSCfg_IntQTaskStkBasePtr
  72              		.align	2
  75              	OSCfg_IntQTaskStkBasePtr:
  76 001c 00000000 		.word	OSCfg_IntQTaskStk
  77              		.global	OSCfg_IntQTaskStkLimit
  78              		.align	2
  81              	OSCfg_IntQTaskStkLimit:
  82 0020 0C000000 		.word	12
  83              		.global	OSCfg_IntQTaskStkSize
  84              		.align	2
  87              	OSCfg_IntQTaskStkSize:
  88 0024 80000000 		.word	128
  89              		.global	OSCfg_IntQTaskStkSizeRAM
  90              		.align	2
  93              	OSCfg_IntQTaskStkSizeRAM:
  94 0028 00020000 		.word	512
  95              		.global	OSCfg_ISRStkBasePtr
  96              		.align	2
  99              	OSCfg_ISRStkBasePtr:
 100 002c 00000000 		.word	OSCfg_ISRStk
 101              		.global	OSCfg_ISRStkSize
 102              		.align	2
 105              	OSCfg_ISRStkSize:
 106 0030 00010000 		.word	256
 107              		.global	OSCfg_ISRStkSizeRAM
 108              		.align	2
 111              	OSCfg_ISRStkSizeRAM:
 112 0034 00040000 		.word	1024
 113              		.global	OSCfg_MsgPoolSize
 114              		.align	1
 117              	OSCfg_MsgPoolSize:
 118 0038 6400     		.short	100
 119              		.global	OSCfg_MsgPoolSizeRAM
 120 003a 0000     		.align	2
 123              	OSCfg_MsgPoolSizeRAM:
 124 003c 40060000 		.word	1600
 125              		.global	OSCfg_MsgPoolBasePtr
 126              		.align	2
 129              	OSCfg_MsgPoolBasePtr:
 130 0040 00000000 		.word	OSCfg_MsgPool
 131              		.global	OSCfg_StatTaskPrio
 134              	OSCfg_StatTaskPrio:
 135 0044 0B       		.byte	11
 136              		.global	OSCfg_StatTaskRate_Hz
 137 0045 000000   		.align	2
 140              	OSCfg_StatTaskRate_Hz:
 141 0048 0A000000 		.word	10
 142              		.global	OSCfg_StatTaskStkBasePtr
 143              		.align	2
 146              	OSCfg_StatTaskStkBasePtr:
 147 004c 00000000 		.word	OSCfg_StatTaskStk
 148              		.global	OSCfg_StatTaskStkLimit
 149              		.align	2
 152              	OSCfg_StatTaskStkLimit:
 153 0050 0C000000 		.word	12
 154              		.global	OSCfg_StatTaskStkSize
 155              		.align	2
 158              	OSCfg_StatTaskStkSize:
 159 0054 80000000 		.word	128
 160              		.global	OSCfg_StatTaskStkSizeRAM
 161              		.align	2
 164              	OSCfg_StatTaskStkSizeRAM:
 165 0058 00020000 		.word	512
 166              		.global	OSCfg_StkSizeMin
 167              		.align	2
 170              	OSCfg_StkSizeMin:
 171 005c 40000000 		.word	64
 172              		.global	OSCfg_TickRate_Hz
 173              		.align	2
 176              	OSCfg_TickRate_Hz:
 177 0060 E8030000 		.word	1000
 178              		.global	OSCfg_TickTaskPrio
 181              	OSCfg_TickTaskPrio:
 182 0064 0A       		.byte	10
 183              		.global	OSCfg_TickTaskStkBasePtr
 184 0065 000000   		.align	2
 187              	OSCfg_TickTaskStkBasePtr:
 188 0068 00000000 		.word	OSCfg_TickTaskStk
 189              		.global	OSCfg_TickTaskStkLimit
 190              		.align	2
 193              	OSCfg_TickTaskStkLimit:
 194 006c 0C000000 		.word	12
 195              		.global	OSCfg_TickTaskStkSize
 196              		.align	2
 199              	OSCfg_TickTaskStkSize:
 200 0070 80000000 		.word	128
 201              		.global	OSCfg_TickTaskStkSizeRAM
 202              		.align	2
 205              	OSCfg_TickTaskStkSizeRAM:
 206 0074 00020000 		.word	512
 207              		.global	OSCfg_TickWheelSize
 208              		.align	1
 211              	OSCfg_TickWheelSize:
 212 0078 1100     		.short	17
 213              		.global	OSCfg_TickWheelSizeRAM
 214 007a 0000     		.align	2
 217              	OSCfg_TickWheelSizeRAM:
 218 007c 88000000 		.word	136
 219              		.global	OSCfg_TmrTaskPrio
 222              	OSCfg_TmrTaskPrio:
 223 0080 0B       		.byte	11
 224              		.global	OSCfg_TmrTaskRate_Hz
 225 0081 000000   		.align	2
 228              	OSCfg_TmrTaskRate_Hz:
 229 0084 0A000000 		.word	10
 230              		.global	OSCfg_TmrTaskStkBasePtr
 231              		.align	2
 234              	OSCfg_TmrTaskStkBasePtr:
 235 0088 00000000 		.word	OSCfg_TmrTaskStk
 236              		.global	OSCfg_TmrTaskStkLimit
 237              		.align	2
 240              	OSCfg_TmrTaskStkLimit:
 241 008c 0C000000 		.word	12
 242              		.global	OSCfg_TmrTaskStkSize
 243              		.align	2
 246              	OSCfg_TmrTaskStkSize:
 247 0090 80000000 		.word	128
 248              		.global	OSCfg_TmrTaskStkSizeRAM
 249              		.align	2
 252              	OSCfg_TmrTaskStkSizeRAM:
 253 0094 00020000 		.word	512
 254              		.global	OSCfg_TmrWheelSize
 255              		.align	1
 258              	OSCfg_TmrWheelSize:
 259 0098 1100     		.short	17
 260              		.global	OSCfg_TmrWheelSizeRAM
 261 009a 0000     		.align	2
 264              	OSCfg_TmrWheelSizeRAM:
 265 009c 88000000 		.word	136
 266              		.global	OSCfg_DataSizeRAM
 267              		.align	2
 270              	OSCfg_DataSizeRAM:
 271 00a0 90160000 		.word	5776
 272              		.text
 273              		.align	2
 274              		.global	OSCfg_Init
 275              		.thumb
 276              		.thumb_func
 278              	OSCfg_Init:
 279              	.LFB0:
 280              		.file 1 "Libraries/uC-OSIII/os_cfg_app.c"
   1:Libraries/uC-OSIII/os_cfg_app.c **** /*
   2:Libraries/uC-OSIII/os_cfg_app.c **** ***************************************************************************************************
   3:Libraries/uC-OSIII/os_cfg_app.c **** *                                                     uC/OS-III
   4:Libraries/uC-OSIII/os_cfg_app.c **** *                                                The Real-Time Kernel
   5:Libraries/uC-OSIII/os_cfg_app.c **** *
   6:Libraries/uC-OSIII/os_cfg_app.c **** *                                  (c) Copyright 2009-2010; Micrium, Inc.; Weston, FL
   7:Libraries/uC-OSIII/os_cfg_app.c **** *                          All rights reserved.  Protected by international copyright laws.
   8:Libraries/uC-OSIII/os_cfg_app.c **** *
   9:Libraries/uC-OSIII/os_cfg_app.c **** *                                       OS CONFIGURATION (APPLICATION SPECIFICS)
  10:Libraries/uC-OSIII/os_cfg_app.c **** *
  11:Libraries/uC-OSIII/os_cfg_app.c **** * File    : OS_CFG_APP.C
  12:Libraries/uC-OSIII/os_cfg_app.c **** * By      : JJL
  13:Libraries/uC-OSIII/os_cfg_app.c **** * Version : V3.01.2
  14:Libraries/uC-OSIII/os_cfg_app.c **** *
  15:Libraries/uC-OSIII/os_cfg_app.c **** * LICENSING TERMS:
  16:Libraries/uC-OSIII/os_cfg_app.c **** * ---------------
  17:Libraries/uC-OSIII/os_cfg_app.c **** *               uC/OS-III is provided in source form to registered licensees ONLY.  It is 
  18:Libraries/uC-OSIII/os_cfg_app.c **** *               illegal to distribute this source code to any third party unless you receive 
  19:Libraries/uC-OSIII/os_cfg_app.c **** *               written permission by an authorized Micrium representative.  Knowledge of 
  20:Libraries/uC-OSIII/os_cfg_app.c **** *               the source code may NOT be used to develop a similar product.
  21:Libraries/uC-OSIII/os_cfg_app.c **** *
  22:Libraries/uC-OSIII/os_cfg_app.c **** *               Please help us continue to provide the Embedded community with the finest
  23:Libraries/uC-OSIII/os_cfg_app.c **** *               software available.  Your honesty is greatly appreciated.
  24:Libraries/uC-OSIII/os_cfg_app.c **** *
  25:Libraries/uC-OSIII/os_cfg_app.c **** *               You can contact us at www.micrium.com.
  26:Libraries/uC-OSIII/os_cfg_app.c **** *
  27:Libraries/uC-OSIII/os_cfg_app.c **** * NOTE(s):
  28:Libraries/uC-OSIII/os_cfg_app.c **** * --------
  29:Libraries/uC-OSIII/os_cfg_app.c **** *
  30:Libraries/uC-OSIII/os_cfg_app.c **** *       DO NOT CHANGE THIS FILE!
  31:Libraries/uC-OSIII/os_cfg_app.c **** ***************************************************************************************************
  32:Libraries/uC-OSIII/os_cfg_app.c **** */
  33:Libraries/uC-OSIII/os_cfg_app.c **** 
  34:Libraries/uC-OSIII/os_cfg_app.c **** #include <os_cfg_app.h>
  35:Libraries/uC-OSIII/os_cfg_app.c **** #include <os.h>
  36:Libraries/uC-OSIII/os_cfg_app.c **** 
  37:Libraries/uC-OSIII/os_cfg_app.c **** #ifdef VSC_INCLUDE_SOURCE_FILE_NAMES
  38:Libraries/uC-OSIII/os_cfg_app.c **** const  CPU_CHAR  *os_cfg_app__c = "$Id: $";
  39:Libraries/uC-OSIII/os_cfg_app.c **** #endif
  40:Libraries/uC-OSIII/os_cfg_app.c **** 
  41:Libraries/uC-OSIII/os_cfg_app.c **** #define  OS_CFG_IDLE_TASK_STK_LIMIT      ((OS_CFG_IDLE_TASK_STK_SIZE  * OS_CFG_TASK_STK_LIMIT_PCT_E
  42:Libraries/uC-OSIII/os_cfg_app.c **** #define  OS_CFG_INT_Q_TASK_STK_LIMIT     ((OS_CFG_INT_Q_TASK_STK_SIZE * OS_CFG_TASK_STK_LIMIT_PCT_E
  43:Libraries/uC-OSIII/os_cfg_app.c **** #define  OS_CFG_STAT_TASK_STK_LIMIT      ((OS_CFG_STAT_TASK_STK_SIZE  * OS_CFG_TASK_STK_LIMIT_PCT_E
  44:Libraries/uC-OSIII/os_cfg_app.c **** #define  OS_CFG_TICK_TASK_STK_LIMIT      ((OS_CFG_TICK_TASK_STK_SIZE  * OS_CFG_TASK_STK_LIMIT_PCT_E
  45:Libraries/uC-OSIII/os_cfg_app.c **** #define  OS_CFG_TMR_TASK_STK_LIMIT       ((OS_CFG_TMR_TASK_STK_SIZE   * OS_CFG_TASK_STK_LIMIT_PCT_E
  46:Libraries/uC-OSIII/os_cfg_app.c **** 
  47:Libraries/uC-OSIII/os_cfg_app.c **** /*
  48:Libraries/uC-OSIII/os_cfg_app.c **** ***************************************************************************************************
  49:Libraries/uC-OSIII/os_cfg_app.c **** *                                                    DATA STORAGE
  50:Libraries/uC-OSIII/os_cfg_app.c **** ***************************************************************************************************
  51:Libraries/uC-OSIII/os_cfg_app.c **** */
  52:Libraries/uC-OSIII/os_cfg_app.c **** 
  53:Libraries/uC-OSIII/os_cfg_app.c **** CPU_STK        OSCfg_IdleTaskStk   [OS_CFG_IDLE_TASK_STK_SIZE];
  54:Libraries/uC-OSIII/os_cfg_app.c **** 
  55:Libraries/uC-OSIII/os_cfg_app.c **** #if (OS_CFG_ISR_POST_DEFERRED_EN > 0u)
  56:Libraries/uC-OSIII/os_cfg_app.c **** OS_INT_Q       OSCfg_IntQ          [OS_CFG_INT_Q_SIZE];
  57:Libraries/uC-OSIII/os_cfg_app.c **** CPU_STK        OSCfg_IntQTaskStk   [OS_CFG_INT_Q_TASK_STK_SIZE];
  58:Libraries/uC-OSIII/os_cfg_app.c **** #endif
  59:Libraries/uC-OSIII/os_cfg_app.c **** 
  60:Libraries/uC-OSIII/os_cfg_app.c **** #if (OS_CFG_ISR_STK_SIZE > 0u)
  61:Libraries/uC-OSIII/os_cfg_app.c **** CPU_STK        OSCfg_ISRStk        [OS_CFG_ISR_STK_SIZE];
  62:Libraries/uC-OSIII/os_cfg_app.c **** #endif
  63:Libraries/uC-OSIII/os_cfg_app.c **** 
  64:Libraries/uC-OSIII/os_cfg_app.c **** #if (OS_MSG_EN > 0u)
  65:Libraries/uC-OSIII/os_cfg_app.c **** OS_MSG         OSCfg_MsgPool       [OS_CFG_MSG_POOL_SIZE];
  66:Libraries/uC-OSIII/os_cfg_app.c **** #endif
  67:Libraries/uC-OSIII/os_cfg_app.c **** 
  68:Libraries/uC-OSIII/os_cfg_app.c **** #if (OS_CFG_STAT_TASK_EN > 0u)
  69:Libraries/uC-OSIII/os_cfg_app.c **** CPU_STK        OSCfg_StatTaskStk   [OS_CFG_STAT_TASK_STK_SIZE];
  70:Libraries/uC-OSIII/os_cfg_app.c **** #endif
  71:Libraries/uC-OSIII/os_cfg_app.c **** 
  72:Libraries/uC-OSIII/os_cfg_app.c **** CPU_STK        OSCfg_TickTaskStk   [OS_CFG_TICK_TASK_STK_SIZE];
  73:Libraries/uC-OSIII/os_cfg_app.c **** OS_TICK_SPOKE  OSCfg_TickWheel     [OS_CFG_TICK_WHEEL_SIZE];
  74:Libraries/uC-OSIII/os_cfg_app.c **** 
  75:Libraries/uC-OSIII/os_cfg_app.c **** #if (OS_CFG_TMR_EN > 0u)
  76:Libraries/uC-OSIII/os_cfg_app.c **** CPU_STK        OSCfg_TmrTaskStk    [OS_CFG_TMR_TASK_STK_SIZE];
  77:Libraries/uC-OSIII/os_cfg_app.c **** OS_TMR_SPOKE   OSCfg_TmrWheel      [OS_CFG_TMR_WHEEL_SIZE];
  78:Libraries/uC-OSIII/os_cfg_app.c **** #endif
  79:Libraries/uC-OSIII/os_cfg_app.c **** 
  80:Libraries/uC-OSIII/os_cfg_app.c **** /*$PAGE*/
  81:Libraries/uC-OSIII/os_cfg_app.c **** /*
  82:Libraries/uC-OSIII/os_cfg_app.c **** ***************************************************************************************************
  83:Libraries/uC-OSIII/os_cfg_app.c **** *                                                      CONSTANTS
  84:Libraries/uC-OSIII/os_cfg_app.c **** ***************************************************************************************************
  85:Libraries/uC-OSIII/os_cfg_app.c **** */
  86:Libraries/uC-OSIII/os_cfg_app.c **** 
  87:Libraries/uC-OSIII/os_cfg_app.c **** CPU_STK      * const  OSCfg_IdleTaskStkBasePtr   = (CPU_STK    *)&OSCfg_IdleTaskStk[0];
  88:Libraries/uC-OSIII/os_cfg_app.c **** CPU_STK_SIZE   const  OSCfg_IdleTaskStkLimit     = (CPU_STK_SIZE)OS_CFG_IDLE_TASK_STK_LIMIT;
  89:Libraries/uC-OSIII/os_cfg_app.c **** CPU_STK_SIZE   const  OSCfg_IdleTaskStkSize      = (CPU_STK_SIZE)OS_CFG_IDLE_TASK_STK_SIZE;
  90:Libraries/uC-OSIII/os_cfg_app.c **** CPU_INT32U     const  OSCfg_IdleTaskStkSizeRAM   = (CPU_INT32U  )sizeof(OSCfg_IdleTaskStk);
  91:Libraries/uC-OSIII/os_cfg_app.c **** 
  92:Libraries/uC-OSIII/os_cfg_app.c **** 
  93:Libraries/uC-OSIII/os_cfg_app.c **** #if (OS_CFG_ISR_POST_DEFERRED_EN > 0u)
  94:Libraries/uC-OSIII/os_cfg_app.c **** OS_INT_Q     * const  OSCfg_IntQBasePtr          = (OS_INT_Q   *)&OSCfg_IntQ[0];
  95:Libraries/uC-OSIII/os_cfg_app.c **** OS_OBJ_QTY     const  OSCfg_IntQSize             = (OS_OBJ_QTY  )OS_CFG_INT_Q_SIZE;
  96:Libraries/uC-OSIII/os_cfg_app.c **** CPU_INT32U     const  OSCfg_IntQSizeRAM          = (CPU_INT32U  )sizeof(OSCfg_IntQ);
  97:Libraries/uC-OSIII/os_cfg_app.c **** CPU_STK      * const  OSCfg_IntQTaskStkBasePtr   = (CPU_STK    *)&OSCfg_IntQTaskStk[0];
  98:Libraries/uC-OSIII/os_cfg_app.c **** CPU_STK_SIZE   const  OSCfg_IntQTaskStkLimit     = (CPU_STK_SIZE)OS_CFG_INT_Q_TASK_STK_LIMIT;
  99:Libraries/uC-OSIII/os_cfg_app.c **** CPU_STK_SIZE   const  OSCfg_IntQTaskStkSize      = (CPU_STK_SIZE)OS_CFG_INT_Q_TASK_STK_SIZE;
 100:Libraries/uC-OSIII/os_cfg_app.c **** CPU_INT32U     const  OSCfg_IntQTaskStkSizeRAM   = (CPU_INT32U  )sizeof(OSCfg_IntQTaskStk);
 101:Libraries/uC-OSIII/os_cfg_app.c **** #else
 102:Libraries/uC-OSIII/os_cfg_app.c **** OS_INT_Q     * const  OSCfg_IntQBasePtr          = (OS_INT_Q   *)0;
 103:Libraries/uC-OSIII/os_cfg_app.c **** OS_OBJ_QTY     const  OSCfg_IntQSize             = (OS_OBJ_QTY  )0;
 104:Libraries/uC-OSIII/os_cfg_app.c **** CPU_INT32U     const  OSCfg_IntQSizeRAM          = (CPU_INT32U  )0;
 105:Libraries/uC-OSIII/os_cfg_app.c **** CPU_STK      * const  OSCfg_IntQTaskStkBasePtr   = (CPU_STK    *)0;
 106:Libraries/uC-OSIII/os_cfg_app.c **** CPU_STK_SIZE   const  OSCfg_IntQTaskStkLimit     = (CPU_STK_SIZE)0;
 107:Libraries/uC-OSIII/os_cfg_app.c **** CPU_STK_SIZE   const  OSCfg_IntQTaskStkSize      = (CPU_STK_SIZE)0;
 108:Libraries/uC-OSIII/os_cfg_app.c **** CPU_INT32U     const  OSCfg_IntQTaskStkSizeRAM   = (CPU_INT32U  )0;
 109:Libraries/uC-OSIII/os_cfg_app.c **** #endif
 110:Libraries/uC-OSIII/os_cfg_app.c **** 
 111:Libraries/uC-OSIII/os_cfg_app.c **** 
 112:Libraries/uC-OSIII/os_cfg_app.c **** #if (OS_CFG_ISR_STK_SIZE > 0u)
 113:Libraries/uC-OSIII/os_cfg_app.c **** CPU_STK      * const  OSCfg_ISRStkBasePtr        = (CPU_STK    *)&OSCfg_ISRStk[0];
 114:Libraries/uC-OSIII/os_cfg_app.c **** CPU_STK_SIZE   const  OSCfg_ISRStkSize           = (CPU_STK_SIZE)OS_CFG_ISR_STK_SIZE;
 115:Libraries/uC-OSIII/os_cfg_app.c **** CPU_INT32U     const  OSCfg_ISRStkSizeRAM        = (CPU_INT32U  )sizeof(OSCfg_ISRStk);
 116:Libraries/uC-OSIII/os_cfg_app.c **** #else
 117:Libraries/uC-OSIII/os_cfg_app.c **** CPU_STK      * const  OSCfg_ISRStkBasePtr        = (CPU_STK    *)0;
 118:Libraries/uC-OSIII/os_cfg_app.c **** CPU_STK_SIZE   const  OSCfg_ISRStkSize           = (CPU_STK_SIZE)0;
 119:Libraries/uC-OSIII/os_cfg_app.c **** CPU_INT32U     const  OSCfg_ISRStkSizeRAM        = (CPU_INT32U  )0;
 120:Libraries/uC-OSIII/os_cfg_app.c **** #endif
 121:Libraries/uC-OSIII/os_cfg_app.c **** 
 122:Libraries/uC-OSIII/os_cfg_app.c **** 
 123:Libraries/uC-OSIII/os_cfg_app.c **** #if (OS_MSG_EN > 0u)
 124:Libraries/uC-OSIII/os_cfg_app.c **** OS_MSG_SIZE    const  OSCfg_MsgPoolSize          = (OS_MSG_SIZE)OS_CFG_MSG_POOL_SIZE;
 125:Libraries/uC-OSIII/os_cfg_app.c **** CPU_INT32U     const  OSCfg_MsgPoolSizeRAM       = (CPU_INT32U )sizeof(OSCfg_MsgPool);
 126:Libraries/uC-OSIII/os_cfg_app.c **** OS_MSG       * const  OSCfg_MsgPoolBasePtr       = (OS_MSG    *)&OSCfg_MsgPool[0];
 127:Libraries/uC-OSIII/os_cfg_app.c **** #else
 128:Libraries/uC-OSIII/os_cfg_app.c **** OS_MSG_SIZE    const  OSCfg_MsgPoolSize          = (OS_MSG_SIZE)0;
 129:Libraries/uC-OSIII/os_cfg_app.c **** CPU_INT32U     const  OSCfg_MsgPoolSizeRAM       = (CPU_INT32U )0;
 130:Libraries/uC-OSIII/os_cfg_app.c **** OS_MSG       * const  OSCfg_MsgPoolBasePtr       = (OS_MSG    *)0;
 131:Libraries/uC-OSIII/os_cfg_app.c **** #endif
 132:Libraries/uC-OSIII/os_cfg_app.c **** 
 133:Libraries/uC-OSIII/os_cfg_app.c **** 
 134:Libraries/uC-OSIII/os_cfg_app.c **** #if (OS_CFG_STAT_TASK_EN > 0u)
 135:Libraries/uC-OSIII/os_cfg_app.c **** OS_PRIO        const  OSCfg_StatTaskPrio         = (OS_RATE_HZ  )OS_CFG_STAT_TASK_PRIO;
 136:Libraries/uC-OSIII/os_cfg_app.c **** OS_RATE_HZ     const  OSCfg_StatTaskRate_Hz      = (OS_PRIO     )OS_CFG_STAT_TASK_RATE_HZ;
 137:Libraries/uC-OSIII/os_cfg_app.c **** CPU_STK      * const  OSCfg_StatTaskStkBasePtr   = (CPU_STK    *)&OSCfg_StatTaskStk[0];
 138:Libraries/uC-OSIII/os_cfg_app.c **** CPU_STK_SIZE   const  OSCfg_StatTaskStkLimit     = (CPU_STK_SIZE)OS_CFG_STAT_TASK_STK_LIMIT;
 139:Libraries/uC-OSIII/os_cfg_app.c **** CPU_STK_SIZE   const  OSCfg_StatTaskStkSize      = (CPU_STK_SIZE)OS_CFG_STAT_TASK_STK_SIZE;
 140:Libraries/uC-OSIII/os_cfg_app.c **** CPU_INT32U     const  OSCfg_StatTaskStkSizeRAM   = (CPU_INT32U  )sizeof(OSCfg_StatTaskStk);
 141:Libraries/uC-OSIII/os_cfg_app.c **** #else
 142:Libraries/uC-OSIII/os_cfg_app.c **** OS_PRIO        const  OSCfg_StatTaskPrio         = (OS_RATE_HZ  )0;
 143:Libraries/uC-OSIII/os_cfg_app.c **** OS_RATE_HZ     const  OSCfg_StatTaskRate_Hz      = (OS_PRIO     )0;
 144:Libraries/uC-OSIII/os_cfg_app.c **** CPU_STK      * const  OSCfg_StatTaskStkBasePtr   = (CPU_STK    *)0;
 145:Libraries/uC-OSIII/os_cfg_app.c **** CPU_STK_SIZE   const  OSCfg_StatTaskStkLimit     = (CPU_STK_SIZE)0;
 146:Libraries/uC-OSIII/os_cfg_app.c **** CPU_STK_SIZE   const  OSCfg_StatTaskStkSize      = (CPU_STK_SIZE)0;
 147:Libraries/uC-OSIII/os_cfg_app.c **** CPU_INT32U     const  OSCfg_StatTaskStkSizeRAM   = (CPU_INT32U  )0;
 148:Libraries/uC-OSIII/os_cfg_app.c **** #endif
 149:Libraries/uC-OSIII/os_cfg_app.c **** 
 150:Libraries/uC-OSIII/os_cfg_app.c **** 
 151:Libraries/uC-OSIII/os_cfg_app.c **** CPU_STK_SIZE   const  OSCfg_StkSizeMin           = (CPU_STK_SIZE)OS_CFG_STK_SIZE_MIN;
 152:Libraries/uC-OSIII/os_cfg_app.c **** 
 153:Libraries/uC-OSIII/os_cfg_app.c **** 
 154:Libraries/uC-OSIII/os_cfg_app.c **** OS_RATE_HZ     const  OSCfg_TickRate_Hz          = (OS_RATE_HZ  )OS_CFG_TICK_RATE_HZ;
 155:Libraries/uC-OSIII/os_cfg_app.c **** OS_PRIO        const  OSCfg_TickTaskPrio         = (OS_PRIO     )OS_CFG_TICK_TASK_PRIO;
 156:Libraries/uC-OSIII/os_cfg_app.c **** CPU_STK      * const  OSCfg_TickTaskStkBasePtr   = (CPU_STK    *)&OSCfg_TickTaskStk[0];
 157:Libraries/uC-OSIII/os_cfg_app.c **** CPU_STK_SIZE   const  OSCfg_TickTaskStkLimit     = (CPU_STK_SIZE)OS_CFG_TICK_TASK_STK_LIMIT;
 158:Libraries/uC-OSIII/os_cfg_app.c **** CPU_STK_SIZE   const  OSCfg_TickTaskStkSize      = (CPU_STK_SIZE)OS_CFG_TICK_TASK_STK_SIZE;
 159:Libraries/uC-OSIII/os_cfg_app.c **** CPU_INT32U     const  OSCfg_TickTaskStkSizeRAM   = (CPU_INT32U  )sizeof(OSCfg_TickTaskStk);
 160:Libraries/uC-OSIII/os_cfg_app.c **** OS_OBJ_QTY     const  OSCfg_TickWheelSize        = (OS_OBJ_QTY  )OS_CFG_TICK_WHEEL_SIZE;
 161:Libraries/uC-OSIII/os_cfg_app.c **** CPU_INT32U     const  OSCfg_TickWheelSizeRAM     = (CPU_INT32U  )sizeof(OSCfg_TickWheel);
 162:Libraries/uC-OSIII/os_cfg_app.c **** 
 163:Libraries/uC-OSIII/os_cfg_app.c **** 
 164:Libraries/uC-OSIII/os_cfg_app.c **** #if (OS_CFG_TMR_EN > 0u)
 165:Libraries/uC-OSIII/os_cfg_app.c **** OS_PRIO        const  OSCfg_TmrTaskPrio          = (OS_RATE_HZ  )OS_CFG_TMR_TASK_PRIO;
 166:Libraries/uC-OSIII/os_cfg_app.c **** OS_RATE_HZ     const  OSCfg_TmrTaskRate_Hz       = (OS_PRIO     )OS_CFG_TMR_TASK_RATE_HZ;
 167:Libraries/uC-OSIII/os_cfg_app.c **** CPU_STK      * const  OSCfg_TmrTaskStkBasePtr    = (CPU_STK    *)&OSCfg_TmrTaskStk[0];
 168:Libraries/uC-OSIII/os_cfg_app.c **** CPU_STK_SIZE   const  OSCfg_TmrTaskStkLimit      = (CPU_STK_SIZE)OS_CFG_TMR_TASK_STK_LIMIT;
 169:Libraries/uC-OSIII/os_cfg_app.c **** CPU_STK_SIZE   const  OSCfg_TmrTaskStkSize       = (CPU_STK_SIZE)OS_CFG_TMR_TASK_STK_SIZE;
 170:Libraries/uC-OSIII/os_cfg_app.c **** CPU_INT32U     const  OSCfg_TmrTaskStkSizeRAM    = (CPU_INT32U  )sizeof(OSCfg_TmrTaskStk);
 171:Libraries/uC-OSIII/os_cfg_app.c **** OS_OBJ_QTY     const  OSCfg_TmrWheelSize         = (OS_OBJ_QTY  )OS_CFG_TMR_WHEEL_SIZE;
 172:Libraries/uC-OSIII/os_cfg_app.c **** CPU_INT32U     const  OSCfg_TmrWheelSizeRAM      = (CPU_INT32U  )sizeof(OSCfg_TmrWheel);
 173:Libraries/uC-OSIII/os_cfg_app.c **** #else
 174:Libraries/uC-OSIII/os_cfg_app.c **** OS_PRIO        const  OSCfg_TmrTaskPrio          = (OS_RATE_HZ  )0;
 175:Libraries/uC-OSIII/os_cfg_app.c **** OS_RATE_HZ     const  OSCfg_TmrTaskRate_Hz       = (OS_PRIO     )0;
 176:Libraries/uC-OSIII/os_cfg_app.c **** CPU_STK      * const  OSCfg_TmrTaskStkBasePtr    = (CPU_STK    *)0;
 177:Libraries/uC-OSIII/os_cfg_app.c **** CPU_STK_SIZE   const  OSCfg_TmrTaskStkLimit      = (CPU_STK_SIZE)0;
 178:Libraries/uC-OSIII/os_cfg_app.c **** CPU_STK_SIZE   const  OSCfg_TmrTaskStkSize       = (CPU_STK_SIZE)0;
 179:Libraries/uC-OSIII/os_cfg_app.c **** CPU_INT32U     const  OSCfg_TmrTaskStkSizeRAM    = (CPU_INT32U  )0;
 180:Libraries/uC-OSIII/os_cfg_app.c **** OS_OBJ_QTY     const  OSCfg_TmrWheelSize         = (OS_OBJ_QTY  )0;
 181:Libraries/uC-OSIII/os_cfg_app.c **** CPU_INT32U     const  OSCfg_TmrWheelSizeRAM      = (CPU_INT32U  )0;
 182:Libraries/uC-OSIII/os_cfg_app.c **** #endif
 183:Libraries/uC-OSIII/os_cfg_app.c **** 
 184:Libraries/uC-OSIII/os_cfg_app.c **** 
 185:Libraries/uC-OSIII/os_cfg_app.c **** /*$PAGE*/
 186:Libraries/uC-OSIII/os_cfg_app.c **** /*
 187:Libraries/uC-OSIII/os_cfg_app.c **** ***************************************************************************************************
 188:Libraries/uC-OSIII/os_cfg_app.c **** *                                         TOTAL SIZE OF APPLICATION CONFIGURATION
 189:Libraries/uC-OSIII/os_cfg_app.c **** ***************************************************************************************************
 190:Libraries/uC-OSIII/os_cfg_app.c **** */
 191:Libraries/uC-OSIII/os_cfg_app.c **** 
 192:Libraries/uC-OSIII/os_cfg_app.c **** CPU_INT32U     const  OSCfg_DataSizeRAM          = sizeof(OSCfg_IdleTaskStk)
 193:Libraries/uC-OSIII/os_cfg_app.c **** 
 194:Libraries/uC-OSIII/os_cfg_app.c **** #if (OS_CFG_ISR_POST_DEFERRED_EN > 0u)
 195:Libraries/uC-OSIII/os_cfg_app.c ****                                                  + sizeof(OSCfg_IntQ)
 196:Libraries/uC-OSIII/os_cfg_app.c ****                                                  + sizeof(OSCfg_IntQTaskStk)
 197:Libraries/uC-OSIII/os_cfg_app.c **** #endif
 198:Libraries/uC-OSIII/os_cfg_app.c **** 
 199:Libraries/uC-OSIII/os_cfg_app.c **** #if (OS_MSG_EN > 0u)
 200:Libraries/uC-OSIII/os_cfg_app.c ****                                                  + sizeof(OSCfg_MsgPool)
 201:Libraries/uC-OSIII/os_cfg_app.c **** #endif
 202:Libraries/uC-OSIII/os_cfg_app.c **** 
 203:Libraries/uC-OSIII/os_cfg_app.c **** #if (OS_CFG_STAT_TASK_EN > 0u)
 204:Libraries/uC-OSIII/os_cfg_app.c ****                                                  + sizeof(OSCfg_StatTaskStk)
 205:Libraries/uC-OSIII/os_cfg_app.c **** #endif
 206:Libraries/uC-OSIII/os_cfg_app.c **** 
 207:Libraries/uC-OSIII/os_cfg_app.c **** #if (OS_CFG_TMR_EN > 0u)
 208:Libraries/uC-OSIII/os_cfg_app.c ****                                                  + sizeof(OSCfg_TmrTaskStk)
 209:Libraries/uC-OSIII/os_cfg_app.c ****                                                  + sizeof(OSCfg_TmrWheel)
 210:Libraries/uC-OSIII/os_cfg_app.c **** #endif
 211:Libraries/uC-OSIII/os_cfg_app.c **** 
 212:Libraries/uC-OSIII/os_cfg_app.c ****                                                  + sizeof(OSCfg_ISRStk)
 213:Libraries/uC-OSIII/os_cfg_app.c ****                                                  + sizeof(OSCfg_TickTaskStk)
 214:Libraries/uC-OSIII/os_cfg_app.c ****                                                  + sizeof(OSCfg_TickWheel);
 215:Libraries/uC-OSIII/os_cfg_app.c **** 
 216:Libraries/uC-OSIII/os_cfg_app.c **** /*$PAGE*/
 217:Libraries/uC-OSIII/os_cfg_app.c **** /*
 218:Libraries/uC-OSIII/os_cfg_app.c **** ***************************************************************************************************
 219:Libraries/uC-OSIII/os_cfg_app.c **** *                                             OS CONFIGURATION INITIALIZATION
 220:Libraries/uC-OSIII/os_cfg_app.c **** *
 221:Libraries/uC-OSIII/os_cfg_app.c **** * Description: This function is used to make sure that debug variables that are unused in the appli
 222:Libraries/uC-OSIII/os_cfg_app.c **** *              optimized away.  This function might not be necessary for all compilers.  In this ca
 223:Libraries/uC-OSIII/os_cfg_app.c **** *              DELETE the code in this function while still leaving the declaration of the function
 224:Libraries/uC-OSIII/os_cfg_app.c **** *
 225:Libraries/uC-OSIII/os_cfg_app.c **** * Arguments  : none
 226:Libraries/uC-OSIII/os_cfg_app.c **** *
 227:Libraries/uC-OSIII/os_cfg_app.c **** * Returns    : none
 228:Libraries/uC-OSIII/os_cfg_app.c **** *
 229:Libraries/uC-OSIII/os_cfg_app.c **** * Note(s)    : (1) This code doesn't do anything, it simply prevents the compiler from optimizing o
 230:Libraries/uC-OSIII/os_cfg_app.c **** *                  variables which are declared in this file.
 231:Libraries/uC-OSIII/os_cfg_app.c **** *              (2) You may decide to 'compile out' the code (by using #if 0/#endif) INSIDE the func
 232:Libraries/uC-OSIII/os_cfg_app.c **** *                  DOES NOT optimize out the 'const' variables above.
 233:Libraries/uC-OSIII/os_cfg_app.c **** ***************************************************************************************************
 234:Libraries/uC-OSIII/os_cfg_app.c **** */
 235:Libraries/uC-OSIII/os_cfg_app.c **** 
 236:Libraries/uC-OSIII/os_cfg_app.c **** void  OSCfg_Init (void)
 237:Libraries/uC-OSIII/os_cfg_app.c **** {
 281              		.loc 1 237 0
 282              		.cfi_startproc
 283              		@ args = 0, pretend = 0, frame = 8
 284              		@ frame_needed = 1, uses_anonymous_args = 0
 285              		@ link register save eliminated.
 286 0000 80B4     		push	{r7}
 287              	.LCFI0:
 288              		.cfi_def_cfa_offset 4
 289              		.cfi_offset 7, -4
 290 0002 83B0     		sub	sp, sp, #12
 291              	.LCFI1:
 292              		.cfi_def_cfa_offset 16
 293 0004 00AF     		add	r7, sp, #0
 294              	.LCFI2:
 295              		.cfi_def_cfa_register 7
 238:Libraries/uC-OSIII/os_cfg_app.c ****     void const *p_temp;
 239:Libraries/uC-OSIII/os_cfg_app.c **** 
 240:Libraries/uC-OSIII/os_cfg_app.c **** 
 241:Libraries/uC-OSIII/os_cfg_app.c ****     p_temp = (void const *)&OSCfg_DataSizeRAM;
 296              		.loc 1 241 0
 297 0006 40F20003 		movw	r3, #:lower16:OSCfg_DataSizeRAM
 298 000a C0F20003 		movt	r3, #:upper16:OSCfg_DataSizeRAM
 299 000e 7B60     		str	r3, [r7, #4]
 242:Libraries/uC-OSIII/os_cfg_app.c **** 
 243:Libraries/uC-OSIII/os_cfg_app.c ****     p_temp = (void const *)&OSCfg_IdleTaskStkBasePtr;
 300              		.loc 1 243 0
 301 0010 40F20003 		movw	r3, #:lower16:OSCfg_IdleTaskStkBasePtr
 302 0014 C0F20003 		movt	r3, #:upper16:OSCfg_IdleTaskStkBasePtr
 303 0018 7B60     		str	r3, [r7, #4]
 244:Libraries/uC-OSIII/os_cfg_app.c ****     p_temp = (void const *)&OSCfg_IdleTaskStkLimit;
 304              		.loc 1 244 0
 305 001a 40F20003 		movw	r3, #:lower16:OSCfg_IdleTaskStkLimit
 306 001e C0F20003 		movt	r3, #:upper16:OSCfg_IdleTaskStkLimit
 307 0022 7B60     		str	r3, [r7, #4]
 245:Libraries/uC-OSIII/os_cfg_app.c ****     p_temp = (void const *)&OSCfg_IdleTaskStkSize;
 308              		.loc 1 245 0
 309 0024 40F20003 		movw	r3, #:lower16:OSCfg_IdleTaskStkSize
 310 0028 C0F20003 		movt	r3, #:upper16:OSCfg_IdleTaskStkSize
 311 002c 7B60     		str	r3, [r7, #4]
 246:Libraries/uC-OSIII/os_cfg_app.c ****     p_temp = (void const *)&OSCfg_IdleTaskStkSizeRAM;
 312              		.loc 1 246 0
 313 002e 40F20003 		movw	r3, #:lower16:OSCfg_IdleTaskStkSizeRAM
 314 0032 C0F20003 		movt	r3, #:upper16:OSCfg_IdleTaskStkSizeRAM
 315 0036 7B60     		str	r3, [r7, #4]
 247:Libraries/uC-OSIII/os_cfg_app.c **** 
 248:Libraries/uC-OSIII/os_cfg_app.c **** #if (OS_CFG_ISR_POST_DEFERRED_EN > 0u)
 249:Libraries/uC-OSIII/os_cfg_app.c ****     p_temp = (void const *)&OSCfg_IntQBasePtr;
 316              		.loc 1 249 0
 317 0038 40F20003 		movw	r3, #:lower16:OSCfg_IntQBasePtr
 318 003c C0F20003 		movt	r3, #:upper16:OSCfg_IntQBasePtr
 319 0040 7B60     		str	r3, [r7, #4]
 250:Libraries/uC-OSIII/os_cfg_app.c ****     p_temp = (void const *)&OSCfg_IntQSize;
 320              		.loc 1 250 0
 321 0042 40F20003 		movw	r3, #:lower16:OSCfg_IntQSize
 322 0046 C0F20003 		movt	r3, #:upper16:OSCfg_IntQSize
 323 004a 7B60     		str	r3, [r7, #4]
 251:Libraries/uC-OSIII/os_cfg_app.c ****     p_temp = (void const *)&OSCfg_IntQSizeRAM;
 324              		.loc 1 251 0
 325 004c 40F20003 		movw	r3, #:lower16:OSCfg_IntQSizeRAM
 326 0050 C0F20003 		movt	r3, #:upper16:OSCfg_IntQSizeRAM
 327 0054 7B60     		str	r3, [r7, #4]
 252:Libraries/uC-OSIII/os_cfg_app.c ****     p_temp = (void const *)&OSCfg_IntQTaskStkBasePtr;
 328              		.loc 1 252 0
 329 0056 40F20003 		movw	r3, #:lower16:OSCfg_IntQTaskStkBasePtr
 330 005a C0F20003 		movt	r3, #:upper16:OSCfg_IntQTaskStkBasePtr
 331 005e 7B60     		str	r3, [r7, #4]
 253:Libraries/uC-OSIII/os_cfg_app.c ****     p_temp = (void const *)&OSCfg_IntQTaskStkLimit;
 332              		.loc 1 253 0
 333 0060 40F20003 		movw	r3, #:lower16:OSCfg_IntQTaskStkLimit
 334 0064 C0F20003 		movt	r3, #:upper16:OSCfg_IntQTaskStkLimit
 335 0068 7B60     		str	r3, [r7, #4]
 254:Libraries/uC-OSIII/os_cfg_app.c ****     p_temp = (void const *)&OSCfg_IntQTaskStkSize;
 336              		.loc 1 254 0
 337 006a 40F20003 		movw	r3, #:lower16:OSCfg_IntQTaskStkSize
 338 006e C0F20003 		movt	r3, #:upper16:OSCfg_IntQTaskStkSize
 339 0072 7B60     		str	r3, [r7, #4]
 255:Libraries/uC-OSIII/os_cfg_app.c ****     p_temp = (void const *)&OSCfg_IntQTaskStkSizeRAM;
 340              		.loc 1 255 0
 341 0074 40F20003 		movw	r3, #:lower16:OSCfg_IntQTaskStkSizeRAM
 342 0078 C0F20003 		movt	r3, #:upper16:OSCfg_IntQTaskStkSizeRAM
 343 007c 7B60     		str	r3, [r7, #4]
 256:Libraries/uC-OSIII/os_cfg_app.c **** #endif
 257:Libraries/uC-OSIII/os_cfg_app.c **** 
 258:Libraries/uC-OSIII/os_cfg_app.c ****     p_temp = (void const *)&OSCfg_ISRStkBasePtr;
 344              		.loc 1 258 0
 345 007e 40F20003 		movw	r3, #:lower16:OSCfg_ISRStkBasePtr
 346 0082 C0F20003 		movt	r3, #:upper16:OSCfg_ISRStkBasePtr
 347 0086 7B60     		str	r3, [r7, #4]
 259:Libraries/uC-OSIII/os_cfg_app.c ****     p_temp = (void const *)&OSCfg_ISRStkSize;
 348              		.loc 1 259 0
 349 0088 40F20003 		movw	r3, #:lower16:OSCfg_ISRStkSize
 350 008c C0F20003 		movt	r3, #:upper16:OSCfg_ISRStkSize
 351 0090 7B60     		str	r3, [r7, #4]
 260:Libraries/uC-OSIII/os_cfg_app.c ****     p_temp = (void const *)&OSCfg_ISRStkSizeRAM;
 352              		.loc 1 260 0
 353 0092 40F20003 		movw	r3, #:lower16:OSCfg_ISRStkSizeRAM
 354 0096 C0F20003 		movt	r3, #:upper16:OSCfg_ISRStkSizeRAM
 355 009a 7B60     		str	r3, [r7, #4]
 261:Libraries/uC-OSIII/os_cfg_app.c **** 
 262:Libraries/uC-OSIII/os_cfg_app.c **** #if (OS_MSG_EN > 0u)
 263:Libraries/uC-OSIII/os_cfg_app.c ****     p_temp = (void const *)&OSCfg_MsgPoolSize;
 356              		.loc 1 263 0
 357 009c 40F20003 		movw	r3, #:lower16:OSCfg_MsgPoolSize
 358 00a0 C0F20003 		movt	r3, #:upper16:OSCfg_MsgPoolSize
 359 00a4 7B60     		str	r3, [r7, #4]
 264:Libraries/uC-OSIII/os_cfg_app.c ****     p_temp = (void const *)&OSCfg_MsgPoolSizeRAM;
 360              		.loc 1 264 0
 361 00a6 40F20003 		movw	r3, #:lower16:OSCfg_MsgPoolSizeRAM
 362 00aa C0F20003 		movt	r3, #:upper16:OSCfg_MsgPoolSizeRAM
 363 00ae 7B60     		str	r3, [r7, #4]
 265:Libraries/uC-OSIII/os_cfg_app.c ****     p_temp = (void const *)&OSCfg_MsgPoolBasePtr;
 364              		.loc 1 265 0
 365 00b0 40F20003 		movw	r3, #:lower16:OSCfg_MsgPoolBasePtr
 366 00b4 C0F20003 		movt	r3, #:upper16:OSCfg_MsgPoolBasePtr
 367 00b8 7B60     		str	r3, [r7, #4]
 266:Libraries/uC-OSIII/os_cfg_app.c **** #endif
 267:Libraries/uC-OSIII/os_cfg_app.c **** 
 268:Libraries/uC-OSIII/os_cfg_app.c **** #if (OS_CFG_STAT_TASK_EN > 0u)
 269:Libraries/uC-OSIII/os_cfg_app.c ****     p_temp = (void const *)&OSCfg_StatTaskPrio;
 368              		.loc 1 269 0
 369 00ba 40F20003 		movw	r3, #:lower16:OSCfg_StatTaskPrio
 370 00be C0F20003 		movt	r3, #:upper16:OSCfg_StatTaskPrio
 371 00c2 7B60     		str	r3, [r7, #4]
 270:Libraries/uC-OSIII/os_cfg_app.c ****     p_temp = (void const *)&OSCfg_StatTaskRate_Hz;
 372              		.loc 1 270 0
 373 00c4 40F20003 		movw	r3, #:lower16:OSCfg_StatTaskRate_Hz
 374 00c8 C0F20003 		movt	r3, #:upper16:OSCfg_StatTaskRate_Hz
 375 00cc 7B60     		str	r3, [r7, #4]
 271:Libraries/uC-OSIII/os_cfg_app.c ****     p_temp = (void const *)&OSCfg_StatTaskStkBasePtr;
 376              		.loc 1 271 0
 377 00ce 40F20003 		movw	r3, #:lower16:OSCfg_StatTaskStkBasePtr
 378 00d2 C0F20003 		movt	r3, #:upper16:OSCfg_StatTaskStkBasePtr
 379 00d6 7B60     		str	r3, [r7, #4]
 272:Libraries/uC-OSIII/os_cfg_app.c ****     p_temp = (void const *)&OSCfg_StatTaskStkLimit;
 380              		.loc 1 272 0
 381 00d8 40F20003 		movw	r3, #:lower16:OSCfg_StatTaskStkLimit
 382 00dc C0F20003 		movt	r3, #:upper16:OSCfg_StatTaskStkLimit
 383 00e0 7B60     		str	r3, [r7, #4]
 273:Libraries/uC-OSIII/os_cfg_app.c ****     p_temp = (void const *)&OSCfg_StatTaskStkSize;
 384              		.loc 1 273 0
 385 00e2 40F20003 		movw	r3, #:lower16:OSCfg_StatTaskStkSize
 386 00e6 C0F20003 		movt	r3, #:upper16:OSCfg_StatTaskStkSize
 387 00ea 7B60     		str	r3, [r7, #4]
 274:Libraries/uC-OSIII/os_cfg_app.c ****     p_temp = (void const *)&OSCfg_StatTaskStkSizeRAM;
 388              		.loc 1 274 0
 389 00ec 40F20003 		movw	r3, #:lower16:OSCfg_StatTaskStkSizeRAM
 390 00f0 C0F20003 		movt	r3, #:upper16:OSCfg_StatTaskStkSizeRAM
 391 00f4 7B60     		str	r3, [r7, #4]
 275:Libraries/uC-OSIII/os_cfg_app.c **** #endif
 276:Libraries/uC-OSIII/os_cfg_app.c **** 
 277:Libraries/uC-OSIII/os_cfg_app.c ****     p_temp = (void const *)&OSCfg_StkSizeMin;
 392              		.loc 1 277 0
 393 00f6 40F20003 		movw	r3, #:lower16:OSCfg_StkSizeMin
 394 00fa C0F20003 		movt	r3, #:upper16:OSCfg_StkSizeMin
 395 00fe 7B60     		str	r3, [r7, #4]
 278:Libraries/uC-OSIII/os_cfg_app.c **** 
 279:Libraries/uC-OSIII/os_cfg_app.c ****     p_temp = (void const *)&OSCfg_TickRate_Hz;
 396              		.loc 1 279 0
 397 0100 40F20003 		movw	r3, #:lower16:OSCfg_TickRate_Hz
 398 0104 C0F20003 		movt	r3, #:upper16:OSCfg_TickRate_Hz
 399 0108 7B60     		str	r3, [r7, #4]
 280:Libraries/uC-OSIII/os_cfg_app.c ****     p_temp = (void const *)&OSCfg_TickTaskPrio;
 400              		.loc 1 280 0
 401 010a 40F20003 		movw	r3, #:lower16:OSCfg_TickTaskPrio
 402 010e C0F20003 		movt	r3, #:upper16:OSCfg_TickTaskPrio
 403 0112 7B60     		str	r3, [r7, #4]
 281:Libraries/uC-OSIII/os_cfg_app.c ****     p_temp = (void const *)&OSCfg_TickTaskStkBasePtr;
 404              		.loc 1 281 0
 405 0114 40F20003 		movw	r3, #:lower16:OSCfg_TickTaskStkBasePtr
 406 0118 C0F20003 		movt	r3, #:upper16:OSCfg_TickTaskStkBasePtr
 407 011c 7B60     		str	r3, [r7, #4]
 282:Libraries/uC-OSIII/os_cfg_app.c ****     p_temp = (void const *)&OSCfg_TickTaskStkLimit;
 408              		.loc 1 282 0
 409 011e 40F20003 		movw	r3, #:lower16:OSCfg_TickTaskStkLimit
 410 0122 C0F20003 		movt	r3, #:upper16:OSCfg_TickTaskStkLimit
 411 0126 7B60     		str	r3, [r7, #4]
 283:Libraries/uC-OSIII/os_cfg_app.c ****     p_temp = (void const *)&OSCfg_TickTaskStkSize;
 412              		.loc 1 283 0
 413 0128 40F20003 		movw	r3, #:lower16:OSCfg_TickTaskStkSize
 414 012c C0F20003 		movt	r3, #:upper16:OSCfg_TickTaskStkSize
 415 0130 7B60     		str	r3, [r7, #4]
 284:Libraries/uC-OSIII/os_cfg_app.c ****     p_temp = (void const *)&OSCfg_TickTaskStkSizeRAM;
 416              		.loc 1 284 0
 417 0132 40F20003 		movw	r3, #:lower16:OSCfg_TickTaskStkSizeRAM
 418 0136 C0F20003 		movt	r3, #:upper16:OSCfg_TickTaskStkSizeRAM
 419 013a 7B60     		str	r3, [r7, #4]
 285:Libraries/uC-OSIII/os_cfg_app.c ****     p_temp = (void const *)&OSCfg_TickWheelSize;
 420              		.loc 1 285 0
 421 013c 40F20003 		movw	r3, #:lower16:OSCfg_TickWheelSize
 422 0140 C0F20003 		movt	r3, #:upper16:OSCfg_TickWheelSize
 423 0144 7B60     		str	r3, [r7, #4]
 286:Libraries/uC-OSIII/os_cfg_app.c ****     p_temp = (void const *)&OSCfg_TickWheelSizeRAM;
 424              		.loc 1 286 0
 425 0146 40F20003 		movw	r3, #:lower16:OSCfg_TickWheelSizeRAM
 426 014a C0F20003 		movt	r3, #:upper16:OSCfg_TickWheelSizeRAM
 427 014e 7B60     		str	r3, [r7, #4]
 287:Libraries/uC-OSIII/os_cfg_app.c **** 
 288:Libraries/uC-OSIII/os_cfg_app.c **** #if (OS_CFG_TMR_EN > 0u)
 289:Libraries/uC-OSIII/os_cfg_app.c ****     p_temp = (void const *)&OSCfg_TmrTaskPrio;
 428              		.loc 1 289 0
 429 0150 40F20003 		movw	r3, #:lower16:OSCfg_TmrTaskPrio
 430 0154 C0F20003 		movt	r3, #:upper16:OSCfg_TmrTaskPrio
 431 0158 7B60     		str	r3, [r7, #4]
 290:Libraries/uC-OSIII/os_cfg_app.c ****     p_temp = (void const *)&OSCfg_TmrTaskRate_Hz;
 432              		.loc 1 290 0
 433 015a 40F20003 		movw	r3, #:lower16:OSCfg_TmrTaskRate_Hz
 434 015e C0F20003 		movt	r3, #:upper16:OSCfg_TmrTaskRate_Hz
 435 0162 7B60     		str	r3, [r7, #4]
 291:Libraries/uC-OSIII/os_cfg_app.c ****     p_temp = (void const *)&OSCfg_TmrTaskStkBasePtr;
 436              		.loc 1 291 0
 437 0164 40F20003 		movw	r3, #:lower16:OSCfg_TmrTaskStkBasePtr
 438 0168 C0F20003 		movt	r3, #:upper16:OSCfg_TmrTaskStkBasePtr
 439 016c 7B60     		str	r3, [r7, #4]
 292:Libraries/uC-OSIII/os_cfg_app.c ****     p_temp = (void const *)&OSCfg_TmrTaskStkLimit;
 440              		.loc 1 292 0
 441 016e 40F20003 		movw	r3, #:lower16:OSCfg_TmrTaskStkLimit
 442 0172 C0F20003 		movt	r3, #:upper16:OSCfg_TmrTaskStkLimit
 443 0176 7B60     		str	r3, [r7, #4]
 293:Libraries/uC-OSIII/os_cfg_app.c ****     p_temp = (void const *)&OSCfg_TmrTaskStkSize;
 444              		.loc 1 293 0
 445 0178 40F20003 		movw	r3, #:lower16:OSCfg_TmrTaskStkSize
 446 017c C0F20003 		movt	r3, #:upper16:OSCfg_TmrTaskStkSize
 447 0180 7B60     		str	r3, [r7, #4]
 294:Libraries/uC-OSIII/os_cfg_app.c ****     p_temp = (void const *)&OSCfg_TmrTaskStkSizeRAM;
 448              		.loc 1 294 0
 449 0182 40F20003 		movw	r3, #:lower16:OSCfg_TmrTaskStkSizeRAM
 450 0186 C0F20003 		movt	r3, #:upper16:OSCfg_TmrTaskStkSizeRAM
 451 018a 7B60     		str	r3, [r7, #4]
 295:Libraries/uC-OSIII/os_cfg_app.c ****     p_temp = (void const *)&OSCfg_TmrWheelSize;
 452              		.loc 1 295 0
 453 018c 40F20003 		movw	r3, #:lower16:OSCfg_TmrWheelSize
 454 0190 C0F20003 		movt	r3, #:upper16:OSCfg_TmrWheelSize
 455 0194 7B60     		str	r3, [r7, #4]
 296:Libraries/uC-OSIII/os_cfg_app.c ****     p_temp = (void const *)&OSCfg_TmrWheelSizeRAM;
 456              		.loc 1 296 0
 457 0196 40F20003 		movw	r3, #:lower16:OSCfg_TmrWheelSizeRAM
 458 019a C0F20003 		movt	r3, #:upper16:OSCfg_TmrWheelSizeRAM
 459 019e 7B60     		str	r3, [r7, #4]
 297:Libraries/uC-OSIII/os_cfg_app.c **** #endif
 298:Libraries/uC-OSIII/os_cfg_app.c ****     p_temp = p_temp;
 299:Libraries/uC-OSIII/os_cfg_app.c **** }
 460              		.loc 1 299 0
 461 01a0 07F10C07 		add	r7, r7, #12
 462 01a4 BD46     		mov	sp, r7
 463 01a6 80BC     		pop	{r7}
 464 01a8 7047     		bx	lr
 465              		.cfi_endproc
 466              	.LFE0:
 468              	.Letext0:
 469              		.file 2 "Libraries/uC-CPU/cpu.h"
 470              		.file 3 "Libraries/uC-CPU/cpu_core.h"
 471              		.file 4 "Libraries/uC-OSIII/os_type.h"
 472              		.file 5 "Libraries/uC-OSIII/os.h"
DEFINED SYMBOLS
                            *ABS*:00000000 os_cfg_app.c
                            *COM*:00000200 OSCfg_IdleTaskStk
                            *COM*:00000140 OSCfg_IntQ
                            *COM*:00000200 OSCfg_IntQTaskStk
                            *COM*:00000400 OSCfg_ISRStk
                            *COM*:00000640 OSCfg_MsgPool
                            *COM*:00000200 OSCfg_StatTaskStk
                            *COM*:00000200 OSCfg_TickTaskStk
                            *COM*:00000088 OSCfg_TickWheel
                            *COM*:00000200 OSCfg_TmrTaskStk
                            *COM*:00000088 OSCfg_TmrWheel
     /tmp/cc98C3Cv.s:33     .rodata:00000000 OSCfg_IdleTaskStkBasePtr
     /tmp/cc98C3Cv.s:30     .rodata:00000000 $d
     /tmp/cc98C3Cv.s:39     .rodata:00000004 OSCfg_IdleTaskStkLimit
     /tmp/cc98C3Cv.s:45     .rodata:00000008 OSCfg_IdleTaskStkSize
     /tmp/cc98C3Cv.s:51     .rodata:0000000c OSCfg_IdleTaskStkSizeRAM
     /tmp/cc98C3Cv.s:57     .rodata:00000010 OSCfg_IntQBasePtr
     /tmp/cc98C3Cv.s:63     .rodata:00000014 OSCfg_IntQSize
     /tmp/cc98C3Cv.s:69     .rodata:00000018 OSCfg_IntQSizeRAM
     /tmp/cc98C3Cv.s:75     .rodata:0000001c OSCfg_IntQTaskStkBasePtr
     /tmp/cc98C3Cv.s:81     .rodata:00000020 OSCfg_IntQTaskStkLimit
     /tmp/cc98C3Cv.s:87     .rodata:00000024 OSCfg_IntQTaskStkSize
     /tmp/cc98C3Cv.s:93     .rodata:00000028 OSCfg_IntQTaskStkSizeRAM
     /tmp/cc98C3Cv.s:99     .rodata:0000002c OSCfg_ISRStkBasePtr
     /tmp/cc98C3Cv.s:105    .rodata:00000030 OSCfg_ISRStkSize
     /tmp/cc98C3Cv.s:111    .rodata:00000034 OSCfg_ISRStkSizeRAM
     /tmp/cc98C3Cv.s:117    .rodata:00000038 OSCfg_MsgPoolSize
     /tmp/cc98C3Cv.s:123    .rodata:0000003c OSCfg_MsgPoolSizeRAM
     /tmp/cc98C3Cv.s:129    .rodata:00000040 OSCfg_MsgPoolBasePtr
     /tmp/cc98C3Cv.s:134    .rodata:00000044 OSCfg_StatTaskPrio
     /tmp/cc98C3Cv.s:140    .rodata:00000048 OSCfg_StatTaskRate_Hz
     /tmp/cc98C3Cv.s:146    .rodata:0000004c OSCfg_StatTaskStkBasePtr
     /tmp/cc98C3Cv.s:152    .rodata:00000050 OSCfg_StatTaskStkLimit
     /tmp/cc98C3Cv.s:158    .rodata:00000054 OSCfg_StatTaskStkSize
     /tmp/cc98C3Cv.s:164    .rodata:00000058 OSCfg_StatTaskStkSizeRAM
     /tmp/cc98C3Cv.s:170    .rodata:0000005c OSCfg_StkSizeMin
     /tmp/cc98C3Cv.s:176    .rodata:00000060 OSCfg_TickRate_Hz
     /tmp/cc98C3Cv.s:181    .rodata:00000064 OSCfg_TickTaskPrio
     /tmp/cc98C3Cv.s:187    .rodata:00000068 OSCfg_TickTaskStkBasePtr
     /tmp/cc98C3Cv.s:193    .rodata:0000006c OSCfg_TickTaskStkLimit
     /tmp/cc98C3Cv.s:199    .rodata:00000070 OSCfg_TickTaskStkSize
     /tmp/cc98C3Cv.s:205    .rodata:00000074 OSCfg_TickTaskStkSizeRAM
     /tmp/cc98C3Cv.s:211    .rodata:00000078 OSCfg_TickWheelSize
     /tmp/cc98C3Cv.s:217    .rodata:0000007c OSCfg_TickWheelSizeRAM
     /tmp/cc98C3Cv.s:222    .rodata:00000080 OSCfg_TmrTaskPrio
     /tmp/cc98C3Cv.s:228    .rodata:00000084 OSCfg_TmrTaskRate_Hz
     /tmp/cc98C3Cv.s:234    .rodata:00000088 OSCfg_TmrTaskStkBasePtr
     /tmp/cc98C3Cv.s:240    .rodata:0000008c OSCfg_TmrTaskStkLimit
     /tmp/cc98C3Cv.s:246    .rodata:00000090 OSCfg_TmrTaskStkSize
     /tmp/cc98C3Cv.s:252    .rodata:00000094 OSCfg_TmrTaskStkSizeRAM
     /tmp/cc98C3Cv.s:258    .rodata:00000098 OSCfg_TmrWheelSize
     /tmp/cc98C3Cv.s:264    .rodata:0000009c OSCfg_TmrWheelSizeRAM
     /tmp/cc98C3Cv.s:270    .rodata:000000a0 OSCfg_DataSizeRAM
     /tmp/cc98C3Cv.s:273    .text:00000000 $t
     /tmp/cc98C3Cv.s:278    .text:00000000 OSCfg_Init
                     .debug_frame:00000010 $d

NO UNDEFINED SYMBOLS
