   1              		.syntax unified
   2              		.cpu cortex-m3
   3              		.fpu softvfp
   4              		.eabi_attribute 20, 1
   5              		.eabi_attribute 21, 1
   6              		.eabi_attribute 23, 3
   7              		.eabi_attribute 24, 1
   8              		.eabi_attribute 25, 1
   9              		.eabi_attribute 26, 1
  10              		.eabi_attribute 30, 6
  11              		.eabi_attribute 34, 1
  12              		.eabi_attribute 18, 4
  13              		.thumb
  14              		.file	"os_dbg.c"
  15              		.text
  16              	.Ltext0:
  17              		.cfi_sections	.debug_frame
  18              		.global	OSDbg_DbgEn
  19              		.section	.rodata
  20              		.align	1
  23              	OSDbg_DbgEn:
  24 0000 0100     		.short	1
  25              		.global	OSDbg_ArgChkEn
  28              	OSDbg_ArgChkEn:
  29 0002 01       		.byte	1
  30              		.global	OSDbg_AppHooksEn
  33              	OSDbg_AppHooksEn:
  34 0003 01       		.byte	1
  35              		.global	OSDbg_EndiannessTest
  36              		.align	2
  39              	OSDbg_EndiannessTest:
  40 0004 78563412 		.word	305419896
  41              		.global	OSDbg_CalledFromISRChkEn
  44              	OSDbg_CalledFromISRChkEn:
  45 0008 01       		.byte	1
  46              		.global	OSDbg_FlagEn
  49              	OSDbg_FlagEn:
  50 0009 01       		.byte	1
  51              		.global	OSDbg_FlagGrp
  52 000a 0000     		.align	2
  55              	OSDbg_FlagGrp:
  56 000c 00000000 		.space	40
  56      00000000 
  56      00000000 
  56      00000000 
  56      00000000 
  57              		.global	OSDbg_FlagDelEn
  60              	OSDbg_FlagDelEn:
  61 0034 01       		.byte	1
  62              		.global	OSDbg_FlagModeClrEn
  65              	OSDbg_FlagModeClrEn:
  66 0035 01       		.byte	1
  67              		.global	OSDbg_FlagPendAbortEn
  70              	OSDbg_FlagPendAbortEn:
  71 0036 01       		.byte	1
  72              		.global	OSDbg_FlagGrpSize
  73 0037 00       		.align	1
  76              	OSDbg_FlagGrpSize:
  77 0038 2800     		.short	40
  78              		.global	OSDbg_FlagWidth
  79              		.align	1
  82              	OSDbg_FlagWidth:
  83 003a 0400     		.short	4
  84              		.global	OSDbg_IntQ
  85              		.align	1
  88              	OSDbg_IntQ:
  89 003c 2000     		.short	32
  90              		.global	OSDbg_ISRPostDeferredEn
  93              	OSDbg_ISRPostDeferredEn:
  94 003e 01       		.byte	1
  95              		.global	OSDbg_Mem
  96 003f 00       		.align	2
  99              	OSDbg_Mem:
 100 0040 00000000 		.space	32
 100      00000000 
 100      00000000 
 100      00000000 
 100      00000000 
 101              		.global	OSDbg_MemEn
 104              	OSDbg_MemEn:
 105 0060 01       		.byte	1
 106              		.global	OSDbg_MemSize
 107 0061 00       		.align	1
 110              	OSDbg_MemSize:
 111 0062 2000     		.short	32
 112              		.global	OSDbg_MsgEn
 115              	OSDbg_MsgEn:
 116 0064 01       		.byte	1
 117              		.global	OSDbg_MsgSize
 118 0065 00       		.align	1
 121              	OSDbg_MsgSize:
 122 0066 1000     		.short	16
 123              		.global	OSDbg_MsgPoolSize
 124              		.align	1
 127              	OSDbg_MsgPoolSize:
 128 0068 0800     		.short	8
 129              		.global	OSDbg_MsgQSize
 130              		.align	1
 133              	OSDbg_MsgQSize:
 134 006a 1000     		.short	16
 135              		.global	OSDbg_Mutex
 136              		.align	2
 139              	OSDbg_Mutex:
 140 006c 00000000 		.space	44
 140      00000000 
 140      00000000 
 140      00000000 
 140      00000000 
 141              		.global	OSDbg_MutexEn
 144              	OSDbg_MutexEn:
 145 0098 01       		.byte	1
 146              		.global	OSDbg_MutexDelEn
 149              	OSDbg_MutexDelEn:
 150 0099 01       		.byte	1
 151              		.global	OSDbg_MutexPendAbortEn
 154              	OSDbg_MutexPendAbortEn:
 155 009a 01       		.byte	1
 156              		.global	OSDbg_MutexSize
 157 009b 00       		.align	1
 160              	OSDbg_MutexSize:
 161 009c 2C00     		.short	44
 162              		.global	OSDbg_ObjTypeChkEn
 165              	OSDbg_ObjTypeChkEn:
 166 009e 01       		.byte	1
 167              		.global	OSDbg_PendMultiEn
 170              	OSDbg_PendMultiEn:
 171 009f 01       		.byte	1
 172              		.global	OSDbg_PendDataSize
 173              		.align	1
 176              	OSDbg_PendDataSize:
 177 00a0 2000     		.short	32
 178              		.global	OSDbg_PendListSize
 179              		.align	1
 182              	OSDbg_PendListSize:
 183 00a2 0C00     		.short	12
 184              		.global	OSDbg_PendObjSize
 185              		.align	1
 188              	OSDbg_PendObjSize:
 189 00a4 2000     		.short	32
 190              		.global	OSDbg_PrioMax
 191              		.align	1
 194              	OSDbg_PrioMax:
 195 00a6 4000     		.short	64
 196              		.global	OSDbg_PrioTblSize
 197              		.align	1
 200              	OSDbg_PrioTblSize:
 201 00a8 0800     		.short	8
 202              		.global	OSDbg_PtrSize
 203              		.align	1
 206              	OSDbg_PtrSize:
 207 00aa 0400     		.short	4
 208              		.global	OSDbg_Q
 209              		.align	2
 212              	OSDbg_Q:
 213 00ac 00000000 		.space	48
 213      00000000 
 213      00000000 
 213      00000000 
 213      00000000 
 214              		.global	OSDbg_QEn
 217              	OSDbg_QEn:
 218 00dc 01       		.byte	1
 219              		.global	OSDbg_QDelEn
 222              	OSDbg_QDelEn:
 223 00dd 01       		.byte	1
 224              		.global	OSDbg_QFlushEn
 227              	OSDbg_QFlushEn:
 228 00de 01       		.byte	1
 229              		.global	OSDbg_QPendAbortEn
 232              	OSDbg_QPendAbortEn:
 233 00df 01       		.byte	1
 234              		.global	OSDbg_QSize
 235              		.align	1
 238              	OSDbg_QSize:
 239 00e0 3000     		.short	48
 240              		.global	OSDbg_SchedRoundRobinEn
 243              	OSDbg_SchedRoundRobinEn:
 244 00e2 01       		.byte	1
 245              		.global	OSDbg_Sem
 246 00e3 00       		.align	2
 249              	OSDbg_Sem:
 250 00e4 00000000 		.space	40
 250      00000000 
 250      00000000 
 250      00000000 
 250      00000000 
 251              		.global	OSDbg_SemEn
 254              	OSDbg_SemEn:
 255 010c 01       		.byte	1
 256              		.global	OSDbg_SemDelEn
 259              	OSDbg_SemDelEn:
 260 010d 01       		.byte	1
 261              		.global	OSDbg_SemPendAbortEn
 264              	OSDbg_SemPendAbortEn:
 265 010e 01       		.byte	1
 266              		.global	OSDbg_SemSetEn
 269              	OSDbg_SemSetEn:
 270 010f 01       		.byte	1
 271              		.global	OSDbg_SemSize
 272              		.align	1
 275              	OSDbg_SemSize:
 276 0110 2800     		.short	40
 277              		.global	OSDbg_RdyList
 278              		.align	1
 281              	OSDbg_RdyList:
 282 0112 0C00     		.short	12
 283              		.global	OSDbg_RdyListSize
 284              		.align	2
 287              	OSDbg_RdyListSize:
 288 0114 00030000 		.word	768
 289              		.global	OSDbg_StkWidth
 292              	OSDbg_StkWidth:
 293 0118 04       		.byte	4
 294              		.global	OSDbg_StatTaskEn
 297              	OSDbg_StatTaskEn:
 298 0119 01       		.byte	1
 299              		.global	OSDbg_StatTaskStkChkEn
 302              	OSDbg_StatTaskStkChkEn:
 303 011a 01       		.byte	1
 304              		.global	OSDbg_TaskChangePrioEn
 307              	OSDbg_TaskChangePrioEn:
 308 011b 01       		.byte	1
 309              		.global	OSDbg_TaskDelEn
 312              	OSDbg_TaskDelEn:
 313 011c 01       		.byte	1
 314              		.global	OSDbg_TaskQEn
 317              	OSDbg_TaskQEn:
 318 011d 01       		.byte	1
 319              		.global	OSDbg_TaskQPendAbortEn
 322              	OSDbg_TaskQPendAbortEn:
 323 011e 01       		.byte	1
 324              		.global	OSDbg_TaskProfileEn
 327              	OSDbg_TaskProfileEn:
 328 011f 01       		.byte	1
 329              		.global	OSDbg_TaskRegTblSize
 330              		.align	1
 333              	OSDbg_TaskRegTblSize:
 334 0120 0100     		.short	1
 335              		.global	OSDbg_TaskSemPendAbortEn
 338              	OSDbg_TaskSemPendAbortEn:
 339 0122 01       		.byte	1
 340              		.global	OSDbg_TaskSuspendEn
 343              	OSDbg_TaskSuspendEn:
 344 0123 01       		.byte	1
 345              		.global	OSDbg_TCBSize
 346              		.align	1
 349              	OSDbg_TCBSize:
 350 0124 D000     		.short	208
 351              		.global	OSDbg_TickSpokeSize
 352              		.align	1
 355              	OSDbg_TickSpokeSize:
 356 0126 0800     		.short	8
 357              		.global	OSDbg_TimeDlyHMSMEn
 360              	OSDbg_TimeDlyHMSMEn:
 361 0128 01       		.byte	1
 362              		.global	OSDbg_TimeDlyResumeEn
 365              	OSDbg_TimeDlyResumeEn:
 366 0129 01       		.byte	1
 367              		.global	OSDbg_Tmr
 368 012a 0000     		.align	2
 371              	OSDbg_Tmr:
 372 012c 00000000 		.space	52
 372      00000000 
 372      00000000 
 372      00000000 
 372      00000000 
 373              		.global	OSDbg_TmrEn
 376              	OSDbg_TmrEn:
 377 0160 01       		.byte	1
 378              		.global	OSDbg_TmrDelEn
 381              	OSDbg_TmrDelEn:
 382 0161 01       		.byte	1
 383              		.global	OSDbg_TmrSize
 384              		.align	1
 387              	OSDbg_TmrSize:
 388 0162 3400     		.short	52
 389              		.global	OSDbg_TmrSpokeSize
 390              		.align	1
 393              	OSDbg_TmrSpokeSize:
 394 0164 0800     		.short	8
 395              		.global	OSDbg_VersionNbr
 396              		.align	1
 399              	OSDbg_VersionNbr:
 400 0166 C40B     		.short	3012
 401              		.global	OSDbg_DataSize
 402              		.align	2
 405              	OSDbg_DataSize:
 406 0168 9C070000 		.word	1948
 407              		.text
 408              		.align	2
 409              		.global	OS_Dbg_Init
 410              		.thumb
 411              		.thumb_func
 413              	OS_Dbg_Init:
 414              	.LFB0:
 415              		.file 1 "Libraries/uC-OSIII/os_dbg.c"
   1:Libraries/uC-OSIII/os_dbg.c **** /*
   2:Libraries/uC-OSIII/os_dbg.c **** ***************************************************************************************************
   3:Libraries/uC-OSIII/os_dbg.c **** *                                                      uC/OS-III
   4:Libraries/uC-OSIII/os_dbg.c **** *                                                 The Real-Time Kernel
   5:Libraries/uC-OSIII/os_dbg.c **** *
   6:Libraries/uC-OSIII/os_dbg.c **** *                                  (c) Copyright 2009-2010; Micrium, Inc.; Weston, FL
   7:Libraries/uC-OSIII/os_dbg.c **** *                          All rights reserved.  Protected by international copyright laws.
   8:Libraries/uC-OSIII/os_dbg.c **** *
   9:Libraries/uC-OSIII/os_dbg.c **** *                                                  DEBUGGER CONSTANTS
  10:Libraries/uC-OSIII/os_dbg.c **** *
  11:Libraries/uC-OSIII/os_dbg.c **** * File    : OS_DBG_R.C
  12:Libraries/uC-OSIII/os_dbg.c **** * By      : JJL
  13:Libraries/uC-OSIII/os_dbg.c **** * Version : V3.01.2
  14:Libraries/uC-OSIII/os_dbg.c **** *
  15:Libraries/uC-OSIII/os_dbg.c **** * LICENSING TERMS:
  16:Libraries/uC-OSIII/os_dbg.c **** * ---------------
  17:Libraries/uC-OSIII/os_dbg.c **** *               uC/OS-III is provided in source form to registered licensees ONLY.  It is
  18:Libraries/uC-OSIII/os_dbg.c **** *               illegal to distribute this source code to any third party unless you receive
  19:Libraries/uC-OSIII/os_dbg.c **** *               written permission by an authorized Micrium representative.  Knowledge of
  20:Libraries/uC-OSIII/os_dbg.c **** *               the source code may NOT be used to develop a similar product.
  21:Libraries/uC-OSIII/os_dbg.c **** *
  22:Libraries/uC-OSIII/os_dbg.c **** *               Please help us continue to provide the Embedded community with the finest
  23:Libraries/uC-OSIII/os_dbg.c **** *               software available.  Your honesty is greatly appreciated.
  24:Libraries/uC-OSIII/os_dbg.c **** *
  25:Libraries/uC-OSIII/os_dbg.c **** *               You can contact us at www.micrium.com.
  26:Libraries/uC-OSIII/os_dbg.c **** ***************************************************************************************************
  27:Libraries/uC-OSIII/os_dbg.c **** */
  28:Libraries/uC-OSIII/os_dbg.c **** 
  29:Libraries/uC-OSIII/os_dbg.c **** #include <os.h>
  30:Libraries/uC-OSIII/os_dbg.c **** 
  31:Libraries/uC-OSIII/os_dbg.c **** #ifdef VSC_INCLUDE_SOURCE_FILE_NAMES
  32:Libraries/uC-OSIII/os_dbg.c **** const  CPU_CHAR  *os_dbg__c = "$Id: $";
  33:Libraries/uC-OSIII/os_dbg.c **** #endif
  34:Libraries/uC-OSIII/os_dbg.c **** 
  35:Libraries/uC-OSIII/os_dbg.c **** CPU_INT16U  const  OSDbg_DbgEn                 = OS_CFG_DBG_EN;                /* Debug constants a
  36:Libraries/uC-OSIII/os_dbg.c **** 
  37:Libraries/uC-OSIII/os_dbg.c **** #if OS_CFG_DBG_EN > 0u
  38:Libraries/uC-OSIII/os_dbg.c **** 
  39:Libraries/uC-OSIII/os_dbg.c **** /*
  40:Libraries/uC-OSIII/os_dbg.c **** ***************************************************************************************************
  41:Libraries/uC-OSIII/os_dbg.c **** *                                                      DEBUG DATA
  42:Libraries/uC-OSIII/os_dbg.c **** ***************************************************************************************************
  43:Libraries/uC-OSIII/os_dbg.c **** */
  44:Libraries/uC-OSIII/os_dbg.c **** 
  45:Libraries/uC-OSIII/os_dbg.c **** CPU_INT08U  const  OSDbg_ArgChkEn              = OS_CFG_ARG_CHK_EN;
  46:Libraries/uC-OSIII/os_dbg.c **** CPU_INT08U  const  OSDbg_AppHooksEn            = OS_CFG_APP_HOOKS_EN;
  47:Libraries/uC-OSIII/os_dbg.c **** 
  48:Libraries/uC-OSIII/os_dbg.c **** CPU_INT32U  const  OSDbg_EndiannessTest        = 0x12345678LU;                 /* Variable to test 
  49:Libraries/uC-OSIII/os_dbg.c **** 
  50:Libraries/uC-OSIII/os_dbg.c **** CPU_INT08U  const  OSDbg_CalledFromISRChkEn    = OS_CFG_CALLED_FROM_ISR_CHK_EN;
  51:Libraries/uC-OSIII/os_dbg.c **** 
  52:Libraries/uC-OSIII/os_dbg.c **** CPU_INT08U  const  OSDbg_FlagEn                = OS_CFG_FLAG_EN;
  53:Libraries/uC-OSIII/os_dbg.c **** OS_FLAG_GRP const  OSDbg_FlagGrp               = { 0u };
  54:Libraries/uC-OSIII/os_dbg.c **** #if OS_CFG_FLAG_EN > 0u
  55:Libraries/uC-OSIII/os_dbg.c **** CPU_INT08U  const  OSDbg_FlagDelEn             = OS_CFG_FLAG_DEL_EN;
  56:Libraries/uC-OSIII/os_dbg.c **** CPU_INT08U  const  OSDbg_FlagModeClrEn         = OS_CFG_FLAG_MODE_CLR_EN;
  57:Libraries/uC-OSIII/os_dbg.c **** CPU_INT08U  const  OSDbg_FlagPendAbortEn       = OS_CFG_FLAG_PEND_ABORT_EN;
  58:Libraries/uC-OSIII/os_dbg.c **** CPU_INT16U  const  OSDbg_FlagGrpSize           = sizeof(OS_FLAG_GRP);          /* Size in Bytes of 
  59:Libraries/uC-OSIII/os_dbg.c **** CPU_INT16U  const  OSDbg_FlagWidth             = sizeof(OS_FLAGS);             /* Width (in bytes) 
  60:Libraries/uC-OSIII/os_dbg.c **** #else
  61:Libraries/uC-OSIII/os_dbg.c **** CPU_INT08U  const  OSDbg_FlagDelEn             = 0u;
  62:Libraries/uC-OSIII/os_dbg.c **** CPU_INT08U  const  OSDbg_FlagModeClrEn         = 0u;
  63:Libraries/uC-OSIII/os_dbg.c **** CPU_INT08U  const  OSDbg_FlagPendAbortEn       = 0u;
  64:Libraries/uC-OSIII/os_dbg.c **** CPU_INT16U  const  OSDbg_FlagGrpSize           = 0u;
  65:Libraries/uC-OSIII/os_dbg.c **** CPU_INT16U  const  OSDbg_FlagWidth             = 0u;
  66:Libraries/uC-OSIII/os_dbg.c **** #endif
  67:Libraries/uC-OSIII/os_dbg.c **** 
  68:Libraries/uC-OSIII/os_dbg.c **** #if OS_CFG_ISR_POST_DEFERRED_EN > 0u
  69:Libraries/uC-OSIII/os_dbg.c **** CPU_INT16U  const  OSDbg_IntQ                  = sizeof(OS_INT_Q);
  70:Libraries/uC-OSIII/os_dbg.c **** #else
  71:Libraries/uC-OSIII/os_dbg.c **** CPU_INT16U  const  OSDbg_IntQ                  = 0u;
  72:Libraries/uC-OSIII/os_dbg.c **** #endif
  73:Libraries/uC-OSIII/os_dbg.c **** 
  74:Libraries/uC-OSIII/os_dbg.c **** CPU_INT08U  const  OSDbg_ISRPostDeferredEn     = OS_CFG_ISR_POST_DEFERRED_EN;
  75:Libraries/uC-OSIII/os_dbg.c **** 
  76:Libraries/uC-OSIII/os_dbg.c **** OS_MEM      const  OSDbg_Mem                   = { 0u };
  77:Libraries/uC-OSIII/os_dbg.c **** CPU_INT08U  const  OSDbg_MemEn                 = OS_CFG_MEM_EN;
  78:Libraries/uC-OSIII/os_dbg.c **** #if OS_CFG_MEM_EN > 0u
  79:Libraries/uC-OSIII/os_dbg.c **** CPU_INT16U  const  OSDbg_MemSize               = sizeof(OS_MEM);               /* Mem. Partition he
  80:Libraries/uC-OSIII/os_dbg.c **** #else
  81:Libraries/uC-OSIII/os_dbg.c **** CPU_INT16U  const  OSDbg_MemSize               = 0u;
  82:Libraries/uC-OSIII/os_dbg.c **** #endif
  83:Libraries/uC-OSIII/os_dbg.c **** 
  84:Libraries/uC-OSIII/os_dbg.c **** 
  85:Libraries/uC-OSIII/os_dbg.c **** CPU_INT08U  const  OSDbg_MsgEn                 = OS_MSG_EN;
  86:Libraries/uC-OSIII/os_dbg.c **** #if (OS_MSG_EN) > 0u
  87:Libraries/uC-OSIII/os_dbg.c **** CPU_INT16U  const  OSDbg_MsgSize               = sizeof(OS_MSG);               /* OS_MSG size      
  88:Libraries/uC-OSIII/os_dbg.c **** CPU_INT16U  const  OSDbg_MsgPoolSize           = sizeof(OS_MSG_POOL);
  89:Libraries/uC-OSIII/os_dbg.c **** CPU_INT16U  const  OSDbg_MsgQSize              = sizeof(OS_MSG_Q);
  90:Libraries/uC-OSIII/os_dbg.c **** #else
  91:Libraries/uC-OSIII/os_dbg.c **** CPU_INT16U  const  OSDbg_MsgSize               = 0u;
  92:Libraries/uC-OSIII/os_dbg.c **** CPU_INT16U  const  OSDbg_MsgPoolSize           = 0u;
  93:Libraries/uC-OSIII/os_dbg.c **** CPU_INT16U  const  OSDbg_MsgQSize              = 0u;
  94:Libraries/uC-OSIII/os_dbg.c **** #endif
  95:Libraries/uC-OSIII/os_dbg.c **** 
  96:Libraries/uC-OSIII/os_dbg.c **** 
  97:Libraries/uC-OSIII/os_dbg.c **** OS_MUTEX    const  OSDbg_Mutex                 = { 0u };
  98:Libraries/uC-OSIII/os_dbg.c **** CPU_INT08U  const  OSDbg_MutexEn               = OS_CFG_MUTEX_EN;
  99:Libraries/uC-OSIII/os_dbg.c **** #if OS_CFG_MUTEX_EN > 0u
 100:Libraries/uC-OSIII/os_dbg.c **** CPU_INT08U  const  OSDbg_MutexDelEn            = OS_CFG_MUTEX_DEL_EN;
 101:Libraries/uC-OSIII/os_dbg.c **** CPU_INT08U  const  OSDbg_MutexPendAbortEn      = OS_CFG_MUTEX_PEND_ABORT_EN;
 102:Libraries/uC-OSIII/os_dbg.c **** CPU_INT16U  const  OSDbg_MutexSize             = sizeof(OS_MUTEX);             /* Size in bytes of 
 103:Libraries/uC-OSIII/os_dbg.c **** #else
 104:Libraries/uC-OSIII/os_dbg.c **** CPU_INT08U  const  OSDbg_MutexDelEn            = 0u;
 105:Libraries/uC-OSIII/os_dbg.c **** CPU_INT08U  const  OSDbg_MutexPendAbortEn      = 0u;
 106:Libraries/uC-OSIII/os_dbg.c **** CPU_INT16U  const  OSDbg_MutexSize             = 0u;
 107:Libraries/uC-OSIII/os_dbg.c **** #endif
 108:Libraries/uC-OSIII/os_dbg.c **** 
 109:Libraries/uC-OSIII/os_dbg.c **** CPU_INT08U  const  OSDbg_ObjTypeChkEn          = OS_CFG_OBJ_TYPE_CHK_EN;
 110:Libraries/uC-OSIII/os_dbg.c **** 
 111:Libraries/uC-OSIII/os_dbg.c **** 
 112:Libraries/uC-OSIII/os_dbg.c **** CPU_INT08U  const  OSDbg_PendMultiEn           = OS_CFG_PEND_MULTI_EN;
 113:Libraries/uC-OSIII/os_dbg.c **** CPU_INT16U  const  OSDbg_PendDataSize          = sizeof(OS_PEND_DATA);
 114:Libraries/uC-OSIII/os_dbg.c **** CPU_INT16U  const  OSDbg_PendListSize          = sizeof(OS_PEND_LIST);
 115:Libraries/uC-OSIII/os_dbg.c **** CPU_INT16U  const  OSDbg_PendObjSize           = sizeof(OS_PEND_OBJ);
 116:Libraries/uC-OSIII/os_dbg.c **** 
 117:Libraries/uC-OSIII/os_dbg.c **** 
 118:Libraries/uC-OSIII/os_dbg.c **** CPU_INT16U  const  OSDbg_PrioMax               = OS_CFG_PRIO_MAX;              /* Maximum number of
 119:Libraries/uC-OSIII/os_dbg.c **** CPU_INT16U  const  OSDbg_PrioTblSize           = sizeof(OSPrioTbl);
 120:Libraries/uC-OSIII/os_dbg.c **** 
 121:Libraries/uC-OSIII/os_dbg.c **** CPU_INT16U  const  OSDbg_PtrSize               = sizeof(void *);               /* Size in Bytes of 
 122:Libraries/uC-OSIII/os_dbg.c **** 
 123:Libraries/uC-OSIII/os_dbg.c **** 
 124:Libraries/uC-OSIII/os_dbg.c **** OS_Q        const  OSDbg_Q                     = { 0u };
 125:Libraries/uC-OSIII/os_dbg.c **** CPU_INT08U  const  OSDbg_QEn                   = OS_CFG_Q_EN;
 126:Libraries/uC-OSIII/os_dbg.c **** #if OS_CFG_Q_EN > 0u
 127:Libraries/uC-OSIII/os_dbg.c **** CPU_INT08U  const  OSDbg_QDelEn                = OS_CFG_Q_DEL_EN;
 128:Libraries/uC-OSIII/os_dbg.c **** CPU_INT08U  const  OSDbg_QFlushEn              = OS_CFG_Q_FLUSH_EN;
 129:Libraries/uC-OSIII/os_dbg.c **** CPU_INT08U  const  OSDbg_QPendAbortEn          = OS_CFG_Q_PEND_ABORT_EN;
 130:Libraries/uC-OSIII/os_dbg.c **** CPU_INT16U  const  OSDbg_QSize                 = sizeof(OS_Q);                 /* Size in bytes of 
 131:Libraries/uC-OSIII/os_dbg.c **** #else
 132:Libraries/uC-OSIII/os_dbg.c **** CPU_INT08U  const  OSDbg_QDelEn                = 0u;
 133:Libraries/uC-OSIII/os_dbg.c **** CPU_INT08U  const  OSDbg_QFlushEn              = 0u;
 134:Libraries/uC-OSIII/os_dbg.c **** CPU_INT08U  const  OSDbg_QPendAbortEn          = 0u;
 135:Libraries/uC-OSIII/os_dbg.c **** CPU_INT16U  const  OSDbg_QSize                 = 0u;
 136:Libraries/uC-OSIII/os_dbg.c **** #endif
 137:Libraries/uC-OSIII/os_dbg.c **** 
 138:Libraries/uC-OSIII/os_dbg.c **** 
 139:Libraries/uC-OSIII/os_dbg.c **** CPU_INT08U  const  OSDbg_SchedRoundRobinEn     = OS_CFG_SCHED_ROUND_ROBIN_EN;
 140:Libraries/uC-OSIII/os_dbg.c **** 
 141:Libraries/uC-OSIII/os_dbg.c **** 
 142:Libraries/uC-OSIII/os_dbg.c **** OS_SEM      const  OSDbg_Sem                   = { 0u };
 143:Libraries/uC-OSIII/os_dbg.c **** CPU_INT08U  const  OSDbg_SemEn                 = OS_CFG_SEM_EN;
 144:Libraries/uC-OSIII/os_dbg.c **** #if OS_CFG_SEM_EN > 0u
 145:Libraries/uC-OSIII/os_dbg.c **** CPU_INT08U  const  OSDbg_SemDelEn              = OS_CFG_SEM_DEL_EN;
 146:Libraries/uC-OSIII/os_dbg.c **** CPU_INT08U  const  OSDbg_SemPendAbortEn        = OS_CFG_SEM_PEND_ABORT_EN;
 147:Libraries/uC-OSIII/os_dbg.c **** CPU_INT08U  const  OSDbg_SemSetEn              = OS_CFG_SEM_SET_EN;
 148:Libraries/uC-OSIII/os_dbg.c **** CPU_INT16U  const  OSDbg_SemSize               = sizeof(OS_SEM);               /* Size in bytes of 
 149:Libraries/uC-OSIII/os_dbg.c **** #else
 150:Libraries/uC-OSIII/os_dbg.c **** CPU_INT08U  const  OSDbg_SemDelEn              = 0u;
 151:Libraries/uC-OSIII/os_dbg.c **** CPU_INT08U  const  OSDbg_SemPendAbortEn        = 0u;
 152:Libraries/uC-OSIII/os_dbg.c **** CPU_INT08U  const  OSDbg_SemSetEn              = 0u;
 153:Libraries/uC-OSIII/os_dbg.c **** CPU_INT16U  const  OSDbg_SemSize               = 0u;
 154:Libraries/uC-OSIII/os_dbg.c **** #endif
 155:Libraries/uC-OSIII/os_dbg.c **** 
 156:Libraries/uC-OSIII/os_dbg.c **** 
 157:Libraries/uC-OSIII/os_dbg.c **** CPU_INT16U  const  OSDbg_RdyList               = sizeof(OS_RDY_LIST);
 158:Libraries/uC-OSIII/os_dbg.c **** CPU_INT32U  const  OSDbg_RdyListSize           = sizeof(OSRdyList);            /* Number of bytes i
 159:Libraries/uC-OSIII/os_dbg.c **** 
 160:Libraries/uC-OSIII/os_dbg.c **** CPU_INT08U  const  OSDbg_StkWidth              = sizeof(CPU_STK);
 161:Libraries/uC-OSIII/os_dbg.c **** 
 162:Libraries/uC-OSIII/os_dbg.c **** CPU_INT08U  const  OSDbg_StatTaskEn            = OS_CFG_STAT_TASK_EN;
 163:Libraries/uC-OSIII/os_dbg.c **** CPU_INT08U  const  OSDbg_StatTaskStkChkEn      = OS_CFG_STAT_TASK_STK_CHK_EN;
 164:Libraries/uC-OSIII/os_dbg.c **** 
 165:Libraries/uC-OSIII/os_dbg.c **** CPU_INT08U  const  OSDbg_TaskChangePrioEn      = OS_CFG_TASK_CHANGE_PRIO_EN;
 166:Libraries/uC-OSIII/os_dbg.c **** CPU_INT08U  const  OSDbg_TaskDelEn             = OS_CFG_TASK_DEL_EN;
 167:Libraries/uC-OSIII/os_dbg.c **** CPU_INT08U  const  OSDbg_TaskQEn               = OS_CFG_TASK_Q_EN;
 168:Libraries/uC-OSIII/os_dbg.c **** CPU_INT08U  const  OSDbg_TaskQPendAbortEn      = OS_CFG_TASK_Q_PEND_ABORT_EN;
 169:Libraries/uC-OSIII/os_dbg.c **** CPU_INT08U  const  OSDbg_TaskProfileEn         = OS_CFG_TASK_PROFILE_EN;
 170:Libraries/uC-OSIII/os_dbg.c **** CPU_INT16U  const  OSDbg_TaskRegTblSize        = OS_CFG_TASK_REG_TBL_SIZE;
 171:Libraries/uC-OSIII/os_dbg.c **** CPU_INT08U  const  OSDbg_TaskSemPendAbortEn    = OS_CFG_TASK_SEM_PEND_ABORT_EN;
 172:Libraries/uC-OSIII/os_dbg.c **** CPU_INT08U  const  OSDbg_TaskSuspendEn         = OS_CFG_TASK_SUSPEND_EN;
 173:Libraries/uC-OSIII/os_dbg.c **** 
 174:Libraries/uC-OSIII/os_dbg.c **** 
 175:Libraries/uC-OSIII/os_dbg.c **** CPU_INT16U  const  OSDbg_TCBSize               = sizeof(OS_TCB);               /* Size in Bytes of 
 176:Libraries/uC-OSIII/os_dbg.c **** 
 177:Libraries/uC-OSIII/os_dbg.c **** CPU_INT16U  const  OSDbg_TickSpokeSize         = sizeof(OS_TICK_SPOKE);
 178:Libraries/uC-OSIII/os_dbg.c **** 
 179:Libraries/uC-OSIII/os_dbg.c **** CPU_INT08U  const  OSDbg_TimeDlyHMSMEn         = OS_CFG_TIME_DLY_HMSM_EN;
 180:Libraries/uC-OSIII/os_dbg.c **** CPU_INT08U  const  OSDbg_TimeDlyResumeEn       = OS_CFG_TIME_DLY_RESUME_EN;
 181:Libraries/uC-OSIII/os_dbg.c **** 
 182:Libraries/uC-OSIII/os_dbg.c **** 
 183:Libraries/uC-OSIII/os_dbg.c **** OS_TMR      const  OSDbg_Tmr                   = { 0u };
 184:Libraries/uC-OSIII/os_dbg.c **** CPU_INT08U  const  OSDbg_TmrEn                 = OS_CFG_TMR_EN;
 185:Libraries/uC-OSIII/os_dbg.c **** #if OS_CFG_TMR_EN > 0u
 186:Libraries/uC-OSIII/os_dbg.c **** CPU_INT08U  const  OSDbg_TmrDelEn              = OS_CFG_TMR_DEL_EN;
 187:Libraries/uC-OSIII/os_dbg.c **** CPU_INT16U  const  OSDbg_TmrSize               = sizeof(OS_TMR);
 188:Libraries/uC-OSIII/os_dbg.c **** CPU_INT16U  const  OSDbg_TmrSpokeSize          = sizeof(OS_TMR_SPOKE);
 189:Libraries/uC-OSIII/os_dbg.c **** #else
 190:Libraries/uC-OSIII/os_dbg.c **** CPU_INT08U  const  OSDbg_TmrDelEn              = 0u;
 191:Libraries/uC-OSIII/os_dbg.c **** CPU_INT16U  const  OSDbg_TmrSize               = 0u;
 192:Libraries/uC-OSIII/os_dbg.c **** CPU_INT16U  const  OSDbg_TmrSpokeSize          = 0u;
 193:Libraries/uC-OSIII/os_dbg.c **** #endif
 194:Libraries/uC-OSIII/os_dbg.c **** 
 195:Libraries/uC-OSIII/os_dbg.c **** CPU_INT16U  const  OSDbg_VersionNbr            = OS_VERSION;
 196:Libraries/uC-OSIII/os_dbg.c **** 
 197:Libraries/uC-OSIII/os_dbg.c **** /*$PAGE*/
 198:Libraries/uC-OSIII/os_dbg.c **** /*
 199:Libraries/uC-OSIII/os_dbg.c **** ***************************************************************************************************
 200:Libraries/uC-OSIII/os_dbg.c **** *                                                      DEBUG DATA
 201:Libraries/uC-OSIII/os_dbg.c **** *                                     TOTAL DATA SPACE (i.e. RAM) USED BY uC/OS-III
 202:Libraries/uC-OSIII/os_dbg.c **** ***************************************************************************************************
 203:Libraries/uC-OSIII/os_dbg.c **** */
 204:Libraries/uC-OSIII/os_dbg.c **** 
 205:Libraries/uC-OSIII/os_dbg.c **** CPU_INT32U  const  OSDbg_DataSize = sizeof(OSIntNestingCtr)
 206:Libraries/uC-OSIII/os_dbg.c **** 
 207:Libraries/uC-OSIII/os_dbg.c **** #if OS_CFG_APP_HOOKS_EN > 0u
 208:Libraries/uC-OSIII/os_dbg.c ****                                   + sizeof(OS_AppTaskCreateHookPtr)
 209:Libraries/uC-OSIII/os_dbg.c ****                                   + sizeof(OS_AppTaskDelHookPtr)
 210:Libraries/uC-OSIII/os_dbg.c ****                                   + sizeof(OS_AppTaskReturnHookPtr)
 211:Libraries/uC-OSIII/os_dbg.c **** 
 212:Libraries/uC-OSIII/os_dbg.c ****                                   + sizeof(OS_AppIdleTaskHookPtr)
 213:Libraries/uC-OSIII/os_dbg.c ****                                   + sizeof(OS_AppStatTaskHookPtr)
 214:Libraries/uC-OSIII/os_dbg.c ****                                   + sizeof(OS_AppTaskSwHookPtr)
 215:Libraries/uC-OSIII/os_dbg.c ****                                   + sizeof(OS_AppTimeTickHookPtr)
 216:Libraries/uC-OSIII/os_dbg.c **** #endif
 217:Libraries/uC-OSIII/os_dbg.c **** 
 218:Libraries/uC-OSIII/os_dbg.c ****                                   + sizeof(OSIdleTaskCtr)
 219:Libraries/uC-OSIII/os_dbg.c ****                                   + sizeof(OSIdleTaskTCB)
 220:Libraries/uC-OSIII/os_dbg.c **** 
 221:Libraries/uC-OSIII/os_dbg.c **** #if OS_CFG_ISR_POST_DEFERRED_EN > 0u
 222:Libraries/uC-OSIII/os_dbg.c ****                                   + sizeof(OSIntQInPtr)
 223:Libraries/uC-OSIII/os_dbg.c ****                                   + sizeof(OSIntQOutPtr)
 224:Libraries/uC-OSIII/os_dbg.c ****                                   + sizeof(OSIntQNbrEntries)
 225:Libraries/uC-OSIII/os_dbg.c ****                                   + sizeof(OSIntQMaxNbrEntries)
 226:Libraries/uC-OSIII/os_dbg.c ****                                   + sizeof(OSIntQOvfCtr)
 227:Libraries/uC-OSIII/os_dbg.c ****                                   + sizeof(OSIntQTaskTCB)
 228:Libraries/uC-OSIII/os_dbg.c **** #endif
 229:Libraries/uC-OSIII/os_dbg.c **** 
 230:Libraries/uC-OSIII/os_dbg.c ****                                   + sizeof(OSRunning)
 231:Libraries/uC-OSIII/os_dbg.c **** 
 232:Libraries/uC-OSIII/os_dbg.c **** #ifdef OS_SAFETY_CRITICAL_IEC61508
 233:Libraries/uC-OSIII/os_dbg.c ****                                   + sizeof(OSSafetyCriticalStartFlag);
 234:Libraries/uC-OSIII/os_dbg.c **** #endif
 235:Libraries/uC-OSIII/os_dbg.c **** 
 236:Libraries/uC-OSIII/os_dbg.c **** #if OS_CFG_FLAG_EN > 0u
 237:Libraries/uC-OSIII/os_dbg.c ****                                   + sizeof(OSFlagQty)
 238:Libraries/uC-OSIII/os_dbg.c **** #endif
 239:Libraries/uC-OSIII/os_dbg.c **** 
 240:Libraries/uC-OSIII/os_dbg.c **** #if OS_CFG_MEM_EN > 0u
 241:Libraries/uC-OSIII/os_dbg.c ****                                   + sizeof(OSMemQty)
 242:Libraries/uC-OSIII/os_dbg.c **** #endif
 243:Libraries/uC-OSIII/os_dbg.c **** 
 244:Libraries/uC-OSIII/os_dbg.c ****                                   + sizeof(OSMsgPool)
 245:Libraries/uC-OSIII/os_dbg.c **** 
 246:Libraries/uC-OSIII/os_dbg.c **** #if OS_CFG_MUTEX_EN > 0u
 247:Libraries/uC-OSIII/os_dbg.c ****                                   + sizeof(OSMutexQty)
 248:Libraries/uC-OSIII/os_dbg.c **** #endif
 249:Libraries/uC-OSIII/os_dbg.c **** 
 250:Libraries/uC-OSIII/os_dbg.c ****                                   + sizeof(OSPrioCur)
 251:Libraries/uC-OSIII/os_dbg.c ****                                   + sizeof(OSPrioHighRdy)
 252:Libraries/uC-OSIII/os_dbg.c ****                                   + sizeof(OSPrioTbl)
 253:Libraries/uC-OSIII/os_dbg.c **** 
 254:Libraries/uC-OSIII/os_dbg.c **** #if OS_CFG_Q_EN > 0u
 255:Libraries/uC-OSIII/os_dbg.c ****                                   + sizeof(OSQQty)
 256:Libraries/uC-OSIII/os_dbg.c **** #endif
 257:Libraries/uC-OSIII/os_dbg.c **** 
 258:Libraries/uC-OSIII/os_dbg.c ****                                   + sizeof(OSRdyList)
 259:Libraries/uC-OSIII/os_dbg.c **** 
 260:Libraries/uC-OSIII/os_dbg.c ****                                   + sizeof(OSSchedLockNestingCtr)
 261:Libraries/uC-OSIII/os_dbg.c **** 
 262:Libraries/uC-OSIII/os_dbg.c **** #if OS_CFG_SCHED_LOCK_TIME_MEAS_EN > 0u
 263:Libraries/uC-OSIII/os_dbg.c ****                                   + sizeof(OSSchedLockTimeBegin)
 264:Libraries/uC-OSIII/os_dbg.c ****                                   + sizeof(OSSchedLockTimeMax)
 265:Libraries/uC-OSIII/os_dbg.c ****                                   + sizeof(OSSchedLockTimeMaxCur)
 266:Libraries/uC-OSIII/os_dbg.c **** #endif
 267:Libraries/uC-OSIII/os_dbg.c **** 
 268:Libraries/uC-OSIII/os_dbg.c **** #if OS_CFG_SCHED_ROUND_ROBIN_EN
 269:Libraries/uC-OSIII/os_dbg.c ****                                   + sizeof(OSSchedRoundRobinDfltTimeQuanta)
 270:Libraries/uC-OSIII/os_dbg.c ****                                   + sizeof(OSSchedRoundRobinEn)
 271:Libraries/uC-OSIII/os_dbg.c **** #endif
 272:Libraries/uC-OSIII/os_dbg.c **** 
 273:Libraries/uC-OSIII/os_dbg.c **** #if OS_CFG_SEM_EN > 0u
 274:Libraries/uC-OSIII/os_dbg.c ****                                   + sizeof(OSSemQty)
 275:Libraries/uC-OSIII/os_dbg.c **** #endif
 276:Libraries/uC-OSIII/os_dbg.c ****                                   + sizeof(OSTaskCtxSwCtr)
 277:Libraries/uC-OSIII/os_dbg.c ****                                   + sizeof(OSTaskQty)
 278:Libraries/uC-OSIII/os_dbg.c **** 
 279:Libraries/uC-OSIII/os_dbg.c **** #if OS_CFG_STAT_TASK_EN > 0u
 280:Libraries/uC-OSIII/os_dbg.c ****                                   + sizeof(OSStatTaskCtr)
 281:Libraries/uC-OSIII/os_dbg.c ****                                   + sizeof(OSStatTaskCtrMax)
 282:Libraries/uC-OSIII/os_dbg.c ****                                   + sizeof(OSStatTaskCtrRun)
 283:Libraries/uC-OSIII/os_dbg.c ****                                   + sizeof(OSStatTaskRdy)
 284:Libraries/uC-OSIII/os_dbg.c ****                                   + sizeof(OSStatTaskTCB)
 285:Libraries/uC-OSIII/os_dbg.c ****                                   + sizeof(OSStatTaskCPUUsage)
 286:Libraries/uC-OSIII/os_dbg.c **** #endif
 287:Libraries/uC-OSIII/os_dbg.c **** 
 288:Libraries/uC-OSIII/os_dbg.c ****                                   + sizeof(OSTickCtr)
 289:Libraries/uC-OSIII/os_dbg.c ****                                   + sizeof(OSTickTaskTCB)
 290:Libraries/uC-OSIII/os_dbg.c **** 
 291:Libraries/uC-OSIII/os_dbg.c **** #if OS_CFG_TMR_EN > 0u
 292:Libraries/uC-OSIII/os_dbg.c ****                                   + sizeof(OSTmrTaskTCB)
 293:Libraries/uC-OSIII/os_dbg.c ****                                   + sizeof(OSTmrTickCtr)
 294:Libraries/uC-OSIII/os_dbg.c ****                                   + sizeof(OSTmrQty)
 295:Libraries/uC-OSIII/os_dbg.c ****                                   + sizeof(OSTmrUpdateCnt)
 296:Libraries/uC-OSIII/os_dbg.c ****                                   + sizeof(OSTmrUpdateCtr)
 297:Libraries/uC-OSIII/os_dbg.c **** #endif
 298:Libraries/uC-OSIII/os_dbg.c **** 
 299:Libraries/uC-OSIII/os_dbg.c ****                                   + sizeof(OSTCBCurPtr)
 300:Libraries/uC-OSIII/os_dbg.c ****                                   + sizeof(OSTCBHighRdyPtr);
 301:Libraries/uC-OSIII/os_dbg.c **** 
 302:Libraries/uC-OSIII/os_dbg.c **** /*$PAGE*/
 303:Libraries/uC-OSIII/os_dbg.c **** /*
 304:Libraries/uC-OSIII/os_dbg.c **** ***************************************************************************************************
 305:Libraries/uC-OSIII/os_dbg.c **** *                                               OS DEBUG INITIALIZATION
 306:Libraries/uC-OSIII/os_dbg.c **** *
 307:Libraries/uC-OSIII/os_dbg.c **** * Description: This function is used to make sure that debug variables that are unused in the appli
 308:Libraries/uC-OSIII/os_dbg.c **** *              optimized away.  This function might not be necessary for all compilers.  In this ca
 309:Libraries/uC-OSIII/os_dbg.c **** *              DELETE the code in this function while still leaving the declaration of the function
 310:Libraries/uC-OSIII/os_dbg.c **** *
 311:Libraries/uC-OSIII/os_dbg.c **** * Arguments  : none
 312:Libraries/uC-OSIII/os_dbg.c **** *
 313:Libraries/uC-OSIII/os_dbg.c **** * Returns    : none
 314:Libraries/uC-OSIII/os_dbg.c **** *
 315:Libraries/uC-OSIII/os_dbg.c **** * Note(s)    : (1) This code doesn't do anything, it simply prevents the compiler from optimizing o
 316:Libraries/uC-OSIII/os_dbg.c **** *                  variables which are declared in this file.
 317:Libraries/uC-OSIII/os_dbg.c **** *              (2) You may decide to 'compile out' the code (by using #if 0/#endif) INSIDE the func
 318:Libraries/uC-OSIII/os_dbg.c **** *                  DOES NOT optimize out the 'const' variables above.
 319:Libraries/uC-OSIII/os_dbg.c **** ***************************************************************************************************
 320:Libraries/uC-OSIII/os_dbg.c **** */
 321:Libraries/uC-OSIII/os_dbg.c **** 
 322:Libraries/uC-OSIII/os_dbg.c **** void  OS_Dbg_Init (void)
 323:Libraries/uC-OSIII/os_dbg.c **** {
 416              		.loc 1 323 0
 417              		.cfi_startproc
 418              		@ args = 0, pretend = 0, frame = 8
 419              		@ frame_needed = 1, uses_anonymous_args = 0
 420              		@ link register save eliminated.
 421 0000 80B4     		push	{r7}
 422              	.LCFI0:
 423              		.cfi_def_cfa_offset 4
 424              		.cfi_offset 7, -4
 425 0002 83B0     		sub	sp, sp, #12
 426              	.LCFI1:
 427              		.cfi_def_cfa_offset 16
 428 0004 00AF     		add	r7, sp, #0
 429              	.LCFI2:
 430              		.cfi_def_cfa_register 7
 324:Libraries/uC-OSIII/os_dbg.c ****     void  const  *p_temp;
 325:Libraries/uC-OSIII/os_dbg.c **** 
 326:Libraries/uC-OSIII/os_dbg.c **** 
 327:Libraries/uC-OSIII/os_dbg.c ****     p_temp = (void const *)&OSDbg_DbgEn;
 431              		.loc 1 327 0
 432 0006 40F20003 		movw	r3, #:lower16:OSDbg_DbgEn
 433 000a C0F20003 		movt	r3, #:upper16:OSDbg_DbgEn
 434 000e 7B60     		str	r3, [r7, #4]
 328:Libraries/uC-OSIII/os_dbg.c **** 
 329:Libraries/uC-OSIII/os_dbg.c ****     p_temp = (void const *)&OSDbg_DataSize;
 435              		.loc 1 329 0
 436 0010 40F20003 		movw	r3, #:lower16:OSDbg_DataSize
 437 0014 C0F20003 		movt	r3, #:upper16:OSDbg_DataSize
 438 0018 7B60     		str	r3, [r7, #4]
 330:Libraries/uC-OSIII/os_dbg.c **** 
 331:Libraries/uC-OSIII/os_dbg.c ****     p_temp = (void const *)&OSDbg_ArgChkEn;
 439              		.loc 1 331 0
 440 001a 40F20003 		movw	r3, #:lower16:OSDbg_ArgChkEn
 441 001e C0F20003 		movt	r3, #:upper16:OSDbg_ArgChkEn
 442 0022 7B60     		str	r3, [r7, #4]
 332:Libraries/uC-OSIII/os_dbg.c ****     p_temp = (void const *)&OSDbg_AppHooksEn;
 443              		.loc 1 332 0
 444 0024 40F20003 		movw	r3, #:lower16:OSDbg_AppHooksEn
 445 0028 C0F20003 		movt	r3, #:upper16:OSDbg_AppHooksEn
 446 002c 7B60     		str	r3, [r7, #4]
 333:Libraries/uC-OSIII/os_dbg.c **** 
 334:Libraries/uC-OSIII/os_dbg.c ****     p_temp = (void const *)&OSDbg_EndiannessTest;
 447              		.loc 1 334 0
 448 002e 40F20003 		movw	r3, #:lower16:OSDbg_EndiannessTest
 449 0032 C0F20003 		movt	r3, #:upper16:OSDbg_EndiannessTest
 450 0036 7B60     		str	r3, [r7, #4]
 335:Libraries/uC-OSIII/os_dbg.c **** 
 336:Libraries/uC-OSIII/os_dbg.c ****     p_temp = (void const *)&OSDbg_CalledFromISRChkEn;
 451              		.loc 1 336 0
 452 0038 40F20003 		movw	r3, #:lower16:OSDbg_CalledFromISRChkEn
 453 003c C0F20003 		movt	r3, #:upper16:OSDbg_CalledFromISRChkEn
 454 0040 7B60     		str	r3, [r7, #4]
 337:Libraries/uC-OSIII/os_dbg.c **** 
 338:Libraries/uC-OSIII/os_dbg.c ****     p_temp = (void const *)&OSDbg_FlagGrp;
 455              		.loc 1 338 0
 456 0042 40F20003 		movw	r3, #:lower16:OSDbg_FlagGrp
 457 0046 C0F20003 		movt	r3, #:upper16:OSDbg_FlagGrp
 458 004a 7B60     		str	r3, [r7, #4]
 339:Libraries/uC-OSIII/os_dbg.c ****     p_temp = (void const *)&OSDbg_FlagEn;
 459              		.loc 1 339 0
 460 004c 40F20003 		movw	r3, #:lower16:OSDbg_FlagEn
 461 0050 C0F20003 		movt	r3, #:upper16:OSDbg_FlagEn
 462 0054 7B60     		str	r3, [r7, #4]
 340:Libraries/uC-OSIII/os_dbg.c **** #if OS_CFG_FLAG_EN > 0u
 341:Libraries/uC-OSIII/os_dbg.c ****     p_temp = (void const *)&OSDbg_FlagDelEn;
 463              		.loc 1 341 0
 464 0056 40F20003 		movw	r3, #:lower16:OSDbg_FlagDelEn
 465 005a C0F20003 		movt	r3, #:upper16:OSDbg_FlagDelEn
 466 005e 7B60     		str	r3, [r7, #4]
 342:Libraries/uC-OSIII/os_dbg.c ****     p_temp = (void const *)&OSDbg_FlagModeClrEn;
 467              		.loc 1 342 0
 468 0060 40F20003 		movw	r3, #:lower16:OSDbg_FlagModeClrEn
 469 0064 C0F20003 		movt	r3, #:upper16:OSDbg_FlagModeClrEn
 470 0068 7B60     		str	r3, [r7, #4]
 343:Libraries/uC-OSIII/os_dbg.c ****     p_temp = (void const *)&OSDbg_FlagPendAbortEn;
 471              		.loc 1 343 0
 472 006a 40F20003 		movw	r3, #:lower16:OSDbg_FlagPendAbortEn
 473 006e C0F20003 		movt	r3, #:upper16:OSDbg_FlagPendAbortEn
 474 0072 7B60     		str	r3, [r7, #4]
 344:Libraries/uC-OSIII/os_dbg.c ****     p_temp = (void const *)&OSDbg_FlagGrpSize;
 475              		.loc 1 344 0
 476 0074 40F20003 		movw	r3, #:lower16:OSDbg_FlagGrpSize
 477 0078 C0F20003 		movt	r3, #:upper16:OSDbg_FlagGrpSize
 478 007c 7B60     		str	r3, [r7, #4]
 345:Libraries/uC-OSIII/os_dbg.c ****     p_temp = (void const *)&OSDbg_FlagWidth;
 479              		.loc 1 345 0
 480 007e 40F20003 		movw	r3, #:lower16:OSDbg_FlagWidth
 481 0082 C0F20003 		movt	r3, #:upper16:OSDbg_FlagWidth
 482 0086 7B60     		str	r3, [r7, #4]
 346:Libraries/uC-OSIII/os_dbg.c **** #endif
 347:Libraries/uC-OSIII/os_dbg.c **** 
 348:Libraries/uC-OSIII/os_dbg.c **** #if OS_CFG_ISR_POST_DEFERRED_EN > 0u
 349:Libraries/uC-OSIII/os_dbg.c ****     p_temp = (void const *)&OSDbg_IntQ;
 483              		.loc 1 349 0
 484 0088 40F20003 		movw	r3, #:lower16:OSDbg_IntQ
 485 008c C0F20003 		movt	r3, #:upper16:OSDbg_IntQ
 486 0090 7B60     		str	r3, [r7, #4]
 350:Libraries/uC-OSIII/os_dbg.c **** #endif
 351:Libraries/uC-OSIII/os_dbg.c **** 
 352:Libraries/uC-OSIII/os_dbg.c ****     p_temp = (void const *)&OSDbg_ISRPostDeferredEn;
 487              		.loc 1 352 0
 488 0092 40F20003 		movw	r3, #:lower16:OSDbg_ISRPostDeferredEn
 489 0096 C0F20003 		movt	r3, #:upper16:OSDbg_ISRPostDeferredEn
 490 009a 7B60     		str	r3, [r7, #4]
 353:Libraries/uC-OSIII/os_dbg.c **** 
 354:Libraries/uC-OSIII/os_dbg.c ****     p_temp = (void const *)&OSDbg_Mem;
 491              		.loc 1 354 0
 492 009c 40F20003 		movw	r3, #:lower16:OSDbg_Mem
 493 00a0 C0F20003 		movt	r3, #:upper16:OSDbg_Mem
 494 00a4 7B60     		str	r3, [r7, #4]
 355:Libraries/uC-OSIII/os_dbg.c ****     p_temp = (void const *)&OSDbg_MemEn;
 495              		.loc 1 355 0
 496 00a6 40F20003 		movw	r3, #:lower16:OSDbg_MemEn
 497 00aa C0F20003 		movt	r3, #:upper16:OSDbg_MemEn
 498 00ae 7B60     		str	r3, [r7, #4]
 356:Libraries/uC-OSIII/os_dbg.c **** #if OS_CFG_MEM_EN > 0u
 357:Libraries/uC-OSIII/os_dbg.c ****     p_temp = (void const *)&OSDbg_MemSize;
 499              		.loc 1 357 0
 500 00b0 40F20003 		movw	r3, #:lower16:OSDbg_MemSize
 501 00b4 C0F20003 		movt	r3, #:upper16:OSDbg_MemSize
 502 00b8 7B60     		str	r3, [r7, #4]
 358:Libraries/uC-OSIII/os_dbg.c **** #endif
 359:Libraries/uC-OSIII/os_dbg.c **** 
 360:Libraries/uC-OSIII/os_dbg.c ****     p_temp = (void const *)&OSDbg_MsgEn;
 503              		.loc 1 360 0
 504 00ba 40F20003 		movw	r3, #:lower16:OSDbg_MsgEn
 505 00be C0F20003 		movt	r3, #:upper16:OSDbg_MsgEn
 506 00c2 7B60     		str	r3, [r7, #4]
 361:Libraries/uC-OSIII/os_dbg.c **** #if (OS_MSG_EN) > 0u
 362:Libraries/uC-OSIII/os_dbg.c ****     p_temp = (void const *)&OSDbg_MsgSize;
 507              		.loc 1 362 0
 508 00c4 40F20003 		movw	r3, #:lower16:OSDbg_MsgSize
 509 00c8 C0F20003 		movt	r3, #:upper16:OSDbg_MsgSize
 510 00cc 7B60     		str	r3, [r7, #4]
 363:Libraries/uC-OSIII/os_dbg.c ****     p_temp = (void const *)&OSDbg_MsgPoolSize;
 511              		.loc 1 363 0
 512 00ce 40F20003 		movw	r3, #:lower16:OSDbg_MsgPoolSize
 513 00d2 C0F20003 		movt	r3, #:upper16:OSDbg_MsgPoolSize
 514 00d6 7B60     		str	r3, [r7, #4]
 364:Libraries/uC-OSIII/os_dbg.c ****     p_temp = (void const *)&OSDbg_MsgQSize;
 515              		.loc 1 364 0
 516 00d8 40F20003 		movw	r3, #:lower16:OSDbg_MsgQSize
 517 00dc C0F20003 		movt	r3, #:upper16:OSDbg_MsgQSize
 518 00e0 7B60     		str	r3, [r7, #4]
 365:Libraries/uC-OSIII/os_dbg.c **** #endif
 366:Libraries/uC-OSIII/os_dbg.c **** 
 367:Libraries/uC-OSIII/os_dbg.c ****     p_temp = (void const *)&OSDbg_Mutex;
 519              		.loc 1 367 0
 520 00e2 40F20003 		movw	r3, #:lower16:OSDbg_Mutex
 521 00e6 C0F20003 		movt	r3, #:upper16:OSDbg_Mutex
 522 00ea 7B60     		str	r3, [r7, #4]
 368:Libraries/uC-OSIII/os_dbg.c ****     p_temp = (void const *)&OSDbg_MutexEn;
 523              		.loc 1 368 0
 524 00ec 40F20003 		movw	r3, #:lower16:OSDbg_MutexEn
 525 00f0 C0F20003 		movt	r3, #:upper16:OSDbg_MutexEn
 526 00f4 7B60     		str	r3, [r7, #4]
 369:Libraries/uC-OSIII/os_dbg.c **** #if (OS_CFG_MUTEX_EN) > 0u
 370:Libraries/uC-OSIII/os_dbg.c ****     p_temp = (void const *)&OSDbg_MutexDelEn;
 527              		.loc 1 370 0
 528 00f6 40F20003 		movw	r3, #:lower16:OSDbg_MutexDelEn
 529 00fa C0F20003 		movt	r3, #:upper16:OSDbg_MutexDelEn
 530 00fe 7B60     		str	r3, [r7, #4]
 371:Libraries/uC-OSIII/os_dbg.c ****     p_temp = (void const *)&OSDbg_MutexPendAbortEn;
 531              		.loc 1 371 0
 532 0100 40F20003 		movw	r3, #:lower16:OSDbg_MutexPendAbortEn
 533 0104 C0F20003 		movt	r3, #:upper16:OSDbg_MutexPendAbortEn
 534 0108 7B60     		str	r3, [r7, #4]
 372:Libraries/uC-OSIII/os_dbg.c ****     p_temp = (void const *)&OSDbg_MutexSize;
 535              		.loc 1 372 0
 536 010a 40F20003 		movw	r3, #:lower16:OSDbg_MutexSize
 537 010e C0F20003 		movt	r3, #:upper16:OSDbg_MutexSize
 538 0112 7B60     		str	r3, [r7, #4]
 373:Libraries/uC-OSIII/os_dbg.c **** #endif
 374:Libraries/uC-OSIII/os_dbg.c **** 
 375:Libraries/uC-OSIII/os_dbg.c ****     p_temp = (void const *)&OSDbg_ObjTypeChkEn;
 539              		.loc 1 375 0
 540 0114 40F20003 		movw	r3, #:lower16:OSDbg_ObjTypeChkEn
 541 0118 C0F20003 		movt	r3, #:upper16:OSDbg_ObjTypeChkEn
 542 011c 7B60     		str	r3, [r7, #4]
 376:Libraries/uC-OSIII/os_dbg.c **** 
 377:Libraries/uC-OSIII/os_dbg.c ****     p_temp = (void const *)&OSDbg_PendMultiEn;
 543              		.loc 1 377 0
 544 011e 40F20003 		movw	r3, #:lower16:OSDbg_PendMultiEn
 545 0122 C0F20003 		movt	r3, #:upper16:OSDbg_PendMultiEn
 546 0126 7B60     		str	r3, [r7, #4]
 378:Libraries/uC-OSIII/os_dbg.c ****     p_temp = (void const *)&OSDbg_PendDataSize;
 547              		.loc 1 378 0
 548 0128 40F20003 		movw	r3, #:lower16:OSDbg_PendDataSize
 549 012c C0F20003 		movt	r3, #:upper16:OSDbg_PendDataSize
 550 0130 7B60     		str	r3, [r7, #4]
 379:Libraries/uC-OSIII/os_dbg.c ****     p_temp = (void const *)&OSDbg_PendListSize;
 551              		.loc 1 379 0
 552 0132 40F20003 		movw	r3, #:lower16:OSDbg_PendListSize
 553 0136 C0F20003 		movt	r3, #:upper16:OSDbg_PendListSize
 554 013a 7B60     		str	r3, [r7, #4]
 380:Libraries/uC-OSIII/os_dbg.c ****     p_temp = (void const *)&OSDbg_PendObjSize;
 555              		.loc 1 380 0
 556 013c 40F20003 		movw	r3, #:lower16:OSDbg_PendObjSize
 557 0140 C0F20003 		movt	r3, #:upper16:OSDbg_PendObjSize
 558 0144 7B60     		str	r3, [r7, #4]
 381:Libraries/uC-OSIII/os_dbg.c **** 
 382:Libraries/uC-OSIII/os_dbg.c ****     p_temp = (void const *)&OSDbg_PrioMax;
 559              		.loc 1 382 0
 560 0146 40F20003 		movw	r3, #:lower16:OSDbg_PrioMax
 561 014a C0F20003 		movt	r3, #:upper16:OSDbg_PrioMax
 562 014e 7B60     		str	r3, [r7, #4]
 383:Libraries/uC-OSIII/os_dbg.c ****     p_temp = (void const *)&OSDbg_PrioTblSize;
 563              		.loc 1 383 0
 564 0150 40F20003 		movw	r3, #:lower16:OSDbg_PrioTblSize
 565 0154 C0F20003 		movt	r3, #:upper16:OSDbg_PrioTblSize
 566 0158 7B60     		str	r3, [r7, #4]
 384:Libraries/uC-OSIII/os_dbg.c **** 
 385:Libraries/uC-OSIII/os_dbg.c ****     p_temp = (void const *)&OSDbg_PtrSize;
 567              		.loc 1 385 0
 568 015a 40F20003 		movw	r3, #:lower16:OSDbg_PtrSize
 569 015e C0F20003 		movt	r3, #:upper16:OSDbg_PtrSize
 570 0162 7B60     		str	r3, [r7, #4]
 386:Libraries/uC-OSIII/os_dbg.c **** 
 387:Libraries/uC-OSIII/os_dbg.c ****     p_temp = (void const *)&OSDbg_Q;
 571              		.loc 1 387 0
 572 0164 40F20003 		movw	r3, #:lower16:OSDbg_Q
 573 0168 C0F20003 		movt	r3, #:upper16:OSDbg_Q
 574 016c 7B60     		str	r3, [r7, #4]
 388:Libraries/uC-OSIII/os_dbg.c ****     p_temp = (void const *)&OSDbg_QEn;
 575              		.loc 1 388 0
 576 016e 40F20003 		movw	r3, #:lower16:OSDbg_QEn
 577 0172 C0F20003 		movt	r3, #:upper16:OSDbg_QEn
 578 0176 7B60     		str	r3, [r7, #4]
 389:Libraries/uC-OSIII/os_dbg.c **** #if (OS_CFG_Q_EN) > 0u
 390:Libraries/uC-OSIII/os_dbg.c ****     p_temp = (void const *)&OSDbg_QDelEn;
 579              		.loc 1 390 0
 580 0178 40F20003 		movw	r3, #:lower16:OSDbg_QDelEn
 581 017c C0F20003 		movt	r3, #:upper16:OSDbg_QDelEn
 582 0180 7B60     		str	r3, [r7, #4]
 391:Libraries/uC-OSIII/os_dbg.c ****     p_temp = (void const *)&OSDbg_QFlushEn;
 583              		.loc 1 391 0
 584 0182 40F20003 		movw	r3, #:lower16:OSDbg_QFlushEn
 585 0186 C0F20003 		movt	r3, #:upper16:OSDbg_QFlushEn
 586 018a 7B60     		str	r3, [r7, #4]
 392:Libraries/uC-OSIII/os_dbg.c ****     p_temp = (void const *)&OSDbg_QPendAbortEn;
 587              		.loc 1 392 0
 588 018c 40F20003 		movw	r3, #:lower16:OSDbg_QPendAbortEn
 589 0190 C0F20003 		movt	r3, #:upper16:OSDbg_QPendAbortEn
 590 0194 7B60     		str	r3, [r7, #4]
 393:Libraries/uC-OSIII/os_dbg.c ****     p_temp = (void const *)&OSDbg_QSize;
 591              		.loc 1 393 0
 592 0196 40F20003 		movw	r3, #:lower16:OSDbg_QSize
 593 019a C0F20003 		movt	r3, #:upper16:OSDbg_QSize
 594 019e 7B60     		str	r3, [r7, #4]
 394:Libraries/uC-OSIII/os_dbg.c **** #endif
 395:Libraries/uC-OSIII/os_dbg.c **** 
 396:Libraries/uC-OSIII/os_dbg.c ****     p_temp = (void const *)&OSDbg_SchedRoundRobinEn;
 595              		.loc 1 396 0
 596 01a0 40F20003 		movw	r3, #:lower16:OSDbg_SchedRoundRobinEn
 597 01a4 C0F20003 		movt	r3, #:upper16:OSDbg_SchedRoundRobinEn
 598 01a8 7B60     		str	r3, [r7, #4]
 397:Libraries/uC-OSIII/os_dbg.c **** 
 398:Libraries/uC-OSIII/os_dbg.c ****     p_temp = (void const *)&OSDbg_Sem;
 599              		.loc 1 398 0
 600 01aa 40F20003 		movw	r3, #:lower16:OSDbg_Sem
 601 01ae C0F20003 		movt	r3, #:upper16:OSDbg_Sem
 602 01b2 7B60     		str	r3, [r7, #4]
 399:Libraries/uC-OSIII/os_dbg.c ****     p_temp = (void const *)&OSDbg_SemEn;
 603              		.loc 1 399 0
 604 01b4 40F20003 		movw	r3, #:lower16:OSDbg_SemEn
 605 01b8 C0F20003 		movt	r3, #:upper16:OSDbg_SemEn
 606 01bc 7B60     		str	r3, [r7, #4]
 400:Libraries/uC-OSIII/os_dbg.c **** #if (OS_CFG_SEM_EN) > 0u
 401:Libraries/uC-OSIII/os_dbg.c ****     p_temp = (void const *)&OSDbg_SemDelEn;
 607              		.loc 1 401 0
 608 01be 40F20003 		movw	r3, #:lower16:OSDbg_SemDelEn
 609 01c2 C0F20003 		movt	r3, #:upper16:OSDbg_SemDelEn
 610 01c6 7B60     		str	r3, [r7, #4]
 402:Libraries/uC-OSIII/os_dbg.c ****     p_temp = (void const *)&OSDbg_SemPendAbortEn;
 611              		.loc 1 402 0
 612 01c8 40F20003 		movw	r3, #:lower16:OSDbg_SemPendAbortEn
 613 01cc C0F20003 		movt	r3, #:upper16:OSDbg_SemPendAbortEn
 614 01d0 7B60     		str	r3, [r7, #4]
 403:Libraries/uC-OSIII/os_dbg.c ****     p_temp = (void const *)&OSDbg_SemSetEn;
 615              		.loc 1 403 0
 616 01d2 40F20003 		movw	r3, #:lower16:OSDbg_SemSetEn
 617 01d6 C0F20003 		movt	r3, #:upper16:OSDbg_SemSetEn
 618 01da 7B60     		str	r3, [r7, #4]
 404:Libraries/uC-OSIII/os_dbg.c ****     p_temp = (void const *)&OSDbg_SemSize;
 619              		.loc 1 404 0
 620 01dc 40F20003 		movw	r3, #:lower16:OSDbg_SemSize
 621 01e0 C0F20003 		movt	r3, #:upper16:OSDbg_SemSize
 622 01e4 7B60     		str	r3, [r7, #4]
 405:Libraries/uC-OSIII/os_dbg.c **** #endif
 406:Libraries/uC-OSIII/os_dbg.c **** 
 407:Libraries/uC-OSIII/os_dbg.c ****     p_temp = (void const *)&OSDbg_RdyList;
 623              		.loc 1 407 0
 624 01e6 40F20003 		movw	r3, #:lower16:OSDbg_RdyList
 625 01ea C0F20003 		movt	r3, #:upper16:OSDbg_RdyList
 626 01ee 7B60     		str	r3, [r7, #4]
 408:Libraries/uC-OSIII/os_dbg.c ****     p_temp = (void const *)&OSDbg_RdyListSize;
 627              		.loc 1 408 0
 628 01f0 40F20003 		movw	r3, #:lower16:OSDbg_RdyListSize
 629 01f4 C0F20003 		movt	r3, #:upper16:OSDbg_RdyListSize
 630 01f8 7B60     		str	r3, [r7, #4]
 409:Libraries/uC-OSIII/os_dbg.c **** 
 410:Libraries/uC-OSIII/os_dbg.c ****     p_temp = (void const *)&OSDbg_StkWidth;
 631              		.loc 1 410 0
 632 01fa 40F20003 		movw	r3, #:lower16:OSDbg_StkWidth
 633 01fe C0F20003 		movt	r3, #:upper16:OSDbg_StkWidth
 634 0202 7B60     		str	r3, [r7, #4]
 411:Libraries/uC-OSIII/os_dbg.c **** 
 412:Libraries/uC-OSIII/os_dbg.c ****     p_temp = (void const *)&OSDbg_StatTaskEn;
 635              		.loc 1 412 0
 636 0204 40F20003 		movw	r3, #:lower16:OSDbg_StatTaskEn
 637 0208 C0F20003 		movt	r3, #:upper16:OSDbg_StatTaskEn
 638 020c 7B60     		str	r3, [r7, #4]
 413:Libraries/uC-OSIII/os_dbg.c ****     p_temp = (void const *)&OSDbg_StatTaskStkChkEn;
 639              		.loc 1 413 0
 640 020e 40F20003 		movw	r3, #:lower16:OSDbg_StatTaskStkChkEn
 641 0212 C0F20003 		movt	r3, #:upper16:OSDbg_StatTaskStkChkEn
 642 0216 7B60     		str	r3, [r7, #4]
 414:Libraries/uC-OSIII/os_dbg.c **** 
 415:Libraries/uC-OSIII/os_dbg.c ****     p_temp = (void const *)&OSDbg_TaskChangePrioEn;
 643              		.loc 1 415 0
 644 0218 40F20003 		movw	r3, #:lower16:OSDbg_TaskChangePrioEn
 645 021c C0F20003 		movt	r3, #:upper16:OSDbg_TaskChangePrioEn
 646 0220 7B60     		str	r3, [r7, #4]
 416:Libraries/uC-OSIII/os_dbg.c ****     p_temp = (void const *)&OSDbg_TaskDelEn;
 647              		.loc 1 416 0
 648 0222 40F20003 		movw	r3, #:lower16:OSDbg_TaskDelEn
 649 0226 C0F20003 		movt	r3, #:upper16:OSDbg_TaskDelEn
 650 022a 7B60     		str	r3, [r7, #4]
 417:Libraries/uC-OSIII/os_dbg.c ****     p_temp = (void const *)&OSDbg_TaskQEn;
 651              		.loc 1 417 0
 652 022c 40F20003 		movw	r3, #:lower16:OSDbg_TaskQEn
 653 0230 C0F20003 		movt	r3, #:upper16:OSDbg_TaskQEn
 654 0234 7B60     		str	r3, [r7, #4]
 418:Libraries/uC-OSIII/os_dbg.c ****     p_temp = (void const *)&OSDbg_TaskQPendAbortEn;
 655              		.loc 1 418 0
 656 0236 40F20003 		movw	r3, #:lower16:OSDbg_TaskQPendAbortEn
 657 023a C0F20003 		movt	r3, #:upper16:OSDbg_TaskQPendAbortEn
 658 023e 7B60     		str	r3, [r7, #4]
 419:Libraries/uC-OSIII/os_dbg.c ****     p_temp = (void const *)&OSDbg_TaskProfileEn;
 659              		.loc 1 419 0
 660 0240 40F20003 		movw	r3, #:lower16:OSDbg_TaskProfileEn
 661 0244 C0F20003 		movt	r3, #:upper16:OSDbg_TaskProfileEn
 662 0248 7B60     		str	r3, [r7, #4]
 420:Libraries/uC-OSIII/os_dbg.c ****     p_temp = (void const *)&OSDbg_TaskRegTblSize;
 663              		.loc 1 420 0
 664 024a 40F20003 		movw	r3, #:lower16:OSDbg_TaskRegTblSize
 665 024e C0F20003 		movt	r3, #:upper16:OSDbg_TaskRegTblSize
 666 0252 7B60     		str	r3, [r7, #4]
 421:Libraries/uC-OSIII/os_dbg.c ****     p_temp = (void const *)&OSDbg_TaskSemPendAbortEn;
 667              		.loc 1 421 0
 668 0254 40F20003 		movw	r3, #:lower16:OSDbg_TaskSemPendAbortEn
 669 0258 C0F20003 		movt	r3, #:upper16:OSDbg_TaskSemPendAbortEn
 670 025c 7B60     		str	r3, [r7, #4]
 422:Libraries/uC-OSIII/os_dbg.c ****     p_temp = (void const *)&OSDbg_TaskSuspendEn;
 671              		.loc 1 422 0
 672 025e 40F20003 		movw	r3, #:lower16:OSDbg_TaskSuspendEn
 673 0262 C0F20003 		movt	r3, #:upper16:OSDbg_TaskSuspendEn
 674 0266 7B60     		str	r3, [r7, #4]
 423:Libraries/uC-OSIII/os_dbg.c **** 
 424:Libraries/uC-OSIII/os_dbg.c ****     p_temp = (void const *)&OSDbg_TCBSize;
 675              		.loc 1 424 0
 676 0268 40F20003 		movw	r3, #:lower16:OSDbg_TCBSize
 677 026c C0F20003 		movt	r3, #:upper16:OSDbg_TCBSize
 678 0270 7B60     		str	r3, [r7, #4]
 425:Libraries/uC-OSIII/os_dbg.c **** 
 426:Libraries/uC-OSIII/os_dbg.c ****     p_temp = (void const *)&OSDbg_TickSpokeSize;
 679              		.loc 1 426 0
 680 0272 40F20003 		movw	r3, #:lower16:OSDbg_TickSpokeSize
 681 0276 C0F20003 		movt	r3, #:upper16:OSDbg_TickSpokeSize
 682 027a 7B60     		str	r3, [r7, #4]
 427:Libraries/uC-OSIII/os_dbg.c **** 
 428:Libraries/uC-OSIII/os_dbg.c ****     p_temp = (void const *)&OSDbg_TimeDlyHMSMEn;
 683              		.loc 1 428 0
 684 027c 40F20003 		movw	r3, #:lower16:OSDbg_TimeDlyHMSMEn
 685 0280 C0F20003 		movt	r3, #:upper16:OSDbg_TimeDlyHMSMEn
 686 0284 7B60     		str	r3, [r7, #4]
 429:Libraries/uC-OSIII/os_dbg.c ****     p_temp = (void const *)&OSDbg_TimeDlyResumeEn;
 687              		.loc 1 429 0
 688 0286 40F20003 		movw	r3, #:lower16:OSDbg_TimeDlyResumeEn
 689 028a C0F20003 		movt	r3, #:upper16:OSDbg_TimeDlyResumeEn
 690 028e 7B60     		str	r3, [r7, #4]
 430:Libraries/uC-OSIII/os_dbg.c **** 
 431:Libraries/uC-OSIII/os_dbg.c **** 
 432:Libraries/uC-OSIII/os_dbg.c ****     p_temp = (void const *)&OSDbg_Tmr;
 691              		.loc 1 432 0
 692 0290 40F20003 		movw	r3, #:lower16:OSDbg_Tmr
 693 0294 C0F20003 		movt	r3, #:upper16:OSDbg_Tmr
 694 0298 7B60     		str	r3, [r7, #4]
 433:Libraries/uC-OSIII/os_dbg.c ****     p_temp = (void const *)&OSDbg_TmrEn;
 695              		.loc 1 433 0
 696 029a 40F20003 		movw	r3, #:lower16:OSDbg_TmrEn
 697 029e C0F20003 		movt	r3, #:upper16:OSDbg_TmrEn
 698 02a2 7B60     		str	r3, [r7, #4]
 434:Libraries/uC-OSIII/os_dbg.c **** #if (OS_CFG_TMR_EN) > 0u
 435:Libraries/uC-OSIII/os_dbg.c ****     p_temp = (void const *)&OSDbg_TmrDelEn;
 699              		.loc 1 435 0
 700 02a4 40F20003 		movw	r3, #:lower16:OSDbg_TmrDelEn
 701 02a8 C0F20003 		movt	r3, #:upper16:OSDbg_TmrDelEn
 702 02ac 7B60     		str	r3, [r7, #4]
 436:Libraries/uC-OSIII/os_dbg.c ****     p_temp = (void const *)&OSDbg_TmrSize;
 703              		.loc 1 436 0
 704 02ae 40F20003 		movw	r3, #:lower16:OSDbg_TmrSize
 705 02b2 C0F20003 		movt	r3, #:upper16:OSDbg_TmrSize
 706 02b6 7B60     		str	r3, [r7, #4]
 437:Libraries/uC-OSIII/os_dbg.c ****     p_temp = (void const *)&OSDbg_TmrSpokeSize;
 707              		.loc 1 437 0
 708 02b8 40F20003 		movw	r3, #:lower16:OSDbg_TmrSpokeSize
 709 02bc C0F20003 		movt	r3, #:upper16:OSDbg_TmrSpokeSize
 710 02c0 7B60     		str	r3, [r7, #4]
 438:Libraries/uC-OSIII/os_dbg.c **** #endif
 439:Libraries/uC-OSIII/os_dbg.c **** 
 440:Libraries/uC-OSIII/os_dbg.c ****     p_temp = (void const *)&OSDbg_VersionNbr;
 711              		.loc 1 440 0
 712 02c2 40F20003 		movw	r3, #:lower16:OSDbg_VersionNbr
 713 02c6 C0F20003 		movt	r3, #:upper16:OSDbg_VersionNbr
 714 02ca 7B60     		str	r3, [r7, #4]
 441:Libraries/uC-OSIII/os_dbg.c **** 
 442:Libraries/uC-OSIII/os_dbg.c ****     p_temp = p_temp;                                        /* Prevent compiler warning for not usi
 443:Libraries/uC-OSIII/os_dbg.c **** }
 715              		.loc 1 443 0
 716 02cc 07F10C07 		add	r7, r7, #12
 717 02d0 BD46     		mov	sp, r7
 718 02d2 80BC     		pop	{r7}
 719 02d4 7047     		bx	lr
 720              		.cfi_endproc
 721              	.LFE0:
 723              	.Letext0:
 724              		.file 2 "Libraries/uC-CPU/cpu.h"
 725              		.file 3 "Libraries/uC-CPU/cpu_core.h"
 726              		.file 4 "Libraries/uC-OSIII/os_type.h"
 727              		.file 5 "Libraries/uC-OSIII/os.h"
DEFINED SYMBOLS
                            *ABS*:00000000 os_dbg.c
     /tmp/ccPc8OPQ.s:23     .rodata:00000000 OSDbg_DbgEn
     /tmp/ccPc8OPQ.s:20     .rodata:00000000 $d
     /tmp/ccPc8OPQ.s:28     .rodata:00000002 OSDbg_ArgChkEn
     /tmp/ccPc8OPQ.s:33     .rodata:00000003 OSDbg_AppHooksEn
     /tmp/ccPc8OPQ.s:39     .rodata:00000004 OSDbg_EndiannessTest
     /tmp/ccPc8OPQ.s:44     .rodata:00000008 OSDbg_CalledFromISRChkEn
     /tmp/ccPc8OPQ.s:49     .rodata:00000009 OSDbg_FlagEn
     /tmp/ccPc8OPQ.s:55     .rodata:0000000c OSDbg_FlagGrp
     /tmp/ccPc8OPQ.s:60     .rodata:00000034 OSDbg_FlagDelEn
     /tmp/ccPc8OPQ.s:65     .rodata:00000035 OSDbg_FlagModeClrEn
     /tmp/ccPc8OPQ.s:70     .rodata:00000036 OSDbg_FlagPendAbortEn
     /tmp/ccPc8OPQ.s:76     .rodata:00000038 OSDbg_FlagGrpSize
     /tmp/ccPc8OPQ.s:82     .rodata:0000003a OSDbg_FlagWidth
     /tmp/ccPc8OPQ.s:88     .rodata:0000003c OSDbg_IntQ
     /tmp/ccPc8OPQ.s:93     .rodata:0000003e OSDbg_ISRPostDeferredEn
     /tmp/ccPc8OPQ.s:99     .rodata:00000040 OSDbg_Mem
     /tmp/ccPc8OPQ.s:104    .rodata:00000060 OSDbg_MemEn
     /tmp/ccPc8OPQ.s:110    .rodata:00000062 OSDbg_MemSize
     /tmp/ccPc8OPQ.s:115    .rodata:00000064 OSDbg_MsgEn
     /tmp/ccPc8OPQ.s:121    .rodata:00000066 OSDbg_MsgSize
     /tmp/ccPc8OPQ.s:127    .rodata:00000068 OSDbg_MsgPoolSize
     /tmp/ccPc8OPQ.s:133    .rodata:0000006a OSDbg_MsgQSize
     /tmp/ccPc8OPQ.s:139    .rodata:0000006c OSDbg_Mutex
     /tmp/ccPc8OPQ.s:144    .rodata:00000098 OSDbg_MutexEn
     /tmp/ccPc8OPQ.s:149    .rodata:00000099 OSDbg_MutexDelEn
     /tmp/ccPc8OPQ.s:154    .rodata:0000009a OSDbg_MutexPendAbortEn
     /tmp/ccPc8OPQ.s:160    .rodata:0000009c OSDbg_MutexSize
     /tmp/ccPc8OPQ.s:165    .rodata:0000009e OSDbg_ObjTypeChkEn
     /tmp/ccPc8OPQ.s:170    .rodata:0000009f OSDbg_PendMultiEn
     /tmp/ccPc8OPQ.s:176    .rodata:000000a0 OSDbg_PendDataSize
     /tmp/ccPc8OPQ.s:182    .rodata:000000a2 OSDbg_PendListSize
     /tmp/ccPc8OPQ.s:188    .rodata:000000a4 OSDbg_PendObjSize
     /tmp/ccPc8OPQ.s:194    .rodata:000000a6 OSDbg_PrioMax
     /tmp/ccPc8OPQ.s:200    .rodata:000000a8 OSDbg_PrioTblSize
     /tmp/ccPc8OPQ.s:206    .rodata:000000aa OSDbg_PtrSize
     /tmp/ccPc8OPQ.s:212    .rodata:000000ac OSDbg_Q
     /tmp/ccPc8OPQ.s:217    .rodata:000000dc OSDbg_QEn
     /tmp/ccPc8OPQ.s:222    .rodata:000000dd OSDbg_QDelEn
     /tmp/ccPc8OPQ.s:227    .rodata:000000de OSDbg_QFlushEn
     /tmp/ccPc8OPQ.s:232    .rodata:000000df OSDbg_QPendAbortEn
     /tmp/ccPc8OPQ.s:238    .rodata:000000e0 OSDbg_QSize
     /tmp/ccPc8OPQ.s:243    .rodata:000000e2 OSDbg_SchedRoundRobinEn
     /tmp/ccPc8OPQ.s:249    .rodata:000000e4 OSDbg_Sem
     /tmp/ccPc8OPQ.s:254    .rodata:0000010c OSDbg_SemEn
     /tmp/ccPc8OPQ.s:259    .rodata:0000010d OSDbg_SemDelEn
     /tmp/ccPc8OPQ.s:264    .rodata:0000010e OSDbg_SemPendAbortEn
     /tmp/ccPc8OPQ.s:269    .rodata:0000010f OSDbg_SemSetEn
     /tmp/ccPc8OPQ.s:275    .rodata:00000110 OSDbg_SemSize
     /tmp/ccPc8OPQ.s:281    .rodata:00000112 OSDbg_RdyList
     /tmp/ccPc8OPQ.s:287    .rodata:00000114 OSDbg_RdyListSize
     /tmp/ccPc8OPQ.s:292    .rodata:00000118 OSDbg_StkWidth
     /tmp/ccPc8OPQ.s:297    .rodata:00000119 OSDbg_StatTaskEn
     /tmp/ccPc8OPQ.s:302    .rodata:0000011a OSDbg_StatTaskStkChkEn
     /tmp/ccPc8OPQ.s:307    .rodata:0000011b OSDbg_TaskChangePrioEn
     /tmp/ccPc8OPQ.s:312    .rodata:0000011c OSDbg_TaskDelEn
     /tmp/ccPc8OPQ.s:317    .rodata:0000011d OSDbg_TaskQEn
     /tmp/ccPc8OPQ.s:322    .rodata:0000011e OSDbg_TaskQPendAbortEn
     /tmp/ccPc8OPQ.s:327    .rodata:0000011f OSDbg_TaskProfileEn
     /tmp/ccPc8OPQ.s:333    .rodata:00000120 OSDbg_TaskRegTblSize
     /tmp/ccPc8OPQ.s:338    .rodata:00000122 OSDbg_TaskSemPendAbortEn
     /tmp/ccPc8OPQ.s:343    .rodata:00000123 OSDbg_TaskSuspendEn
     /tmp/ccPc8OPQ.s:349    .rodata:00000124 OSDbg_TCBSize
     /tmp/ccPc8OPQ.s:355    .rodata:00000126 OSDbg_TickSpokeSize
     /tmp/ccPc8OPQ.s:360    .rodata:00000128 OSDbg_TimeDlyHMSMEn
     /tmp/ccPc8OPQ.s:365    .rodata:00000129 OSDbg_TimeDlyResumeEn
     /tmp/ccPc8OPQ.s:371    .rodata:0000012c OSDbg_Tmr
     /tmp/ccPc8OPQ.s:376    .rodata:00000160 OSDbg_TmrEn
     /tmp/ccPc8OPQ.s:381    .rodata:00000161 OSDbg_TmrDelEn
     /tmp/ccPc8OPQ.s:387    .rodata:00000162 OSDbg_TmrSize
     /tmp/ccPc8OPQ.s:393    .rodata:00000164 OSDbg_TmrSpokeSize
     /tmp/ccPc8OPQ.s:399    .rodata:00000166 OSDbg_VersionNbr
     /tmp/ccPc8OPQ.s:405    .rodata:00000168 OSDbg_DataSize
     /tmp/ccPc8OPQ.s:408    .text:00000000 $t
     /tmp/ccPc8OPQ.s:413    .text:00000000 OS_Dbg_Init
                     .debug_frame:00000010 $d

NO UNDEFINED SYMBOLS
