   1              		.syntax unified
   2              		.cpu cortex-m3
   3              		.fpu softvfp
   4              		.eabi_attribute 20, 1
   5              		.eabi_attribute 21, 1
   6              		.eabi_attribute 23, 3
   7              		.eabi_attribute 24, 1
   8              		.eabi_attribute 25, 1
   9              		.eabi_attribute 26, 1
  10              		.eabi_attribute 30, 6
  11              		.eabi_attribute 34, 1
  12              		.eabi_attribute 18, 4
  13              		.thumb
  14              		.file	"os_prio.c"
  15              		.text
  16              	.Ltext0:
  17              		.cfi_sections	.debug_frame
  18              		.comm	OSPrioTbl,8,4
  19              		.align	2
  20              		.global	OS_PrioInit
  21              		.thumb
  22              		.thumb_func
  24              	OS_PrioInit:
  25              	.LFB0:
  26              		.file 1 "Libraries/uC-OSIII/os_prio.c"
   1:Libraries/uC-OSIII/os_prio.c **** /*
   2:Libraries/uC-OSIII/os_prio.c **** ***************************************************************************************************
   3:Libraries/uC-OSIII/os_prio.c **** *                                                      uC/OS-III
   4:Libraries/uC-OSIII/os_prio.c **** *                                                The Real-Time Kernel
   5:Libraries/uC-OSIII/os_prio.c **** *
   6:Libraries/uC-OSIII/os_prio.c **** *                                  (c) Copyright 2009-2010; Micrium, Inc.; Weston, FL
   7:Libraries/uC-OSIII/os_prio.c **** *                          All rights reserved.  Protected by international copyright laws.
   8:Libraries/uC-OSIII/os_prio.c **** *
   9:Libraries/uC-OSIII/os_prio.c **** *                                                 PRIORITY MANAGEMENT
  10:Libraries/uC-OSIII/os_prio.c **** *
  11:Libraries/uC-OSIII/os_prio.c **** * File    : OS_PRIO.C
  12:Libraries/uC-OSIII/os_prio.c **** * By      : JJL
  13:Libraries/uC-OSIII/os_prio.c **** * Version : V3.01.2
  14:Libraries/uC-OSIII/os_prio.c **** *
  15:Libraries/uC-OSIII/os_prio.c **** * LICENSING TERMS:
  16:Libraries/uC-OSIII/os_prio.c **** * ---------------
  17:Libraries/uC-OSIII/os_prio.c **** *               uC/OS-III is provided in source form to registered licensees ONLY.  It is
  18:Libraries/uC-OSIII/os_prio.c **** *               illegal to distribute this source code to any third party unless you receive
  19:Libraries/uC-OSIII/os_prio.c **** *               written permission by an authorized Micrium representative.  Knowledge of
  20:Libraries/uC-OSIII/os_prio.c **** *               the source code may NOT be used to develop a similar product.
  21:Libraries/uC-OSIII/os_prio.c **** *
  22:Libraries/uC-OSIII/os_prio.c **** *               Please help us continue to provide the Embedded community with the finest
  23:Libraries/uC-OSIII/os_prio.c **** *               software available.  Your honesty is greatly appreciated.
  24:Libraries/uC-OSIII/os_prio.c **** *
  25:Libraries/uC-OSIII/os_prio.c **** *               You can contact us at www.micrium.com.
  26:Libraries/uC-OSIII/os_prio.c **** ***************************************************************************************************
  27:Libraries/uC-OSIII/os_prio.c **** */
  28:Libraries/uC-OSIII/os_prio.c **** 
  29:Libraries/uC-OSIII/os_prio.c **** #include  <os.h>
  30:Libraries/uC-OSIII/os_prio.c **** 
  31:Libraries/uC-OSIII/os_prio.c **** #ifdef VSC_INCLUDE_SOURCE_FILE_NAMES
  32:Libraries/uC-OSIII/os_prio.c **** const  CPU_CHAR  *os_prio__c = "$Id: $";
  33:Libraries/uC-OSIII/os_prio.c **** #endif
  34:Libraries/uC-OSIII/os_prio.c **** 
  35:Libraries/uC-OSIII/os_prio.c **** 
  36:Libraries/uC-OSIII/os_prio.c **** CPU_DATA   OSPrioTbl[OS_PRIO_TBL_SIZE];                     /* Declare the array local to this file
  37:Libraries/uC-OSIII/os_prio.c ****                                                             /* ... optimization.  In other words, t
  38:Libraries/uC-OSIII/os_prio.c ****                                                             /* ... table to be located in fast memo
  39:Libraries/uC-OSIII/os_prio.c **** 
  40:Libraries/uC-OSIII/os_prio.c **** /*
  41:Libraries/uC-OSIII/os_prio.c **** ***************************************************************************************************
  42:Libraries/uC-OSIII/os_prio.c **** *                                               INITIALIZE THE PRIORITY LIST
  43:Libraries/uC-OSIII/os_prio.c **** *
  44:Libraries/uC-OSIII/os_prio.c **** * Description: This function is called by uC/OS-III to initialize the list of ready priorities.
  45:Libraries/uC-OSIII/os_prio.c **** *
  46:Libraries/uC-OSIII/os_prio.c **** * Arguments  : none
  47:Libraries/uC-OSIII/os_prio.c **** *
  48:Libraries/uC-OSIII/os_prio.c **** * Returns    : none
  49:Libraries/uC-OSIII/os_prio.c **** *
  50:Libraries/uC-OSIII/os_prio.c **** * Note       : This function is INTERNAL to uC/OS-III and your application should not call it.
  51:Libraries/uC-OSIII/os_prio.c **** ***************************************************************************************************
  52:Libraries/uC-OSIII/os_prio.c **** */
  53:Libraries/uC-OSIII/os_prio.c **** 
  54:Libraries/uC-OSIII/os_prio.c **** void  OS_PrioInit (void)
  55:Libraries/uC-OSIII/os_prio.c **** {
  27              		.loc 1 55 0
  28              		.cfi_startproc
  29              		@ args = 0, pretend = 0, frame = 8
  30              		@ frame_needed = 1, uses_anonymous_args = 0
  31              		@ link register save eliminated.
  32 0000 80B4     		push	{r7}
  33              	.LCFI0:
  34              		.cfi_def_cfa_offset 4
  35              		.cfi_offset 7, -4
  36 0002 83B0     		sub	sp, sp, #12
  37              	.LCFI1:
  38              		.cfi_def_cfa_offset 16
  39 0004 00AF     		add	r7, sp, #0
  40              	.LCFI2:
  41              		.cfi_def_cfa_register 7
  56:Libraries/uC-OSIII/os_prio.c ****     CPU_DATA   i;
  57:Libraries/uC-OSIII/os_prio.c ****     CPU_DATA  *p_tbl;
  58:Libraries/uC-OSIII/os_prio.c **** 
  59:Libraries/uC-OSIII/os_prio.c **** 
  60:Libraries/uC-OSIII/os_prio.c ****                                                             /* Clear the bitmap table ... no task i
  61:Libraries/uC-OSIII/os_prio.c ****     for (i = 0u; i < OS_PRIO_TBL_SIZE; i++) {
  42              		.loc 1 61 0
  43 0006 4FF00003 		mov	r3, #0
  44 000a 7B60     		str	r3, [r7, #4]
  45 000c 10E0     		b	.L2
  46              	.L3:
  62:Libraries/uC-OSIII/os_prio.c ****          p_tbl = &OSPrioTbl[i];
  47              		.loc 1 62 0 discriminator 2
  48 000e 7B68     		ldr	r3, [r7, #4]
  49 0010 4FEA8302 		lsl	r2, r3, #2
  50 0014 40F20003 		movw	r3, #:lower16:OSPrioTbl
  51 0018 C0F20003 		movt	r3, #:upper16:OSPrioTbl
  52 001c D318     		adds	r3, r2, r3
  53 001e 3B60     		str	r3, [r7, #0]
  63:Libraries/uC-OSIII/os_prio.c ****         *p_tbl = (CPU_DATA)0;
  54              		.loc 1 63 0 discriminator 2
  55 0020 3B68     		ldr	r3, [r7, #0]
  56 0022 4FF00002 		mov	r2, #0
  57 0026 1A60     		str	r2, [r3, #0]
  61:Libraries/uC-OSIII/os_prio.c ****     for (i = 0u; i < OS_PRIO_TBL_SIZE; i++) {
  58              		.loc 1 61 0 discriminator 2
  59 0028 7B68     		ldr	r3, [r7, #4]
  60 002a 03F10103 		add	r3, r3, #1
  61 002e 7B60     		str	r3, [r7, #4]
  62              	.L2:
  61:Libraries/uC-OSIII/os_prio.c ****     for (i = 0u; i < OS_PRIO_TBL_SIZE; i++) {
  63              		.loc 1 61 0 is_stmt 0 discriminator 1
  64 0030 7B68     		ldr	r3, [r7, #4]
  65 0032 012B     		cmp	r3, #1
  66 0034 EBD9     		bls	.L3
  64:Libraries/uC-OSIII/os_prio.c ****     }
  65:Libraries/uC-OSIII/os_prio.c **** }
  67              		.loc 1 65 0 is_stmt 1
  68 0036 07F10C07 		add	r7, r7, #12
  69 003a BD46     		mov	sp, r7
  70 003c 80BC     		pop	{r7}
  71 003e 7047     		bx	lr
  72              		.cfi_endproc
  73              	.LFE0:
  75              		.align	2
  76              		.global	OS_PrioGetHighest
  77              		.thumb
  78              		.thumb_func
  80              	OS_PrioGetHighest:
  81              	.LFB1:
  66:Libraries/uC-OSIII/os_prio.c **** 
  67:Libraries/uC-OSIII/os_prio.c **** /*
  68:Libraries/uC-OSIII/os_prio.c **** ***************************************************************************************************
  69:Libraries/uC-OSIII/os_prio.c **** *                                           GET HIGHEST PRIORITY TASK WAITING
  70:Libraries/uC-OSIII/os_prio.c **** *
  71:Libraries/uC-OSIII/os_prio.c **** * Description: This function is called by other uC/OS-III services to determine the highest priorit
  72:Libraries/uC-OSIII/os_prio.c **** *              waiting on the event.
  73:Libraries/uC-OSIII/os_prio.c **** *
  74:Libraries/uC-OSIII/os_prio.c **** * Arguments  : none
  75:Libraries/uC-OSIII/os_prio.c **** *
  76:Libraries/uC-OSIII/os_prio.c **** * Returns    : The priority of the Highest Priority Task (HPT) waiting for the event
  77:Libraries/uC-OSIII/os_prio.c **** *
  78:Libraries/uC-OSIII/os_prio.c **** * Note(s)    : 1) This function is INTERNAL to uC/OS-III and your application MUST NOT call it.
  79:Libraries/uC-OSIII/os_prio.c **** *
  80:Libraries/uC-OSIII/os_prio.c **** *              2) The compiler should fold 'sizeof(CPU_DATA) * 8' into a constant and thus not requ
  81:Libraries/uC-OSIII/os_prio.c **** *                 operation to be done at run-time.
  82:Libraries/uC-OSIII/os_prio.c **** ***************************************************************************************************
  83:Libraries/uC-OSIII/os_prio.c **** */
  84:Libraries/uC-OSIII/os_prio.c **** 
  85:Libraries/uC-OSIII/os_prio.c **** OS_PRIO  OS_PrioGetHighest (void)
  86:Libraries/uC-OSIII/os_prio.c **** {
  82              		.loc 1 86 0
  83              		.cfi_startproc
  84              		@ args = 0, pretend = 0, frame = 8
  85              		@ frame_needed = 1, uses_anonymous_args = 0
  86 0040 80B5     		push	{r7, lr}
  87              	.LCFI3:
  88              		.cfi_def_cfa_offset 8
  89              		.cfi_offset 14, -4
  90              		.cfi_offset 7, -8
  91 0042 82B0     		sub	sp, sp, #8
  92              	.LCFI4:
  93              		.cfi_def_cfa_offset 16
  94 0044 00AF     		add	r7, sp, #0
  95              	.LCFI5:
  96              		.cfi_def_cfa_register 7
  87:Libraries/uC-OSIII/os_prio.c ****     CPU_DATA  *p_tbl;
  88:Libraries/uC-OSIII/os_prio.c ****     OS_PRIO    prio;
  89:Libraries/uC-OSIII/os_prio.c **** 
  90:Libraries/uC-OSIII/os_prio.c **** 
  91:Libraries/uC-OSIII/os_prio.c **** 
  92:Libraries/uC-OSIII/os_prio.c ****     prio  = (OS_PRIO)0;
  97              		.loc 1 92 0
  98 0046 4FF00003 		mov	r3, #0
  99 004a FB70     		strb	r3, [r7, #3]
  93:Libraries/uC-OSIII/os_prio.c ****     p_tbl = &OSPrioTbl[0];
 100              		.loc 1 93 0
 101 004c 40F20003 		movw	r3, #:lower16:OSPrioTbl
 102 0050 C0F20003 		movt	r3, #:upper16:OSPrioTbl
 103 0054 7B60     		str	r3, [r7, #4]
  94:Libraries/uC-OSIII/os_prio.c ****     while (*p_tbl == (CPU_DATA)0) {                         /* Search the bitmap table for the high
 104              		.loc 1 94 0
 105 0056 07E0     		b	.L5
 106              	.L6:
  95:Libraries/uC-OSIII/os_prio.c ****         prio += sizeof(CPU_DATA) * 8u;                      /* Compute the step of each CPU_DATA en
 107              		.loc 1 95 0
 108 0058 FB78     		ldrb	r3, [r7, #3]
 109 005a 03F12003 		add	r3, r3, #32
 110 005e FB70     		strb	r3, [r7, #3]
  96:Libraries/uC-OSIII/os_prio.c ****         p_tbl++;
 111              		.loc 1 96 0
 112 0060 7B68     		ldr	r3, [r7, #4]
 113 0062 03F10403 		add	r3, r3, #4
 114 0066 7B60     		str	r3, [r7, #4]
 115              	.L5:
  94:Libraries/uC-OSIII/os_prio.c ****     while (*p_tbl == (CPU_DATA)0) {                         /* Search the bitmap table for the high
 116              		.loc 1 94 0 discriminator 1
 117 0068 7B68     		ldr	r3, [r7, #4]
 118 006a 1B68     		ldr	r3, [r3, #0]
 119 006c 002B     		cmp	r3, #0
 120 006e F3D0     		beq	.L6
  97:Libraries/uC-OSIII/os_prio.c ****     }
  98:Libraries/uC-OSIII/os_prio.c ****     prio += (OS_PRIO)CPU_CntLeadZeros(*p_tbl);              /* Find the position of the first bit s
 121              		.loc 1 98 0
 122 0070 7B68     		ldr	r3, [r7, #4]
 123 0072 1B68     		ldr	r3, [r3, #0]
 124 0074 1846     		mov	r0, r3
 125 0076 FFF7FEFF 		bl	CPU_CntLeadZeros
 126 007a 0346     		mov	r3, r0
 127 007c DAB2     		uxtb	r2, r3
 128 007e FB78     		ldrb	r3, [r7, #3]
 129 0080 D318     		adds	r3, r2, r3
 130 0082 FB70     		strb	r3, [r7, #3]
  99:Libraries/uC-OSIII/os_prio.c ****     return (prio);
 131              		.loc 1 99 0
 132 0084 FB78     		ldrb	r3, [r7, #3]	@ zero_extendqisi2
 100:Libraries/uC-OSIII/os_prio.c **** }
 133              		.loc 1 100 0
 134 0086 1846     		mov	r0, r3
 135 0088 07F10807 		add	r7, r7, #8
 136 008c BD46     		mov	sp, r7
 137 008e 80BD     		pop	{r7, pc}
 138              		.cfi_endproc
 139              	.LFE1:
 141              		.align	2
 142              		.global	OS_PrioInsert
 143              		.thumb
 144              		.thumb_func
 146              	OS_PrioInsert:
 147              	.LFB2:
 101:Libraries/uC-OSIII/os_prio.c **** 
 102:Libraries/uC-OSIII/os_prio.c **** /*
 103:Libraries/uC-OSIII/os_prio.c **** ***************************************************************************************************
 104:Libraries/uC-OSIII/os_prio.c **** *                                                  INSERT PRIORITY
 105:Libraries/uC-OSIII/os_prio.c **** *
 106:Libraries/uC-OSIII/os_prio.c **** * Description: This function is called to insert a priority in the priority table.
 107:Libraries/uC-OSIII/os_prio.c **** *
 108:Libraries/uC-OSIII/os_prio.c **** * Arguments  : prio     is the priority to insert
 109:Libraries/uC-OSIII/os_prio.c **** *
 110:Libraries/uC-OSIII/os_prio.c **** * Returns    : none
 111:Libraries/uC-OSIII/os_prio.c **** *
 112:Libraries/uC-OSIII/os_prio.c **** * Note(s)    : 1) This function is INTERNAL to uC/OS-III and your application MUST NOT call it.
 113:Libraries/uC-OSIII/os_prio.c **** ***************************************************************************************************
 114:Libraries/uC-OSIII/os_prio.c **** */
 115:Libraries/uC-OSIII/os_prio.c **** 
 116:Libraries/uC-OSIII/os_prio.c **** void  OS_PrioInsert (OS_PRIO  prio)
 117:Libraries/uC-OSIII/os_prio.c **** {
 148              		.loc 1 117 0
 149              		.cfi_startproc
 150              		@ args = 0, pretend = 0, frame = 24
 151              		@ frame_needed = 1, uses_anonymous_args = 0
 152              		@ link register save eliminated.
 153 0090 80B4     		push	{r7}
 154              	.LCFI6:
 155              		.cfi_def_cfa_offset 4
 156              		.cfi_offset 7, -4
 157 0092 87B0     		sub	sp, sp, #28
 158              	.LCFI7:
 159              		.cfi_def_cfa_offset 32
 160 0094 00AF     		add	r7, sp, #0
 161              	.LCFI8:
 162              		.cfi_def_cfa_register 7
 163 0096 0346     		mov	r3, r0
 164 0098 FB71     		strb	r3, [r7, #7]
 118:Libraries/uC-OSIII/os_prio.c ****     CPU_DATA  bit;
 119:Libraries/uC-OSIII/os_prio.c ****     CPU_DATA  bit_nbr;
 120:Libraries/uC-OSIII/os_prio.c ****     OS_PRIO   ix;
 121:Libraries/uC-OSIII/os_prio.c **** 
 122:Libraries/uC-OSIII/os_prio.c **** 
 123:Libraries/uC-OSIII/os_prio.c ****     ix             = prio / (sizeof(CPU_DATA) * 8u);
 165              		.loc 1 123 0
 166 009a FB79     		ldrb	r3, [r7, #7]	@ zero_extendqisi2
 167 009c 4FEA5313 		lsr	r3, r3, #5
 168 00a0 FB75     		strb	r3, [r7, #23]
 124:Libraries/uC-OSIII/os_prio.c ****     bit_nbr        = (CPU_DATA)prio & (sizeof(CPU_DATA) * 8u - 1u);
 169              		.loc 1 124 0
 170 00a2 FB79     		ldrb	r3, [r7, #7]	@ zero_extendqisi2
 171 00a4 03F01F03 		and	r3, r3, #31
 172 00a8 3B61     		str	r3, [r7, #16]
 125:Libraries/uC-OSIII/os_prio.c ****     bit            = 1u;
 173              		.loc 1 125 0
 174 00aa 4FF00103 		mov	r3, #1
 175 00ae FB60     		str	r3, [r7, #12]
 126:Libraries/uC-OSIII/os_prio.c ****     bit          <<= (sizeof(CPU_DATA) * 8u - 1u) - bit_nbr;
 176              		.loc 1 126 0
 177 00b0 3B69     		ldr	r3, [r7, #16]
 178 00b2 C3F11F03 		rsb	r3, r3, #31
 179 00b6 FA68     		ldr	r2, [r7, #12]
 180 00b8 02FA03F3 		lsl	r3, r2, r3
 181 00bc FB60     		str	r3, [r7, #12]
 127:Libraries/uC-OSIII/os_prio.c ****     OSPrioTbl[ix] |= bit;
 182              		.loc 1 127 0
 183 00be FA7D     		ldrb	r2, [r7, #23]	@ zero_extendqisi2
 184 00c0 F97D     		ldrb	r1, [r7, #23]	@ zero_extendqisi2
 185 00c2 40F20003 		movw	r3, #:lower16:OSPrioTbl
 186 00c6 C0F20003 		movt	r3, #:upper16:OSPrioTbl
 187 00ca 53F82110 		ldr	r1, [r3, r1, lsl #2]
 188 00ce FB68     		ldr	r3, [r7, #12]
 189 00d0 1943     		orrs	r1, r1, r3
 190 00d2 40F20003 		movw	r3, #:lower16:OSPrioTbl
 191 00d6 C0F20003 		movt	r3, #:upper16:OSPrioTbl
 192 00da 43F82210 		str	r1, [r3, r2, lsl #2]
 128:Libraries/uC-OSIII/os_prio.c **** }
 193              		.loc 1 128 0
 194 00de 07F11C07 		add	r7, r7, #28
 195 00e2 BD46     		mov	sp, r7
 196 00e4 80BC     		pop	{r7}
 197 00e6 7047     		bx	lr
 198              		.cfi_endproc
 199              	.LFE2:
 201              		.align	2
 202              		.global	OS_PrioRemove
 203              		.thumb
 204              		.thumb_func
 206              	OS_PrioRemove:
 207              	.LFB3:
 129:Libraries/uC-OSIII/os_prio.c **** 
 130:Libraries/uC-OSIII/os_prio.c **** /*
 131:Libraries/uC-OSIII/os_prio.c **** ***************************************************************************************************
 132:Libraries/uC-OSIII/os_prio.c **** *                                                   REMOVE PRIORITY
 133:Libraries/uC-OSIII/os_prio.c **** *
 134:Libraries/uC-OSIII/os_prio.c **** * Description: This function is called to remove a priority in the priority table.
 135:Libraries/uC-OSIII/os_prio.c **** *
 136:Libraries/uC-OSIII/os_prio.c **** * Arguments  : prio     is the priority to remove
 137:Libraries/uC-OSIII/os_prio.c **** *
 138:Libraries/uC-OSIII/os_prio.c **** * Returns    : none
 139:Libraries/uC-OSIII/os_prio.c **** *
 140:Libraries/uC-OSIII/os_prio.c **** * Note(s)    : 1) This function is INTERNAL to uC/OS-III and your application MUST NOT call it.
 141:Libraries/uC-OSIII/os_prio.c **** ***************************************************************************************************
 142:Libraries/uC-OSIII/os_prio.c **** */
 143:Libraries/uC-OSIII/os_prio.c **** 
 144:Libraries/uC-OSIII/os_prio.c **** void  OS_PrioRemove (OS_PRIO  prio)
 145:Libraries/uC-OSIII/os_prio.c **** {
 208              		.loc 1 145 0
 209              		.cfi_startproc
 210              		@ args = 0, pretend = 0, frame = 24
 211              		@ frame_needed = 1, uses_anonymous_args = 0
 212              		@ link register save eliminated.
 213 00e8 80B4     		push	{r7}
 214              	.LCFI9:
 215              		.cfi_def_cfa_offset 4
 216              		.cfi_offset 7, -4
 217 00ea 87B0     		sub	sp, sp, #28
 218              	.LCFI10:
 219              		.cfi_def_cfa_offset 32
 220 00ec 00AF     		add	r7, sp, #0
 221              	.LCFI11:
 222              		.cfi_def_cfa_register 7
 223 00ee 0346     		mov	r3, r0
 224 00f0 FB71     		strb	r3, [r7, #7]
 146:Libraries/uC-OSIII/os_prio.c ****     CPU_DATA  bit;
 147:Libraries/uC-OSIII/os_prio.c ****     CPU_DATA  bit_nbr;
 148:Libraries/uC-OSIII/os_prio.c ****     OS_PRIO   ix;
 149:Libraries/uC-OSIII/os_prio.c **** 
 150:Libraries/uC-OSIII/os_prio.c **** 
 151:Libraries/uC-OSIII/os_prio.c **** 
 152:Libraries/uC-OSIII/os_prio.c ****     ix             = prio / (sizeof(CPU_DATA) * 8u);
 225              		.loc 1 152 0
 226 00f2 FB79     		ldrb	r3, [r7, #7]	@ zero_extendqisi2
 227 00f4 4FEA5313 		lsr	r3, r3, #5
 228 00f8 FB75     		strb	r3, [r7, #23]
 153:Libraries/uC-OSIII/os_prio.c ****     bit_nbr        = (CPU_DATA)prio & (sizeof(CPU_DATA) * 8u - 1u);
 229              		.loc 1 153 0
 230 00fa FB79     		ldrb	r3, [r7, #7]	@ zero_extendqisi2
 231 00fc 03F01F03 		and	r3, r3, #31
 232 0100 3B61     		str	r3, [r7, #16]
 154:Libraries/uC-OSIII/os_prio.c ****     bit            = 1u;
 233              		.loc 1 154 0
 234 0102 4FF00103 		mov	r3, #1
 235 0106 FB60     		str	r3, [r7, #12]
 155:Libraries/uC-OSIII/os_prio.c ****     bit          <<= (sizeof(CPU_DATA) * 8u - 1u) - bit_nbr;
 236              		.loc 1 155 0
 237 0108 3B69     		ldr	r3, [r7, #16]
 238 010a C3F11F03 		rsb	r3, r3, #31
 239 010e FA68     		ldr	r2, [r7, #12]
 240 0110 02FA03F3 		lsl	r3, r2, r3
 241 0114 FB60     		str	r3, [r7, #12]
 156:Libraries/uC-OSIII/os_prio.c ****     OSPrioTbl[ix] &= ~bit;
 242              		.loc 1 156 0
 243 0116 FA7D     		ldrb	r2, [r7, #23]	@ zero_extendqisi2
 244 0118 F97D     		ldrb	r1, [r7, #23]	@ zero_extendqisi2
 245 011a 40F20003 		movw	r3, #:lower16:OSPrioTbl
 246 011e C0F20003 		movt	r3, #:upper16:OSPrioTbl
 247 0122 53F82110 		ldr	r1, [r3, r1, lsl #2]
 248 0126 FB68     		ldr	r3, [r7, #12]
 249 0128 6FEA0303 		mvn	r3, r3
 250 012c 1940     		ands	r1, r1, r3
 251 012e 40F20003 		movw	r3, #:lower16:OSPrioTbl
 252 0132 C0F20003 		movt	r3, #:upper16:OSPrioTbl
 253 0136 43F82210 		str	r1, [r3, r2, lsl #2]
 157:Libraries/uC-OSIII/os_prio.c **** }
 254              		.loc 1 157 0
 255 013a 07F11C07 		add	r7, r7, #28
 256 013e BD46     		mov	sp, r7
 257 0140 80BC     		pop	{r7}
 258 0142 7047     		bx	lr
 259              		.cfi_endproc
 260              	.LFE3:
 262              	.Letext0:
 263              		.file 2 "Libraries/uC-CPU/cpu.h"
 264              		.file 3 "Libraries/uC-OSIII/os_type.h"
DEFINED SYMBOLS
                            *ABS*:00000000 os_prio.c
                            *COM*:00000008 OSPrioTbl
     /tmp/ccKpjJxy.s:19     .text:00000000 $t
     /tmp/ccKpjJxy.s:24     .text:00000000 OS_PrioInit
     /tmp/ccKpjJxy.s:80     .text:00000040 OS_PrioGetHighest
     /tmp/ccKpjJxy.s:146    .text:00000090 OS_PrioInsert
     /tmp/ccKpjJxy.s:206    .text:000000e8 OS_PrioRemove
                     .debug_frame:00000010 $d

UNDEFINED SYMBOLS
CPU_CntLeadZeros
