   1              		.syntax unified
   2              		.cpu cortex-m3
   3              		.fpu softvfp
   4              		.eabi_attribute 20, 1
   5              		.eabi_attribute 21, 1
   6              		.eabi_attribute 23, 3
   7              		.eabi_attribute 24, 1
   8              		.eabi_attribute 25, 1
   9              		.eabi_attribute 26, 1
  10              		.eabi_attribute 30, 6
  11              		.eabi_attribute 34, 1
  12              		.eabi_attribute 18, 4
  13              		.thumb
  14              		.file	"os_var.c"
  15              		.text
  16              	.Ltext0:
  17              		.cfi_sections	.debug_frame
  18              		.comm	OS_AppTaskCreateHookPtr,4,4
  19              		.comm	OS_AppTaskDelHookPtr,4,4
  20              		.comm	OS_AppTaskReturnHookPtr,4,4
  21              		.comm	OS_AppIdleTaskHookPtr,4,4
  22              		.comm	OS_AppStatTaskHookPtr,4,4
  23              		.comm	OS_AppTaskSwHookPtr,4,4
  24              		.comm	OS_AppTimeTickHookPtr,4,4
  25              		.comm	OSIdleTaskCtr,4,4
  26              		.comm	OSIdleTaskTCB,208,8
  27              		.comm	OSIntNestingCtr,1,1
  28              		.comm	OSIntDisTimeMax,4,4
  29              		.comm	OSRunning,1,1
  30              		.comm	OSIntQInPtr,4,4
  31              		.comm	OSIntQOutPtr,4,4
  32              		.comm	OSIntQNbrEntries,2,2
  33              		.comm	OSIntQMaxNbrEntries,2,2
  34              		.comm	OSIntQOvfCtr,2,2
  35              		.comm	OSIntQTaskTCB,208,8
  36              		.comm	OSIntQTaskTimeMax,4,4
  37              		.comm	OSFlagDbgListPtr,4,4
  38              		.comm	OSFlagQty,2,2
  39              		.comm	OSMemDbgListPtr,4,4
  40              		.comm	OSMemQty,2,2
  41              		.comm	OSMsgPool,8,4
  42              		.comm	OSMutexDbgListPtr,4,4
  43              		.comm	OSMutexQty,2,2
  44              		.comm	OSPrioCur,1,1
  45              		.comm	OSPrioHighRdy,1,1
  46              		.comm	OSPrioSaved,1,1
  47              		.comm	OSQDbgListPtr,4,4
  48              		.comm	OSQQty,2,2
  49              		.comm	OSRdyList,768,4
  50              		.comm	OSSchedLockTimeBegin,4,4
  51              		.comm	OSSchedLockTimeMax,4,4
  52              		.comm	OSSchedLockTimeMaxCur,4,4
  53              		.comm	OSSchedLockNestingCtr,1,1
  54              		.comm	OSSchedRoundRobinDfltTimeQuanta,4,4
  55              		.comm	OSSchedRoundRobinEn,1,1
  56              		.comm	OSSemDbgListPtr,4,4
  57              		.comm	OSSemQty,2,2
  58              		.comm	OSStatTaskCPUUsage,1,1
  59              		.comm	OSStatTaskCtr,4,4
  60              		.comm	OSStatTaskCtrMax,4,4
  61              		.comm	OSStatTaskCtrRun,4,4
  62              		.comm	OSStatTaskRdy,1,1
  63              		.comm	OSStatTaskTCB,208,8
  64              		.comm	OSStatTaskTimeMax,4,4
  65              		.comm	OSStatResetFlag,1,1
  66              		.comm	OSTaskCtxSwCtr,4,4
  67              		.comm	OSTaskDbgListPtr,4,4
  68              		.comm	OSTaskQty,2,2
  69              		.comm	OSTickCtr,4,4
  70              		.comm	OSTickTaskTCB,208,8
  71              		.comm	OSTickTaskTimeMax,4,4
  72              		.comm	OSTmrDbgListPtr,4,4
  73              		.comm	OSTmrQty,2,2
  74              		.comm	OSTmrTaskTCB,208,8
  75              		.comm	OSTmrTaskTimeMax,4,4
  76              		.comm	OSTmrTickCtr,4,4
  77              		.comm	OSTmrUpdateCnt,4,4
  78              		.comm	OSTmrUpdateCtr,4,4
  79              		.comm	OSTCBCurPtr,4,4
  80              		.comm	OSTCBHighRdyPtr,4,4
  81              	.Letext0:
  82              		.file 1 "Libraries/uC-CPU/cpu.h"
  83              		.file 2 "Libraries/uC-CPU/cpu_core.h"
  84              		.file 3 "Libraries/uC-OSIII/os_type.h"
  85              		.file 4 "Libraries/uC-OSIII/os.h"
DEFINED SYMBOLS
                            *ABS*:00000000 os_var.c
                            *COM*:00000004 OS_AppTaskCreateHookPtr
                            *COM*:00000004 OS_AppTaskDelHookPtr
                            *COM*:00000004 OS_AppTaskReturnHookPtr
                            *COM*:00000004 OS_AppIdleTaskHookPtr
                            *COM*:00000004 OS_AppStatTaskHookPtr
                            *COM*:00000004 OS_AppTaskSwHookPtr
                            *COM*:00000004 OS_AppTimeTickHookPtr
                            *COM*:00000004 OSIdleTaskCtr
                            *COM*:000000d0 OSIdleTaskTCB
                            *COM*:00000001 OSIntNestingCtr
                            *COM*:00000004 OSIntDisTimeMax
                            *COM*:00000001 OSRunning
                            *COM*:00000004 OSIntQInPtr
                            *COM*:00000004 OSIntQOutPtr
                            *COM*:00000002 OSIntQNbrEntries
                            *COM*:00000002 OSIntQMaxNbrEntries
                            *COM*:00000002 OSIntQOvfCtr
                            *COM*:000000d0 OSIntQTaskTCB
                            *COM*:00000004 OSIntQTaskTimeMax
                            *COM*:00000004 OSFlagDbgListPtr
                            *COM*:00000002 OSFlagQty
                            *COM*:00000004 OSMemDbgListPtr
                            *COM*:00000002 OSMemQty
                            *COM*:00000008 OSMsgPool
                            *COM*:00000004 OSMutexDbgListPtr
                            *COM*:00000002 OSMutexQty
                            *COM*:00000001 OSPrioCur
                            *COM*:00000001 OSPrioHighRdy
                            *COM*:00000001 OSPrioSaved
                            *COM*:00000004 OSQDbgListPtr
                            *COM*:00000002 OSQQty
                            *COM*:00000300 OSRdyList
                            *COM*:00000004 OSSchedLockTimeBegin
                            *COM*:00000004 OSSchedLockTimeMax
                            *COM*:00000004 OSSchedLockTimeMaxCur
                            *COM*:00000001 OSSchedLockNestingCtr
                            *COM*:00000004 OSSchedRoundRobinDfltTimeQuanta
                            *COM*:00000001 OSSchedRoundRobinEn
                            *COM*:00000004 OSSemDbgListPtr
                            *COM*:00000002 OSSemQty
                            *COM*:00000001 OSStatTaskCPUUsage
                            *COM*:00000004 OSStatTaskCtr
                            *COM*:00000004 OSStatTaskCtrMax
                            *COM*:00000004 OSStatTaskCtrRun
                            *COM*:00000001 OSStatTaskRdy
                            *COM*:000000d0 OSStatTaskTCB
                            *COM*:00000004 OSStatTaskTimeMax
                            *COM*:00000001 OSStatResetFlag
                            *COM*:00000004 OSTaskCtxSwCtr
                            *COM*:00000004 OSTaskDbgListPtr
                            *COM*:00000002 OSTaskQty
                            *COM*:00000004 OSTickCtr
                            *COM*:000000d0 OSTickTaskTCB
                            *COM*:00000004 OSTickTaskTimeMax
                            *COM*:00000004 OSTmrDbgListPtr
                            *COM*:00000002 OSTmrQty
                            *COM*:000000d0 OSTmrTaskTCB
                            *COM*:00000004 OSTmrTaskTimeMax
                            *COM*:00000004 OSTmrTickCtr
                            *COM*:00000004 OSTmrUpdateCnt
                            *COM*:00000004 OSTmrUpdateCtr
                            *COM*:00000004 OSTCBCurPtr
                            *COM*:00000004 OSTCBHighRdyPtr

NO UNDEFINED SYMBOLS
