   1              		.syntax unified
   2              		.cpu cortex-m3
   3              		.fpu softvfp
   4              		.eabi_attribute 20, 1
   5              		.eabi_attribute 21, 1
   6              		.eabi_attribute 23, 3
   7              		.eabi_attribute 24, 1
   8              		.eabi_attribute 25, 1
   9              		.eabi_attribute 26, 1
  10              		.eabi_attribute 30, 6
  11              		.eabi_attribute 34, 1
  12              		.eabi_attribute 18, 4
  13              		.thumb
  14              		.file	"font_tbl.c"
  15              		.text
  16              	.Ltext0:
  17              		.cfi_sections	.debug_frame
  18              		.global	BSP_LCD_FontTbl
  19              		.section	.rodata
  20              		.align	2
  23              	BSP_LCD_FontTbl:
  24 0000 00000000 		.word	FontComic18x18
  25 0004 00000000 		.word	FontSwiss16x16
  26 0008 00000000 		.word	FontTerminal8x8
  27 000c 00000000 		.word	0
  28              		.text
  29              	.Letext0:
  30              		.file 1 "Libraries/uC-CPU/cpu.h"
  31              		.file 2 "Libraries/BSP/LCD/bsp_lcd.h"
  32              		.file 3 "Libraries/BSP/LCD/Fonts/font_tbl.c"
DEFINED SYMBOLS
                            *ABS*:00000000 font_tbl.c
     /tmp/ccv5qcVc.s:23     .rodata:00000000 BSP_LCD_FontTbl
     /tmp/ccv5qcVc.s:20     .rodata:00000000 $d

UNDEFINED SYMBOLS
FontComic18x18
FontSwiss16x16
FontTerminal8x8
