   1              		.syntax unified
   2              		.cpu cortex-m3
   3              		.fpu softvfp
   4              		.eabi_attribute 20, 1
   5              		.eabi_attribute 21, 1
   6              		.eabi_attribute 23, 3
   7              		.eabi_attribute 24, 1
   8              		.eabi_attribute 25, 1
   9              		.eabi_attribute 26, 1
  10              		.eabi_attribute 30, 6
  11              		.eabi_attribute 34, 1
  12              		.eabi_attribute 18, 4
  13              		.thumb
  14              		.file	"font_terminal_8x8.c"
  15              		.text
  16              	.Ltext0:
  17              		.cfi_sections	.debug_frame
  18              		.global	FontTerminal8x8_0020
  19              		.section	.rodata
  20              		.align	2
  23              	FontTerminal8x8_0020:
  24 0000 00000000 		.space	8
  24      00000000 
  25              		.global	FontTerminal8x8_0021
  26              		.align	2
  29              	FontTerminal8x8_0021:
  30 0008 18       		.byte	24
  31 0009 3C       		.byte	60
  32 000a 3C       		.byte	60
  33 000b 18       		.byte	24
  34 000c 18       		.byte	24
  35 000d 00       		.byte	0
  36 000e 18       		.byte	24
  37 000f 00       		.byte	0
  38              		.global	FontTerminal8x8_0022
  39              		.align	2
  42              	FontTerminal8x8_0022:
  43 0010 66       		.byte	102
  44 0011 66       		.byte	102
  45 0012 24       		.byte	36
  46 0013 00       		.byte	0
  47 0014 00       		.byte	0
  48 0015 00       		.byte	0
  49 0016 00       		.byte	0
  50 0017 00       		.byte	0
  51              		.global	FontTerminal8x8_0023
  52              		.align	2
  55              	FontTerminal8x8_0023:
  56 0018 6C       		.byte	108
  57 0019 6C       		.byte	108
  58 001a FE       		.byte	-2
  59 001b 6C       		.byte	108
  60 001c FE       		.byte	-2
  61 001d 6C       		.byte	108
  62 001e 6C       		.byte	108
  63 001f 00       		.byte	0
  64              		.global	FontTerminal8x8_0024
  65              		.align	2
  68              	FontTerminal8x8_0024:
  69 0020 18       		.byte	24
  70 0021 3E       		.byte	62
  71 0022 60       		.byte	96
  72 0023 3C       		.byte	60
  73 0024 06       		.byte	6
  74 0025 7C       		.byte	124
  75 0026 18       		.byte	24
  76 0027 00       		.byte	0
  77              		.global	FontTerminal8x8_0025
  78              		.align	2
  81              	FontTerminal8x8_0025:
  82 0028 00       		.byte	0
  83 0029 C6       		.byte	-58
  84 002a CC       		.byte	-52
  85 002b 18       		.byte	24
  86 002c 30       		.byte	48
  87 002d 66       		.byte	102
  88 002e C6       		.byte	-58
  89 002f 00       		.byte	0
  90              		.global	FontTerminal8x8_0026
  91              		.align	2
  94              	FontTerminal8x8_0026:
  95 0030 38       		.byte	56
  96 0031 6C       		.byte	108
  97 0032 38       		.byte	56
  98 0033 76       		.byte	118
  99 0034 DC       		.byte	-36
 100 0035 CC       		.byte	-52
 101 0036 76       		.byte	118
 102 0037 00       		.byte	0
 103              		.global	FontTerminal8x8_0027
 104              		.align	2
 107              	FontTerminal8x8_0027:
 108 0038 18       		.byte	24
 109 0039 18       		.byte	24
 110 003a 30       		.byte	48
 111 003b 00       		.byte	0
 112 003c 00       		.byte	0
 113 003d 00       		.byte	0
 114 003e 00       		.byte	0
 115 003f 00       		.byte	0
 116              		.global	FontTerminal8x8_0028
 117              		.align	2
 120              	FontTerminal8x8_0028:
 121 0040 0C       		.byte	12
 122 0041 18       		.byte	24
 123 0042 30       		.byte	48
 124 0043 30       		.byte	48
 125 0044 30       		.byte	48
 126 0045 18       		.byte	24
 127 0046 0C       		.byte	12
 128 0047 00       		.byte	0
 129              		.global	FontTerminal8x8_0029
 130              		.align	2
 133              	FontTerminal8x8_0029:
 134 0048 30       		.byte	48
 135 0049 18       		.byte	24
 136 004a 0C       		.byte	12
 137 004b 0C       		.byte	12
 138 004c 0C       		.byte	12
 139 004d 18       		.byte	24
 140 004e 30       		.byte	48
 141 004f 00       		.byte	0
 142              		.global	FontTerminal8x8_002A
 143              		.align	2
 146              	FontTerminal8x8_002A:
 147 0050 00       		.byte	0
 148 0051 66       		.byte	102
 149 0052 3C       		.byte	60
 150 0053 FF       		.byte	-1
 151 0054 3C       		.byte	60
 152 0055 66       		.byte	102
 153 0056 00       		.byte	0
 154 0057 00       		.byte	0
 155              		.global	FontTerminal8x8_002B
 156              		.align	2
 159              	FontTerminal8x8_002B:
 160 0058 00       		.byte	0
 161 0059 18       		.byte	24
 162 005a 18       		.byte	24
 163 005b 7E       		.byte	126
 164 005c 18       		.byte	24
 165 005d 18       		.byte	24
 166 005e 00       		.byte	0
 167 005f 00       		.byte	0
 168              		.global	FontTerminal8x8_002C
 169              		.align	2
 172              	FontTerminal8x8_002C:
 173 0060 00       		.byte	0
 174 0061 00       		.byte	0
 175 0062 00       		.byte	0
 176 0063 00       		.byte	0
 177 0064 00       		.byte	0
 178 0065 18       		.byte	24
 179 0066 18       		.byte	24
 180 0067 30       		.byte	48
 181              		.global	FontTerminal8x8_002D
 182              		.align	2
 185              	FontTerminal8x8_002D:
 186 0068 00       		.byte	0
 187 0069 00       		.byte	0
 188 006a 00       		.byte	0
 189 006b 7E       		.byte	126
 190 006c 00       		.byte	0
 191 006d 00       		.byte	0
 192 006e 00       		.byte	0
 193 006f 00       		.byte	0
 194              		.global	FontTerminal8x8_002E
 195              		.align	2
 198              	FontTerminal8x8_002E:
 199 0070 00       		.byte	0
 200 0071 00       		.byte	0
 201 0072 00       		.byte	0
 202 0073 00       		.byte	0
 203 0074 00       		.byte	0
 204 0075 18       		.byte	24
 205 0076 18       		.byte	24
 206 0077 00       		.byte	0
 207              		.global	FontTerminal8x8_002F
 208              		.align	2
 211              	FontTerminal8x8_002F:
 212 0078 06       		.byte	6
 213 0079 0C       		.byte	12
 214 007a 18       		.byte	24
 215 007b 30       		.byte	48
 216 007c 60       		.byte	96
 217 007d C0       		.byte	-64
 218 007e 80       		.byte	-128
 219 007f 00       		.byte	0
 220              		.global	FontTerminal8x8_0030
 221              		.align	2
 224              	FontTerminal8x8_0030:
 225 0080 38       		.byte	56
 226 0081 6C       		.byte	108
 227 0082 C6       		.byte	-58
 228 0083 C6       		.byte	-58
 229 0084 C6       		.byte	-58
 230 0085 6C       		.byte	108
 231 0086 38       		.byte	56
 232 0087 00       		.byte	0
 233              		.global	FontTerminal8x8_0031
 234              		.align	2
 237              	FontTerminal8x8_0031:
 238 0088 18       		.byte	24
 239 0089 38       		.byte	56
 240 008a 18       		.byte	24
 241 008b 18       		.byte	24
 242 008c 18       		.byte	24
 243 008d 18       		.byte	24
 244 008e 7E       		.byte	126
 245 008f 00       		.byte	0
 246              		.global	FontTerminal8x8_0032
 247              		.align	2
 250              	FontTerminal8x8_0032:
 251 0090 7C       		.byte	124
 252 0091 C6       		.byte	-58
 253 0092 06       		.byte	6
 254 0093 1C       		.byte	28
 255 0094 30       		.byte	48
 256 0095 66       		.byte	102
 257 0096 FE       		.byte	-2
 258 0097 00       		.byte	0
 259              		.global	FontTerminal8x8_0033
 260              		.align	2
 263              	FontTerminal8x8_0033:
 264 0098 7C       		.byte	124
 265 0099 C6       		.byte	-58
 266 009a 06       		.byte	6
 267 009b 3C       		.byte	60
 268 009c 06       		.byte	6
 269 009d C6       		.byte	-58
 270 009e 7C       		.byte	124
 271 009f 00       		.byte	0
 272              		.global	FontTerminal8x8_0034
 273              		.align	2
 276              	FontTerminal8x8_0034:
 277 00a0 1C       		.byte	28
 278 00a1 3C       		.byte	60
 279 00a2 6C       		.byte	108
 280 00a3 CC       		.byte	-52
 281 00a4 FE       		.byte	-2
 282 00a5 0C       		.byte	12
 283 00a6 1E       		.byte	30
 284 00a7 00       		.byte	0
 285              		.global	FontTerminal8x8_0035
 286              		.align	2
 289              	FontTerminal8x8_0035:
 290 00a8 FE       		.byte	-2
 291 00a9 C0       		.byte	-64
 292 00aa C0       		.byte	-64
 293 00ab FC       		.byte	-4
 294 00ac 06       		.byte	6
 295 00ad C6       		.byte	-58
 296 00ae 7C       		.byte	124
 297 00af 00       		.byte	0
 298              		.global	FontTerminal8x8_0036
 299              		.align	2
 302              	FontTerminal8x8_0036:
 303 00b0 38       		.byte	56
 304 00b1 60       		.byte	96
 305 00b2 C0       		.byte	-64
 306 00b3 FC       		.byte	-4
 307 00b4 C6       		.byte	-58
 308 00b5 C6       		.byte	-58
 309 00b6 7C       		.byte	124
 310 00b7 00       		.byte	0
 311              		.global	FontTerminal8x8_0037
 312              		.align	2
 315              	FontTerminal8x8_0037:
 316 00b8 FE       		.byte	-2
 317 00b9 C6       		.byte	-58
 318 00ba 0C       		.byte	12
 319 00bb 18       		.byte	24
 320 00bc 30       		.byte	48
 321 00bd 30       		.byte	48
 322 00be 30       		.byte	48
 323 00bf 00       		.byte	0
 324              		.global	FontTerminal8x8_0038
 325              		.align	2
 328              	FontTerminal8x8_0038:
 329 00c0 7C       		.byte	124
 330 00c1 C6       		.byte	-58
 331 00c2 C6       		.byte	-58
 332 00c3 7C       		.byte	124
 333 00c4 C6       		.byte	-58
 334 00c5 C6       		.byte	-58
 335 00c6 7C       		.byte	124
 336 00c7 00       		.byte	0
 337              		.global	FontTerminal8x8_0039
 338              		.align	2
 341              	FontTerminal8x8_0039:
 342 00c8 7C       		.byte	124
 343 00c9 C6       		.byte	-58
 344 00ca C6       		.byte	-58
 345 00cb 7E       		.byte	126
 346 00cc 06       		.byte	6
 347 00cd 0C       		.byte	12
 348 00ce 78       		.byte	120
 349 00cf 00       		.byte	0
 350              		.global	FontTerminal8x8_003A
 351              		.align	2
 354              	FontTerminal8x8_003A:
 355 00d0 00       		.byte	0
 356 00d1 18       		.byte	24
 357 00d2 18       		.byte	24
 358 00d3 00       		.byte	0
 359 00d4 00       		.byte	0
 360 00d5 18       		.byte	24
 361 00d6 18       		.byte	24
 362 00d7 00       		.byte	0
 363              		.global	FontTerminal8x8_003B
 364              		.align	2
 367              	FontTerminal8x8_003B:
 368 00d8 00       		.byte	0
 369 00d9 18       		.byte	24
 370 00da 18       		.byte	24
 371 00db 00       		.byte	0
 372 00dc 00       		.byte	0
 373 00dd 18       		.byte	24
 374 00de 18       		.byte	24
 375 00df 30       		.byte	48
 376              		.global	FontTerminal8x8_003C
 377              		.align	2
 380              	FontTerminal8x8_003C:
 381 00e0 06       		.byte	6
 382 00e1 0C       		.byte	12
 383 00e2 18       		.byte	24
 384 00e3 30       		.byte	48
 385 00e4 18       		.byte	24
 386 00e5 0C       		.byte	12
 387 00e6 06       		.byte	6
 388 00e7 00       		.byte	0
 389              		.global	FontTerminal8x8_003D
 390              		.align	2
 393              	FontTerminal8x8_003D:
 394 00e8 00       		.byte	0
 395 00e9 00       		.byte	0
 396 00ea 7E       		.byte	126
 397 00eb 00       		.byte	0
 398 00ec 00       		.byte	0
 399 00ed 7E       		.byte	126
 400 00ee 00       		.byte	0
 401 00ef 00       		.byte	0
 402              		.global	FontTerminal8x8_003E
 403              		.align	2
 406              	FontTerminal8x8_003E:
 407 00f0 60       		.byte	96
 408 00f1 30       		.byte	48
 409 00f2 18       		.byte	24
 410 00f3 0C       		.byte	12
 411 00f4 18       		.byte	24
 412 00f5 30       		.byte	48
 413 00f6 60       		.byte	96
 414 00f7 00       		.byte	0
 415              		.global	FontTerminal8x8_003F
 416              		.align	2
 419              	FontTerminal8x8_003F:
 420 00f8 7C       		.byte	124
 421 00f9 C6       		.byte	-58
 422 00fa 0C       		.byte	12
 423 00fb 18       		.byte	24
 424 00fc 18       		.byte	24
 425 00fd 00       		.byte	0
 426 00fe 18       		.byte	24
 427 00ff 00       		.byte	0
 428              		.global	FontTerminal8x8_0040
 429              		.align	2
 432              	FontTerminal8x8_0040:
 433 0100 7C       		.byte	124
 434 0101 C6       		.byte	-58
 435 0102 DE       		.byte	-34
 436 0103 DE       		.byte	-34
 437 0104 DE       		.byte	-34
 438 0105 C0       		.byte	-64
 439 0106 78       		.byte	120
 440 0107 00       		.byte	0
 441              		.global	FontTerminal8x8_0041
 442              		.align	2
 445              	FontTerminal8x8_0041:
 446 0108 38       		.byte	56
 447 0109 6C       		.byte	108
 448 010a C6       		.byte	-58
 449 010b FE       		.byte	-2
 450 010c C6       		.byte	-58
 451 010d C6       		.byte	-58
 452 010e C6       		.byte	-58
 453 010f 00       		.byte	0
 454              		.global	FontTerminal8x8_0042
 455              		.align	2
 458              	FontTerminal8x8_0042:
 459 0110 FC       		.byte	-4
 460 0111 66       		.byte	102
 461 0112 66       		.byte	102
 462 0113 7C       		.byte	124
 463 0114 66       		.byte	102
 464 0115 66       		.byte	102
 465 0116 FC       		.byte	-4
 466 0117 00       		.byte	0
 467              		.global	FontTerminal8x8_0043
 468              		.align	2
 471              	FontTerminal8x8_0043:
 472 0118 3C       		.byte	60
 473 0119 66       		.byte	102
 474 011a C0       		.byte	-64
 475 011b C0       		.byte	-64
 476 011c C0       		.byte	-64
 477 011d 66       		.byte	102
 478 011e 3C       		.byte	60
 479 011f 00       		.byte	0
 480              		.global	FontTerminal8x8_0044
 481              		.align	2
 484              	FontTerminal8x8_0044:
 485 0120 F8       		.byte	-8
 486 0121 6C       		.byte	108
 487 0122 66       		.byte	102
 488 0123 66       		.byte	102
 489 0124 66       		.byte	102
 490 0125 6C       		.byte	108
 491 0126 F8       		.byte	-8
 492 0127 00       		.byte	0
 493              		.global	FontTerminal8x8_0045
 494              		.align	2
 497              	FontTerminal8x8_0045:
 498 0128 FE       		.byte	-2
 499 0129 62       		.byte	98
 500 012a 68       		.byte	104
 501 012b 78       		.byte	120
 502 012c 68       		.byte	104
 503 012d 62       		.byte	98
 504 012e FE       		.byte	-2
 505 012f 00       		.byte	0
 506              		.global	FontTerminal8x8_0046
 507              		.align	2
 510              	FontTerminal8x8_0046:
 511 0130 FE       		.byte	-2
 512 0131 62       		.byte	98
 513 0132 68       		.byte	104
 514 0133 78       		.byte	120
 515 0134 68       		.byte	104
 516 0135 60       		.byte	96
 517 0136 F0       		.byte	-16
 518 0137 00       		.byte	0
 519              		.global	FontTerminal8x8_0047
 520              		.align	2
 523              	FontTerminal8x8_0047:
 524 0138 3C       		.byte	60
 525 0139 66       		.byte	102
 526 013a C0       		.byte	-64
 527 013b C0       		.byte	-64
 528 013c CE       		.byte	-50
 529 013d 66       		.byte	102
 530 013e 3A       		.byte	58
 531 013f 00       		.byte	0
 532              		.global	FontTerminal8x8_0048
 533              		.align	2
 536              	FontTerminal8x8_0048:
 537 0140 C6       		.byte	-58
 538 0141 C6       		.byte	-58
 539 0142 C6       		.byte	-58
 540 0143 FE       		.byte	-2
 541 0144 C6       		.byte	-58
 542 0145 C6       		.byte	-58
 543 0146 C6       		.byte	-58
 544 0147 00       		.byte	0
 545              		.global	FontTerminal8x8_0049
 546              		.align	2
 549              	FontTerminal8x8_0049:
 550 0148 3C       		.byte	60
 551 0149 18       		.byte	24
 552 014a 18       		.byte	24
 553 014b 18       		.byte	24
 554 014c 18       		.byte	24
 555 014d 18       		.byte	24
 556 014e 3C       		.byte	60
 557 014f 00       		.byte	0
 558              		.global	FontTerminal8x8_004A
 559              		.align	2
 562              	FontTerminal8x8_004A:
 563 0150 1E       		.byte	30
 564 0151 0C       		.byte	12
 565 0152 0C       		.byte	12
 566 0153 0C       		.byte	12
 567 0154 CC       		.byte	-52
 568 0155 CC       		.byte	-52
 569 0156 78       		.byte	120
 570 0157 00       		.byte	0
 571              		.global	FontTerminal8x8_004B
 572              		.align	2
 575              	FontTerminal8x8_004B:
 576 0158 E6       		.byte	-26
 577 0159 66       		.byte	102
 578 015a 6C       		.byte	108
 579 015b 78       		.byte	120
 580 015c 6C       		.byte	108
 581 015d 66       		.byte	102
 582 015e E6       		.byte	-26
 583 015f 00       		.byte	0
 584              		.global	FontTerminal8x8_004C
 585              		.align	2
 588              	FontTerminal8x8_004C:
 589 0160 F0       		.byte	-16
 590 0161 60       		.byte	96
 591 0162 60       		.byte	96
 592 0163 60       		.byte	96
 593 0164 62       		.byte	98
 594 0165 66       		.byte	102
 595 0166 FE       		.byte	-2
 596 0167 00       		.byte	0
 597              		.global	FontTerminal8x8_004D
 598              		.align	2
 601              	FontTerminal8x8_004D:
 602 0168 C6       		.byte	-58
 603 0169 EE       		.byte	-18
 604 016a FE       		.byte	-2
 605 016b FE       		.byte	-2
 606 016c D6       		.byte	-42
 607 016d C6       		.byte	-58
 608 016e C6       		.byte	-58
 609 016f 00       		.byte	0
 610              		.global	FontTerminal8x8_004E
 611              		.align	2
 614              	FontTerminal8x8_004E:
 615 0170 C6       		.byte	-58
 616 0171 E6       		.byte	-26
 617 0172 F6       		.byte	-10
 618 0173 DE       		.byte	-34
 619 0174 CE       		.byte	-50
 620 0175 C6       		.byte	-58
 621 0176 C6       		.byte	-58
 622 0177 00       		.byte	0
 623              		.global	FontTerminal8x8_004F
 624              		.align	2
 627              	FontTerminal8x8_004F:
 628 0178 7C       		.byte	124
 629 0179 C6       		.byte	-58
 630 017a C6       		.byte	-58
 631 017b C6       		.byte	-58
 632 017c C6       		.byte	-58
 633 017d C6       		.byte	-58
 634 017e 7C       		.byte	124
 635 017f 00       		.byte	0
 636              		.global	FontTerminal8x8_0050
 637              		.align	2
 640              	FontTerminal8x8_0050:
 641 0180 FC       		.byte	-4
 642 0181 66       		.byte	102
 643 0182 66       		.byte	102
 644 0183 7C       		.byte	124
 645 0184 60       		.byte	96
 646 0185 60       		.byte	96
 647 0186 F0       		.byte	-16
 648 0187 00       		.byte	0
 649              		.global	FontTerminal8x8_0051
 650              		.align	2
 653              	FontTerminal8x8_0051:
 654 0188 7C       		.byte	124
 655 0189 C6       		.byte	-58
 656 018a C6       		.byte	-58
 657 018b C6       		.byte	-58
 658 018c C6       		.byte	-58
 659 018d CE       		.byte	-50
 660 018e 7C       		.byte	124
 661 018f 0E       		.byte	14
 662              		.global	FontTerminal8x8_0052
 663              		.align	2
 666              	FontTerminal8x8_0052:
 667 0190 FC       		.byte	-4
 668 0191 66       		.byte	102
 669 0192 66       		.byte	102
 670 0193 7C       		.byte	124
 671 0194 6C       		.byte	108
 672 0195 66       		.byte	102
 673 0196 E6       		.byte	-26
 674 0197 00       		.byte	0
 675              		.global	FontTerminal8x8_0053
 676              		.align	2
 679              	FontTerminal8x8_0053:
 680 0198 3C       		.byte	60
 681 0199 66       		.byte	102
 682 019a 30       		.byte	48
 683 019b 18       		.byte	24
 684 019c 0C       		.byte	12
 685 019d 66       		.byte	102
 686 019e 3C       		.byte	60
 687 019f 00       		.byte	0
 688              		.global	FontTerminal8x8_0054
 689              		.align	2
 692              	FontTerminal8x8_0054:
 693 01a0 7E       		.byte	126
 694 01a1 7E       		.byte	126
 695 01a2 5A       		.byte	90
 696 01a3 18       		.byte	24
 697 01a4 18       		.byte	24
 698 01a5 18       		.byte	24
 699 01a6 3C       		.byte	60
 700 01a7 00       		.byte	0
 701              		.global	FontTerminal8x8_0055
 702              		.align	2
 705              	FontTerminal8x8_0055:
 706 01a8 C6       		.byte	-58
 707 01a9 C6       		.byte	-58
 708 01aa C6       		.byte	-58
 709 01ab C6       		.byte	-58
 710 01ac C6       		.byte	-58
 711 01ad C6       		.byte	-58
 712 01ae 7C       		.byte	124
 713 01af 00       		.byte	0
 714              		.global	FontTerminal8x8_0056
 715              		.align	2
 718              	FontTerminal8x8_0056:
 719 01b0 C6       		.byte	-58
 720 01b1 C6       		.byte	-58
 721 01b2 C6       		.byte	-58
 722 01b3 C6       		.byte	-58
 723 01b4 C6       		.byte	-58
 724 01b5 6C       		.byte	108
 725 01b6 38       		.byte	56
 726 01b7 00       		.byte	0
 727              		.global	FontTerminal8x8_0057
 728              		.align	2
 731              	FontTerminal8x8_0057:
 732 01b8 C6       		.byte	-58
 733 01b9 C6       		.byte	-58
 734 01ba C6       		.byte	-58
 735 01bb D6       		.byte	-42
 736 01bc D6       		.byte	-42
 737 01bd FE       		.byte	-2
 738 01be 6C       		.byte	108
 739 01bf 00       		.byte	0
 740              		.global	FontTerminal8x8_0058
 741              		.align	2
 744              	FontTerminal8x8_0058:
 745 01c0 C6       		.byte	-58
 746 01c1 C6       		.byte	-58
 747 01c2 6C       		.byte	108
 748 01c3 38       		.byte	56
 749 01c4 6C       		.byte	108
 750 01c5 C6       		.byte	-58
 751 01c6 C6       		.byte	-58
 752 01c7 00       		.byte	0
 753              		.global	FontTerminal8x8_0059
 754              		.align	2
 757              	FontTerminal8x8_0059:
 758 01c8 66       		.byte	102
 759 01c9 66       		.byte	102
 760 01ca 66       		.byte	102
 761 01cb 3C       		.byte	60
 762 01cc 18       		.byte	24
 763 01cd 18       		.byte	24
 764 01ce 3C       		.byte	60
 765 01cf 00       		.byte	0
 766              		.global	FontTerminal8x8_005A
 767              		.align	2
 770              	FontTerminal8x8_005A:
 771 01d0 FE       		.byte	-2
 772 01d1 C6       		.byte	-58
 773 01d2 8C       		.byte	-116
 774 01d3 18       		.byte	24
 775 01d4 32       		.byte	50
 776 01d5 66       		.byte	102
 777 01d6 FE       		.byte	-2
 778 01d7 00       		.byte	0
 779              		.global	FontTerminal8x8_005B
 780              		.align	2
 783              	FontTerminal8x8_005B:
 784 01d8 3C       		.byte	60
 785 01d9 30       		.byte	48
 786 01da 30       		.byte	48
 787 01db 30       		.byte	48
 788 01dc 30       		.byte	48
 789 01dd 30       		.byte	48
 790 01de 3C       		.byte	60
 791 01df 00       		.byte	0
 792              		.global	FontTerminal8x8_005C
 793              		.align	2
 796              	FontTerminal8x8_005C:
 797 01e0 C0       		.byte	-64
 798 01e1 60       		.byte	96
 799 01e2 30       		.byte	48
 800 01e3 18       		.byte	24
 801 01e4 0C       		.byte	12
 802 01e5 06       		.byte	6
 803 01e6 02       		.byte	2
 804 01e7 00       		.byte	0
 805              		.global	FontTerminal8x8_005D
 806              		.align	2
 809              	FontTerminal8x8_005D:
 810 01e8 3C       		.byte	60
 811 01e9 0C       		.byte	12
 812 01ea 0C       		.byte	12
 813 01eb 0C       		.byte	12
 814 01ec 0C       		.byte	12
 815 01ed 0C       		.byte	12
 816 01ee 3C       		.byte	60
 817 01ef 00       		.byte	0
 818              		.global	FontTerminal8x8_005E
 819              		.align	2
 822              	FontTerminal8x8_005E:
 823 01f0 10       		.byte	16
 824 01f1 38       		.byte	56
 825 01f2 6C       		.byte	108
 826 01f3 C6       		.byte	-58
 827 01f4 00       		.byte	0
 828 01f5 00       		.byte	0
 829 01f6 00       		.byte	0
 830 01f7 00       		.byte	0
 831              		.global	FontTerminal8x8_005F
 832              		.align	2
 835              	FontTerminal8x8_005F:
 836 01f8 00       		.byte	0
 837 01f9 00       		.byte	0
 838 01fa 00       		.byte	0
 839 01fb 00       		.byte	0
 840 01fc 00       		.byte	0
 841 01fd 00       		.byte	0
 842 01fe 00       		.byte	0
 843 01ff FF       		.byte	-1
 844              		.global	FontTerminal8x8_0060
 845              		.align	2
 848              	FontTerminal8x8_0060:
 849 0200 30       		.byte	48
 850 0201 18       		.byte	24
 851 0202 0C       		.byte	12
 852 0203 00       		.byte	0
 853 0204 00       		.byte	0
 854 0205 00       		.byte	0
 855 0206 00       		.byte	0
 856 0207 00       		.byte	0
 857              		.global	FontTerminal8x8_0061
 858              		.align	2
 861              	FontTerminal8x8_0061:
 862 0208 00       		.byte	0
 863 0209 00       		.byte	0
 864 020a 78       		.byte	120
 865 020b 0C       		.byte	12
 866 020c 7C       		.byte	124
 867 020d CC       		.byte	-52
 868 020e 76       		.byte	118
 869 020f 00       		.byte	0
 870              		.global	FontTerminal8x8_0062
 871              		.align	2
 874              	FontTerminal8x8_0062:
 875 0210 E0       		.byte	-32
 876 0211 60       		.byte	96
 877 0212 7C       		.byte	124
 878 0213 66       		.byte	102
 879 0214 66       		.byte	102
 880 0215 66       		.byte	102
 881 0216 DC       		.byte	-36
 882 0217 00       		.byte	0
 883              		.global	FontTerminal8x8_0063
 884              		.align	2
 887              	FontTerminal8x8_0063:
 888 0218 00       		.byte	0
 889 0219 00       		.byte	0
 890 021a 7C       		.byte	124
 891 021b C6       		.byte	-58
 892 021c C0       		.byte	-64
 893 021d C6       		.byte	-58
 894 021e 7C       		.byte	124
 895 021f 00       		.byte	0
 896              		.global	FontTerminal8x8_0064
 897              		.align	2
 900              	FontTerminal8x8_0064:
 901 0220 1C       		.byte	28
 902 0221 0C       		.byte	12
 903 0222 7C       		.byte	124
 904 0223 CC       		.byte	-52
 905 0224 CC       		.byte	-52
 906 0225 CC       		.byte	-52
 907 0226 76       		.byte	118
 908 0227 00       		.byte	0
 909              		.global	FontTerminal8x8_0065
 910              		.align	2
 913              	FontTerminal8x8_0065:
 914 0228 00       		.byte	0
 915 0229 00       		.byte	0
 916 022a 7C       		.byte	124
 917 022b C6       		.byte	-58
 918 022c FE       		.byte	-2
 919 022d C0       		.byte	-64
 920 022e 7C       		.byte	124
 921 022f 00       		.byte	0
 922              		.global	FontTerminal8x8_0066
 923              		.align	2
 926              	FontTerminal8x8_0066:
 927 0230 3C       		.byte	60
 928 0231 66       		.byte	102
 929 0232 60       		.byte	96
 930 0233 F8       		.byte	-8
 931 0234 60       		.byte	96
 932 0235 60       		.byte	96
 933 0236 F0       		.byte	-16
 934 0237 00       		.byte	0
 935              		.global	FontTerminal8x8_0067
 936              		.align	2
 939              	FontTerminal8x8_0067:
 940 0238 00       		.byte	0
 941 0239 00       		.byte	0
 942 023a 76       		.byte	118
 943 023b CC       		.byte	-52
 944 023c CC       		.byte	-52
 945 023d 7C       		.byte	124
 946 023e 0C       		.byte	12
 947 023f F8       		.byte	-8
 948              		.global	FontTerminal8x8_0068
 949              		.align	2
 952              	FontTerminal8x8_0068:
 953 0240 E0       		.byte	-32
 954 0241 60       		.byte	96
 955 0242 6C       		.byte	108
 956 0243 76       		.byte	118
 957 0244 66       		.byte	102
 958 0245 66       		.byte	102
 959 0246 E6       		.byte	-26
 960 0247 00       		.byte	0
 961              		.global	FontTerminal8x8_0069
 962              		.align	2
 965              	FontTerminal8x8_0069:
 966 0248 18       		.byte	24
 967 0249 00       		.byte	0
 968 024a 38       		.byte	56
 969 024b 18       		.byte	24
 970 024c 18       		.byte	24
 971 024d 18       		.byte	24
 972 024e 3C       		.byte	60
 973 024f 00       		.byte	0
 974              		.global	FontTerminal8x8_006A
 975              		.align	2
 978              	FontTerminal8x8_006A:
 979 0250 06       		.byte	6
 980 0251 00       		.byte	0
 981 0252 06       		.byte	6
 982 0253 06       		.byte	6
 983 0254 06       		.byte	6
 984 0255 66       		.byte	102
 985 0256 66       		.byte	102
 986 0257 3C       		.byte	60
 987              		.global	FontTerminal8x8_006B
 988              		.align	2
 991              	FontTerminal8x8_006B:
 992 0258 E0       		.byte	-32
 993 0259 60       		.byte	96
 994 025a 66       		.byte	102
 995 025b 6C       		.byte	108
 996 025c 78       		.byte	120
 997 025d 6C       		.byte	108
 998 025e E6       		.byte	-26
 999 025f 00       		.byte	0
 1000              		.global	FontTerminal8x8_006C
 1001              		.align	2
 1004              	FontTerminal8x8_006C:
 1005 0260 38       		.byte	56
 1006 0261 18       		.byte	24
 1007 0262 18       		.byte	24
 1008 0263 18       		.byte	24
 1009 0264 18       		.byte	24
 1010 0265 18       		.byte	24
 1011 0266 3C       		.byte	60
 1012 0267 00       		.byte	0
 1013              		.global	FontTerminal8x8_006D
 1014              		.align	2
 1017              	FontTerminal8x8_006D:
 1018 0268 00       		.byte	0
 1019 0269 00       		.byte	0
 1020 026a EC       		.byte	-20
 1021 026b FE       		.byte	-2
 1022 026c D6       		.byte	-42
 1023 026d D6       		.byte	-42
 1024 026e D6       		.byte	-42
 1025 026f 00       		.byte	0
 1026              		.global	FontTerminal8x8_006E
 1027              		.align	2
 1030              	FontTerminal8x8_006E:
 1031 0270 00       		.byte	0
 1032 0271 00       		.byte	0
 1033 0272 DC       		.byte	-36
 1034 0273 66       		.byte	102
 1035 0274 66       		.byte	102
 1036 0275 66       		.byte	102
 1037 0276 66       		.byte	102
 1038 0277 00       		.byte	0
 1039              		.global	FontTerminal8x8_006F
 1040              		.align	2
 1043              	FontTerminal8x8_006F:
 1044 0278 00       		.byte	0
 1045 0279 00       		.byte	0
 1046 027a 7C       		.byte	124
 1047 027b C6       		.byte	-58
 1048 027c C6       		.byte	-58
 1049 027d C6       		.byte	-58
 1050 027e 7C       		.byte	124
 1051 027f 00       		.byte	0
 1052              		.global	FontTerminal8x8_0070
 1053              		.align	2
 1056              	FontTerminal8x8_0070:
 1057 0280 00       		.byte	0
 1058 0281 00       		.byte	0
 1059 0282 DC       		.byte	-36
 1060 0283 66       		.byte	102
 1061 0284 66       		.byte	102
 1062 0285 7C       		.byte	124
 1063 0286 60       		.byte	96
 1064 0287 F0       		.byte	-16
 1065              		.global	FontTerminal8x8_0071
 1066              		.align	2
 1069              	FontTerminal8x8_0071:
 1070 0288 00       		.byte	0
 1071 0289 00       		.byte	0
 1072 028a 76       		.byte	118
 1073 028b CC       		.byte	-52
 1074 028c CC       		.byte	-52
 1075 028d 7C       		.byte	124
 1076 028e 0C       		.byte	12
 1077 028f 1E       		.byte	30
 1078              		.global	FontTerminal8x8_0072
 1079              		.align	2
 1082              	FontTerminal8x8_0072:
 1083 0290 00       		.byte	0
 1084 0291 00       		.byte	0
 1085 0292 DC       		.byte	-36
 1086 0293 76       		.byte	118
 1087 0294 60       		.byte	96
 1088 0295 60       		.byte	96
 1089 0296 F0       		.byte	-16
 1090 0297 00       		.byte	0
 1091              		.global	FontTerminal8x8_0073
 1092              		.align	2
 1095              	FontTerminal8x8_0073:
 1096 0298 00       		.byte	0
 1097 0299 00       		.byte	0
 1098 029a 7E       		.byte	126
 1099 029b C0       		.byte	-64
 1100 029c 7C       		.byte	124
 1101 029d 06       		.byte	6
 1102 029e FC       		.byte	-4
 1103 029f 00       		.byte	0
 1104              		.global	FontTerminal8x8_0074
 1105              		.align	2
 1108              	FontTerminal8x8_0074:
 1109 02a0 30       		.byte	48
 1110 02a1 30       		.byte	48
 1111 02a2 FC       		.byte	-4
 1112 02a3 30       		.byte	48
 1113 02a4 30       		.byte	48
 1114 02a5 36       		.byte	54
 1115 02a6 1C       		.byte	28
 1116 02a7 00       		.byte	0
 1117              		.global	FontTerminal8x8_0075
 1118              		.align	2
 1121              	FontTerminal8x8_0075:
 1122 02a8 00       		.byte	0
 1123 02a9 00       		.byte	0
 1124 02aa CC       		.byte	-52
 1125 02ab CC       		.byte	-52
 1126 02ac CC       		.byte	-52
 1127 02ad CC       		.byte	-52
 1128 02ae 76       		.byte	118
 1129 02af 00       		.byte	0
 1130              		.global	FontTerminal8x8_0076
 1131              		.align	2
 1134              	FontTerminal8x8_0076:
 1135 02b0 00       		.byte	0
 1136 02b1 00       		.byte	0
 1137 02b2 C6       		.byte	-58
 1138 02b3 C6       		.byte	-58
 1139 02b4 C6       		.byte	-58
 1140 02b5 6C       		.byte	108
 1141 02b6 38       		.byte	56
 1142 02b7 00       		.byte	0
 1143              		.global	FontTerminal8x8_0077
 1144              		.align	2
 1147              	FontTerminal8x8_0077:
 1148 02b8 00       		.byte	0
 1149 02b9 00       		.byte	0
 1150 02ba C6       		.byte	-58
 1151 02bb D6       		.byte	-42
 1152 02bc D6       		.byte	-42
 1153 02bd FE       		.byte	-2
 1154 02be 6C       		.byte	108
 1155 02bf 00       		.byte	0
 1156              		.global	FontTerminal8x8_0078
 1157              		.align	2
 1160              	FontTerminal8x8_0078:
 1161 02c0 00       		.byte	0
 1162 02c1 00       		.byte	0
 1163 02c2 C6       		.byte	-58
 1164 02c3 6C       		.byte	108
 1165 02c4 38       		.byte	56
 1166 02c5 6C       		.byte	108
 1167 02c6 C6       		.byte	-58
 1168 02c7 00       		.byte	0
 1169              		.global	FontTerminal8x8_0079
 1170              		.align	2
 1173              	FontTerminal8x8_0079:
 1174 02c8 00       		.byte	0
 1175 02c9 00       		.byte	0
 1176 02ca C6       		.byte	-58
 1177 02cb C6       		.byte	-58
 1178 02cc C6       		.byte	-58
 1179 02cd 7E       		.byte	126
 1180 02ce 06       		.byte	6
 1181 02cf FC       		.byte	-4
 1182              		.global	FontTerminal8x8_007A
 1183              		.align	2
 1186              	FontTerminal8x8_007A:
 1187 02d0 00       		.byte	0
 1188 02d1 00       		.byte	0
 1189 02d2 7E       		.byte	126
 1190 02d3 4C       		.byte	76
 1191 02d4 18       		.byte	24
 1192 02d5 32       		.byte	50
 1193 02d6 7E       		.byte	126
 1194 02d7 00       		.byte	0
 1195              		.global	FontTerminal8x8_007B
 1196              		.align	2
 1199              	FontTerminal8x8_007B:
 1200 02d8 0E       		.byte	14
 1201 02d9 18       		.byte	24
 1202 02da 18       		.byte	24
 1203 02db 70       		.byte	112
 1204 02dc 18       		.byte	24
 1205 02dd 18       		.byte	24
 1206 02de 0E       		.byte	14
 1207 02df 00       		.byte	0
 1208              		.global	FontTerminal8x8_007C
 1209              		.align	2
 1212              	FontTerminal8x8_007C:
 1213 02e0 18       		.byte	24
 1214 02e1 18       		.byte	24
 1215 02e2 18       		.byte	24
 1216 02e3 18       		.byte	24
 1217 02e4 18       		.byte	24
 1218 02e5 18       		.byte	24
 1219 02e6 18       		.byte	24
 1220 02e7 00       		.byte	0
 1221              		.global	FontTerminal8x8_007D
 1222              		.align	2
 1225              	FontTerminal8x8_007D:
 1226 02e8 70       		.byte	112
 1227 02e9 18       		.byte	24
 1228 02ea 18       		.byte	24
 1229 02eb 0E       		.byte	14
 1230 02ec 18       		.byte	24
 1231 02ed 18       		.byte	24
 1232 02ee 70       		.byte	112
 1233 02ef 00       		.byte	0
 1234              		.global	FontTerminal8x8_007E
 1235              		.align	2
 1238              	FontTerminal8x8_007E:
 1239 02f0 76       		.byte	118
 1240 02f1 DC       		.byte	-36
 1241 02f2 00       		.byte	0
 1242 02f3 00       		.byte	0
 1243 02f4 00       		.byte	0
 1244 02f5 00       		.byte	0
 1245 02f6 00       		.byte	0
 1246 02f7 00       		.byte	0
 1247              		.global	FontTerminal8x8_CharTbl
 1248              		.align	2
 1251              	FontTerminal8x8_CharTbl:
 1252 02f8 08       		.byte	8
 1253 02f9 08       		.byte	8
 1254 02fa 01       		.byte	1
 1255 02fb 00       		.space	1
 1256 02fc 00000000 		.word	FontTerminal8x8_0020
 1257 0300 08       		.byte	8
 1258 0301 08       		.byte	8
 1259 0302 01       		.byte	1
 1260 0303 00       		.space	1
 1261 0304 00000000 		.word	FontTerminal8x8_0021
 1262 0308 08       		.byte	8
 1263 0309 08       		.byte	8
 1264 030a 01       		.byte	1
 1265 030b 00       		.space	1
 1266 030c 00000000 		.word	FontTerminal8x8_0022
 1267 0310 08       		.byte	8
 1268 0311 08       		.byte	8
 1269 0312 01       		.byte	1
 1270 0313 00       		.space	1
 1271 0314 00000000 		.word	FontTerminal8x8_0023
 1272 0318 08       		.byte	8
 1273 0319 08       		.byte	8
 1274 031a 01       		.byte	1
 1275 031b 00       		.space	1
 1276 031c 00000000 		.word	FontTerminal8x8_0024
 1277 0320 08       		.byte	8
 1278 0321 08       		.byte	8
 1279 0322 01       		.byte	1
 1280 0323 00       		.space	1
 1281 0324 00000000 		.word	FontTerminal8x8_0025
 1282 0328 08       		.byte	8
 1283 0329 08       		.byte	8
 1284 032a 01       		.byte	1
 1285 032b 00       		.space	1
 1286 032c 00000000 		.word	FontTerminal8x8_0026
 1287 0330 08       		.byte	8
 1288 0331 08       		.byte	8
 1289 0332 01       		.byte	1
 1290 0333 00       		.space	1
 1291 0334 00000000 		.word	FontTerminal8x8_0027
 1292 0338 08       		.byte	8
 1293 0339 08       		.byte	8
 1294 033a 01       		.byte	1
 1295 033b 00       		.space	1
 1296 033c 00000000 		.word	FontTerminal8x8_0028
 1297 0340 08       		.byte	8
 1298 0341 08       		.byte	8
 1299 0342 01       		.byte	1
 1300 0343 00       		.space	1
 1301 0344 00000000 		.word	FontTerminal8x8_0029
 1302 0348 08       		.byte	8
 1303 0349 08       		.byte	8
 1304 034a 01       		.byte	1
 1305 034b 00       		.space	1
 1306 034c 00000000 		.word	FontTerminal8x8_002A
 1307 0350 08       		.byte	8
 1308 0351 08       		.byte	8
 1309 0352 01       		.byte	1
 1310 0353 00       		.space	1
 1311 0354 00000000 		.word	FontTerminal8x8_002B
 1312 0358 08       		.byte	8
 1313 0359 08       		.byte	8
 1314 035a 01       		.byte	1
 1315 035b 00       		.space	1
 1316 035c 00000000 		.word	FontTerminal8x8_002C
 1317 0360 08       		.byte	8
 1318 0361 08       		.byte	8
 1319 0362 01       		.byte	1
 1320 0363 00       		.space	1
 1321 0364 00000000 		.word	FontTerminal8x8_002D
 1322 0368 08       		.byte	8
 1323 0369 08       		.byte	8
 1324 036a 01       		.byte	1
 1325 036b 00       		.space	1
 1326 036c 00000000 		.word	FontTerminal8x8_002E
 1327 0370 08       		.byte	8
 1328 0371 08       		.byte	8
 1329 0372 01       		.byte	1
 1330 0373 00       		.space	1
 1331 0374 00000000 		.word	FontTerminal8x8_002F
 1332 0378 08       		.byte	8
 1333 0379 08       		.byte	8
 1334 037a 01       		.byte	1
 1335 037b 00       		.space	1
 1336 037c 00000000 		.word	FontTerminal8x8_0030
 1337 0380 08       		.byte	8
 1338 0381 08       		.byte	8
 1339 0382 01       		.byte	1
 1340 0383 00       		.space	1
 1341 0384 00000000 		.word	FontTerminal8x8_0031
 1342 0388 08       		.byte	8
 1343 0389 08       		.byte	8
 1344 038a 01       		.byte	1
 1345 038b 00       		.space	1
 1346 038c 00000000 		.word	FontTerminal8x8_0032
 1347 0390 08       		.byte	8
 1348 0391 08       		.byte	8
 1349 0392 01       		.byte	1
 1350 0393 00       		.space	1
 1351 0394 00000000 		.word	FontTerminal8x8_0033
 1352 0398 08       		.byte	8
 1353 0399 08       		.byte	8
 1354 039a 01       		.byte	1
 1355 039b 00       		.space	1
 1356 039c 00000000 		.word	FontTerminal8x8_0034
 1357 03a0 08       		.byte	8
 1358 03a1 08       		.byte	8
 1359 03a2 01       		.byte	1
 1360 03a3 00       		.space	1
 1361 03a4 00000000 		.word	FontTerminal8x8_0035
 1362 03a8 08       		.byte	8
 1363 03a9 08       		.byte	8
 1364 03aa 01       		.byte	1
 1365 03ab 00       		.space	1
 1366 03ac 00000000 		.word	FontTerminal8x8_0036
 1367 03b0 08       		.byte	8
 1368 03b1 08       		.byte	8
 1369 03b2 01       		.byte	1
 1370 03b3 00       		.space	1
 1371 03b4 00000000 		.word	FontTerminal8x8_0037
 1372 03b8 08       		.byte	8
 1373 03b9 08       		.byte	8
 1374 03ba 01       		.byte	1
 1375 03bb 00       		.space	1
 1376 03bc 00000000 		.word	FontTerminal8x8_0038
 1377 03c0 08       		.byte	8
 1378 03c1 08       		.byte	8
 1379 03c2 01       		.byte	1
 1380 03c3 00       		.space	1
 1381 03c4 00000000 		.word	FontTerminal8x8_0039
 1382 03c8 08       		.byte	8
 1383 03c9 08       		.byte	8
 1384 03ca 01       		.byte	1
 1385 03cb 00       		.space	1
 1386 03cc 00000000 		.word	FontTerminal8x8_003A
 1387 03d0 08       		.byte	8
 1388 03d1 08       		.byte	8
 1389 03d2 01       		.byte	1
 1390 03d3 00       		.space	1
 1391 03d4 00000000 		.word	FontTerminal8x8_003B
 1392 03d8 08       		.byte	8
 1393 03d9 08       		.byte	8
 1394 03da 01       		.byte	1
 1395 03db 00       		.space	1
 1396 03dc 00000000 		.word	FontTerminal8x8_003C
 1397 03e0 08       		.byte	8
 1398 03e1 08       		.byte	8
 1399 03e2 01       		.byte	1
 1400 03e3 00       		.space	1
 1401 03e4 00000000 		.word	FontTerminal8x8_003D
 1402 03e8 08       		.byte	8
 1403 03e9 08       		.byte	8
 1404 03ea 01       		.byte	1
 1405 03eb 00       		.space	1
 1406 03ec 00000000 		.word	FontTerminal8x8_003E
 1407 03f0 08       		.byte	8
 1408 03f1 08       		.byte	8
 1409 03f2 01       		.byte	1
 1410 03f3 00       		.space	1
 1411 03f4 00000000 		.word	FontTerminal8x8_003F
 1412 03f8 08       		.byte	8
 1413 03f9 08       		.byte	8
 1414 03fa 01       		.byte	1
 1415 03fb 00       		.space	1
 1416 03fc 00000000 		.word	FontTerminal8x8_0040
 1417 0400 08       		.byte	8
 1418 0401 08       		.byte	8
 1419 0402 01       		.byte	1
 1420 0403 00       		.space	1
 1421 0404 00000000 		.word	FontTerminal8x8_0041
 1422 0408 08       		.byte	8
 1423 0409 08       		.byte	8
 1424 040a 01       		.byte	1
 1425 040b 00       		.space	1
 1426 040c 00000000 		.word	FontTerminal8x8_0042
 1427 0410 08       		.byte	8
 1428 0411 08       		.byte	8
 1429 0412 01       		.byte	1
 1430 0413 00       		.space	1
 1431 0414 00000000 		.word	FontTerminal8x8_0043
 1432 0418 08       		.byte	8
 1433 0419 08       		.byte	8
 1434 041a 01       		.byte	1
 1435 041b 00       		.space	1
 1436 041c 00000000 		.word	FontTerminal8x8_0044
 1437 0420 08       		.byte	8
 1438 0421 08       		.byte	8
 1439 0422 01       		.byte	1
 1440 0423 00       		.space	1
 1441 0424 00000000 		.word	FontTerminal8x8_0045
 1442 0428 08       		.byte	8
 1443 0429 08       		.byte	8
 1444 042a 01       		.byte	1
 1445 042b 00       		.space	1
 1446 042c 00000000 		.word	FontTerminal8x8_0046
 1447 0430 08       		.byte	8
 1448 0431 08       		.byte	8
 1449 0432 01       		.byte	1
 1450 0433 00       		.space	1
 1451 0434 00000000 		.word	FontTerminal8x8_0047
 1452 0438 08       		.byte	8
 1453 0439 08       		.byte	8
 1454 043a 01       		.byte	1
 1455 043b 00       		.space	1
 1456 043c 00000000 		.word	FontTerminal8x8_0048
 1457 0440 08       		.byte	8
 1458 0441 08       		.byte	8
 1459 0442 01       		.byte	1
 1460 0443 00       		.space	1
 1461 0444 00000000 		.word	FontTerminal8x8_0049
 1462 0448 08       		.byte	8
 1463 0449 08       		.byte	8
 1464 044a 01       		.byte	1
 1465 044b 00       		.space	1
 1466 044c 00000000 		.word	FontTerminal8x8_004A
 1467 0450 08       		.byte	8
 1468 0451 08       		.byte	8
 1469 0452 01       		.byte	1
 1470 0453 00       		.space	1
 1471 0454 00000000 		.word	FontTerminal8x8_004B
 1472 0458 08       		.byte	8
 1473 0459 08       		.byte	8
 1474 045a 01       		.byte	1
 1475 045b 00       		.space	1
 1476 045c 00000000 		.word	FontTerminal8x8_004C
 1477 0460 08       		.byte	8
 1478 0461 08       		.byte	8
 1479 0462 01       		.byte	1
 1480 0463 00       		.space	1
 1481 0464 00000000 		.word	FontTerminal8x8_004D
 1482 0468 08       		.byte	8
 1483 0469 08       		.byte	8
 1484 046a 01       		.byte	1
 1485 046b 00       		.space	1
 1486 046c 00000000 		.word	FontTerminal8x8_004E
 1487 0470 08       		.byte	8
 1488 0471 08       		.byte	8
 1489 0472 01       		.byte	1
 1490 0473 00       		.space	1
 1491 0474 00000000 		.word	FontTerminal8x8_004F
 1492 0478 08       		.byte	8
 1493 0479 08       		.byte	8
 1494 047a 01       		.byte	1
 1495 047b 00       		.space	1
 1496 047c 00000000 		.word	FontTerminal8x8_0050
 1497 0480 08       		.byte	8
 1498 0481 08       		.byte	8
 1499 0482 01       		.byte	1
 1500 0483 00       		.space	1
 1501 0484 00000000 		.word	FontTerminal8x8_0051
 1502 0488 08       		.byte	8
 1503 0489 08       		.byte	8
 1504 048a 01       		.byte	1
 1505 048b 00       		.space	1
 1506 048c 00000000 		.word	FontTerminal8x8_0052
 1507 0490 08       		.byte	8
 1508 0491 08       		.byte	8
 1509 0492 01       		.byte	1
 1510 0493 00       		.space	1
 1511 0494 00000000 		.word	FontTerminal8x8_0053
 1512 0498 08       		.byte	8
 1513 0499 08       		.byte	8
 1514 049a 01       		.byte	1
 1515 049b 00       		.space	1
 1516 049c 00000000 		.word	FontTerminal8x8_0054
 1517 04a0 08       		.byte	8
 1518 04a1 08       		.byte	8
 1519 04a2 01       		.byte	1
 1520 04a3 00       		.space	1
 1521 04a4 00000000 		.word	FontTerminal8x8_0055
 1522 04a8 08       		.byte	8
 1523 04a9 08       		.byte	8
 1524 04aa 01       		.byte	1
 1525 04ab 00       		.space	1
 1526 04ac 00000000 		.word	FontTerminal8x8_0056
 1527 04b0 08       		.byte	8
 1528 04b1 08       		.byte	8
 1529 04b2 01       		.byte	1
 1530 04b3 00       		.space	1
 1531 04b4 00000000 		.word	FontTerminal8x8_0057
 1532 04b8 08       		.byte	8
 1533 04b9 08       		.byte	8
 1534 04ba 01       		.byte	1
 1535 04bb 00       		.space	1
 1536 04bc 00000000 		.word	FontTerminal8x8_0058
 1537 04c0 08       		.byte	8
 1538 04c1 08       		.byte	8
 1539 04c2 01       		.byte	1
 1540 04c3 00       		.space	1
 1541 04c4 00000000 		.word	FontTerminal8x8_0059
 1542 04c8 08       		.byte	8
 1543 04c9 08       		.byte	8
 1544 04ca 01       		.byte	1
 1545 04cb 00       		.space	1
 1546 04cc 00000000 		.word	FontTerminal8x8_005A
 1547 04d0 08       		.byte	8
 1548 04d1 08       		.byte	8
 1549 04d2 01       		.byte	1
 1550 04d3 00       		.space	1
 1551 04d4 00000000 		.word	FontTerminal8x8_005B
 1552 04d8 08       		.byte	8
 1553 04d9 08       		.byte	8
 1554 04da 01       		.byte	1
 1555 04db 00       		.space	1
 1556 04dc 00000000 		.word	FontTerminal8x8_005C
 1557 04e0 08       		.byte	8
 1558 04e1 08       		.byte	8
 1559 04e2 01       		.byte	1
 1560 04e3 00       		.space	1
 1561 04e4 00000000 		.word	FontTerminal8x8_005D
 1562 04e8 08       		.byte	8
 1563 04e9 08       		.byte	8
 1564 04ea 01       		.byte	1
 1565 04eb 00       		.space	1
 1566 04ec 00000000 		.word	FontTerminal8x8_005E
 1567 04f0 08       		.byte	8
 1568 04f1 08       		.byte	8
 1569 04f2 01       		.byte	1
 1570 04f3 00       		.space	1
 1571 04f4 00000000 		.word	FontTerminal8x8_005F
 1572 04f8 08       		.byte	8
 1573 04f9 08       		.byte	8
 1574 04fa 01       		.byte	1
 1575 04fb 00       		.space	1
 1576 04fc 00000000 		.word	FontTerminal8x8_0060
 1577 0500 08       		.byte	8
 1578 0501 08       		.byte	8
 1579 0502 01       		.byte	1
 1580 0503 00       		.space	1
 1581 0504 00000000 		.word	FontTerminal8x8_0061
 1582 0508 08       		.byte	8
 1583 0509 08       		.byte	8
 1584 050a 01       		.byte	1
 1585 050b 00       		.space	1
 1586 050c 00000000 		.word	FontTerminal8x8_0062
 1587 0510 08       		.byte	8
 1588 0511 08       		.byte	8
 1589 0512 01       		.byte	1
 1590 0513 00       		.space	1
 1591 0514 00000000 		.word	FontTerminal8x8_0063
 1592 0518 08       		.byte	8
 1593 0519 08       		.byte	8
 1594 051a 01       		.byte	1
 1595 051b 00       		.space	1
 1596 051c 00000000 		.word	FontTerminal8x8_0064
 1597 0520 08       		.byte	8
 1598 0521 08       		.byte	8
 1599 0522 01       		.byte	1
 1600 0523 00       		.space	1
 1601 0524 00000000 		.word	FontTerminal8x8_0065
 1602 0528 08       		.byte	8
 1603 0529 08       		.byte	8
 1604 052a 01       		.byte	1
 1605 052b 00       		.space	1
 1606 052c 00000000 		.word	FontTerminal8x8_0066
 1607 0530 08       		.byte	8
 1608 0531 08       		.byte	8
 1609 0532 01       		.byte	1
 1610 0533 00       		.space	1
 1611 0534 00000000 		.word	FontTerminal8x8_0067
 1612 0538 08       		.byte	8
 1613 0539 08       		.byte	8
 1614 053a 01       		.byte	1
 1615 053b 00       		.space	1
 1616 053c 00000000 		.word	FontTerminal8x8_0068
 1617 0540 08       		.byte	8
 1618 0541 08       		.byte	8
 1619 0542 01       		.byte	1
 1620 0543 00       		.space	1
 1621 0544 00000000 		.word	FontTerminal8x8_0069
 1622 0548 08       		.byte	8
 1623 0549 08       		.byte	8
 1624 054a 01       		.byte	1
 1625 054b 00       		.space	1
 1626 054c 00000000 		.word	FontTerminal8x8_006A
 1627 0550 08       		.byte	8
 1628 0551 08       		.byte	8
 1629 0552 01       		.byte	1
 1630 0553 00       		.space	1
 1631 0554 00000000 		.word	FontTerminal8x8_006B
 1632 0558 08       		.byte	8
 1633 0559 08       		.byte	8
 1634 055a 01       		.byte	1
 1635 055b 00       		.space	1
 1636 055c 00000000 		.word	FontTerminal8x8_006C
 1637 0560 08       		.byte	8
 1638 0561 08       		.byte	8
 1639 0562 01       		.byte	1
 1640 0563 00       		.space	1
 1641 0564 00000000 		.word	FontTerminal8x8_006D
 1642 0568 08       		.byte	8
 1643 0569 08       		.byte	8
 1644 056a 01       		.byte	1
 1645 056b 00       		.space	1
 1646 056c 00000000 		.word	FontTerminal8x8_006E
 1647 0570 08       		.byte	8
 1648 0571 08       		.byte	8
 1649 0572 01       		.byte	1
 1650 0573 00       		.space	1
 1651 0574 00000000 		.word	FontTerminal8x8_006F
 1652 0578 08       		.byte	8
 1653 0579 08       		.byte	8
 1654 057a 01       		.byte	1
 1655 057b 00       		.space	1
 1656 057c 00000000 		.word	FontTerminal8x8_0070
 1657 0580 08       		.byte	8
 1658 0581 08       		.byte	8
 1659 0582 01       		.byte	1
 1660 0583 00       		.space	1
 1661 0584 00000000 		.word	FontTerminal8x8_0071
 1662 0588 08       		.byte	8
 1663 0589 08       		.byte	8
 1664 058a 01       		.byte	1
 1665 058b 00       		.space	1
 1666 058c 00000000 		.word	FontTerminal8x8_0072
 1667 0590 08       		.byte	8
 1668 0591 08       		.byte	8
 1669 0592 01       		.byte	1
 1670 0593 00       		.space	1
 1671 0594 00000000 		.word	FontTerminal8x8_0073
 1672 0598 08       		.byte	8
 1673 0599 08       		.byte	8
 1674 059a 01       		.byte	1
 1675 059b 00       		.space	1
 1676 059c 00000000 		.word	FontTerminal8x8_0074
 1677 05a0 08       		.byte	8
 1678 05a1 08       		.byte	8
 1679 05a2 01       		.byte	1
 1680 05a3 00       		.space	1
 1681 05a4 00000000 		.word	FontTerminal8x8_0075
 1682 05a8 08       		.byte	8
 1683 05a9 08       		.byte	8
 1684 05aa 01       		.byte	1
 1685 05ab 00       		.space	1
 1686 05ac 00000000 		.word	FontTerminal8x8_0076
 1687 05b0 08       		.byte	8
 1688 05b1 08       		.byte	8
 1689 05b2 01       		.byte	1
 1690 05b3 00       		.space	1
 1691 05b4 00000000 		.word	FontTerminal8x8_0077
 1692 05b8 08       		.byte	8
 1693 05b9 08       		.byte	8
 1694 05ba 01       		.byte	1
 1695 05bb 00       		.space	1
 1696 05bc 00000000 		.word	FontTerminal8x8_0078
 1697 05c0 08       		.byte	8
 1698 05c1 08       		.byte	8
 1699 05c2 01       		.byte	1
 1700 05c3 00       		.space	1
 1701 05c4 00000000 		.word	FontTerminal8x8_0079
 1702 05c8 08       		.byte	8
 1703 05c9 08       		.byte	8
 1704 05ca 01       		.byte	1
 1705 05cb 00       		.space	1
 1706 05cc 00000000 		.word	FontTerminal8x8_007A
 1707 05d0 08       		.byte	8
 1708 05d1 08       		.byte	8
 1709 05d2 01       		.byte	1
 1710 05d3 00       		.space	1
 1711 05d4 00000000 		.word	FontTerminal8x8_007B
 1712 05d8 08       		.byte	8
 1713 05d9 08       		.byte	8
 1714 05da 01       		.byte	1
 1715 05db 00       		.space	1
 1716 05dc 00000000 		.word	FontTerminal8x8_007C
 1717 05e0 08       		.byte	8
 1718 05e1 08       		.byte	8
 1719 05e2 01       		.byte	1
 1720 05e3 00       		.space	1
 1721 05e4 00000000 		.word	FontTerminal8x8_007D
 1722 05e8 08       		.byte	8
 1723 05e9 08       		.byte	8
 1724 05ea 01       		.byte	1
 1725 05eb 00       		.space	1
 1726 05ec 00000000 		.word	FontTerminal8x8_007E
 1727              		.global	FontTerminal8x8
 1728              		.align	2
 1729              	.LC0:
 1730 05f0 5465726D 		.ascii	"Terminal8x8\000"
 1730      696E616C 
 1730      38783800 
 1731              		.align	2
 1734              	FontTerminal8x8:
 1735 05fc F0050000 		.word	.LC0
 1736 0600 20       		.byte	32
 1737 0601 7E       		.byte	126
 1738 0602 0800     		.short	8
 1739 0604 0800     		.short	8
 1740 0606 0000     		.space	2
 1741 0608 00000000 		.word	FontTerminal8x8_CharTbl
 1742              		.text
 1743              	.Letext0:
 1744              		.file 1 "Libraries/uC-CPU/cpu.h"
 1745              		.file 2 "Libraries/BSP/LCD/bsp_lcd.h"
 1746              		.file 3 "Libraries/BSP/LCD/Fonts/font_terminal_8x8.c"
DEFINED SYMBOLS
                            *ABS*:00000000 font_terminal_8x8.c
     /tmp/cceOJvJk.s:23     .rodata:00000000 FontTerminal8x8_0020
     /tmp/cceOJvJk.s:20     .rodata:00000000 $d
     /tmp/cceOJvJk.s:29     .rodata:00000008 FontTerminal8x8_0021
     /tmp/cceOJvJk.s:42     .rodata:00000010 FontTerminal8x8_0022
     /tmp/cceOJvJk.s:55     .rodata:00000018 FontTerminal8x8_0023
     /tmp/cceOJvJk.s:68     .rodata:00000020 FontTerminal8x8_0024
     /tmp/cceOJvJk.s:81     .rodata:00000028 FontTerminal8x8_0025
     /tmp/cceOJvJk.s:94     .rodata:00000030 FontTerminal8x8_0026
     /tmp/cceOJvJk.s:107    .rodata:00000038 FontTerminal8x8_0027
     /tmp/cceOJvJk.s:120    .rodata:00000040 FontTerminal8x8_0028
     /tmp/cceOJvJk.s:133    .rodata:00000048 FontTerminal8x8_0029
     /tmp/cceOJvJk.s:146    .rodata:00000050 FontTerminal8x8_002A
     /tmp/cceOJvJk.s:159    .rodata:00000058 FontTerminal8x8_002B
     /tmp/cceOJvJk.s:172    .rodata:00000060 FontTerminal8x8_002C
     /tmp/cceOJvJk.s:185    .rodata:00000068 FontTerminal8x8_002D
     /tmp/cceOJvJk.s:198    .rodata:00000070 FontTerminal8x8_002E
     /tmp/cceOJvJk.s:211    .rodata:00000078 FontTerminal8x8_002F
     /tmp/cceOJvJk.s:224    .rodata:00000080 FontTerminal8x8_0030
     /tmp/cceOJvJk.s:237    .rodata:00000088 FontTerminal8x8_0031
     /tmp/cceOJvJk.s:250    .rodata:00000090 FontTerminal8x8_0032
     /tmp/cceOJvJk.s:263    .rodata:00000098 FontTerminal8x8_0033
     /tmp/cceOJvJk.s:276    .rodata:000000a0 FontTerminal8x8_0034
     /tmp/cceOJvJk.s:289    .rodata:000000a8 FontTerminal8x8_0035
     /tmp/cceOJvJk.s:302    .rodata:000000b0 FontTerminal8x8_0036
     /tmp/cceOJvJk.s:315    .rodata:000000b8 FontTerminal8x8_0037
     /tmp/cceOJvJk.s:328    .rodata:000000c0 FontTerminal8x8_0038
     /tmp/cceOJvJk.s:341    .rodata:000000c8 FontTerminal8x8_0039
     /tmp/cceOJvJk.s:354    .rodata:000000d0 FontTerminal8x8_003A
     /tmp/cceOJvJk.s:367    .rodata:000000d8 FontTerminal8x8_003B
     /tmp/cceOJvJk.s:380    .rodata:000000e0 FontTerminal8x8_003C
     /tmp/cceOJvJk.s:393    .rodata:000000e8 FontTerminal8x8_003D
     /tmp/cceOJvJk.s:406    .rodata:000000f0 FontTerminal8x8_003E
     /tmp/cceOJvJk.s:419    .rodata:000000f8 FontTerminal8x8_003F
     /tmp/cceOJvJk.s:432    .rodata:00000100 FontTerminal8x8_0040
     /tmp/cceOJvJk.s:445    .rodata:00000108 FontTerminal8x8_0041
     /tmp/cceOJvJk.s:458    .rodata:00000110 FontTerminal8x8_0042
     /tmp/cceOJvJk.s:471    .rodata:00000118 FontTerminal8x8_0043
     /tmp/cceOJvJk.s:484    .rodata:00000120 FontTerminal8x8_0044
     /tmp/cceOJvJk.s:497    .rodata:00000128 FontTerminal8x8_0045
     /tmp/cceOJvJk.s:510    .rodata:00000130 FontTerminal8x8_0046
     /tmp/cceOJvJk.s:523    .rodata:00000138 FontTerminal8x8_0047
     /tmp/cceOJvJk.s:536    .rodata:00000140 FontTerminal8x8_0048
     /tmp/cceOJvJk.s:549    .rodata:00000148 FontTerminal8x8_0049
     /tmp/cceOJvJk.s:562    .rodata:00000150 FontTerminal8x8_004A
     /tmp/cceOJvJk.s:575    .rodata:00000158 FontTerminal8x8_004B
     /tmp/cceOJvJk.s:588    .rodata:00000160 FontTerminal8x8_004C
     /tmp/cceOJvJk.s:601    .rodata:00000168 FontTerminal8x8_004D
     /tmp/cceOJvJk.s:614    .rodata:00000170 FontTerminal8x8_004E
     /tmp/cceOJvJk.s:627    .rodata:00000178 FontTerminal8x8_004F
     /tmp/cceOJvJk.s:640    .rodata:00000180 FontTerminal8x8_0050
     /tmp/cceOJvJk.s:653    .rodata:00000188 FontTerminal8x8_0051
     /tmp/cceOJvJk.s:666    .rodata:00000190 FontTerminal8x8_0052
     /tmp/cceOJvJk.s:679    .rodata:00000198 FontTerminal8x8_0053
     /tmp/cceOJvJk.s:692    .rodata:000001a0 FontTerminal8x8_0054
     /tmp/cceOJvJk.s:705    .rodata:000001a8 FontTerminal8x8_0055
     /tmp/cceOJvJk.s:718    .rodata:000001b0 FontTerminal8x8_0056
     /tmp/cceOJvJk.s:731    .rodata:000001b8 FontTerminal8x8_0057
     /tmp/cceOJvJk.s:744    .rodata:000001c0 FontTerminal8x8_0058
     /tmp/cceOJvJk.s:757    .rodata:000001c8 FontTerminal8x8_0059
     /tmp/cceOJvJk.s:770    .rodata:000001d0 FontTerminal8x8_005A
     /tmp/cceOJvJk.s:783    .rodata:000001d8 FontTerminal8x8_005B
     /tmp/cceOJvJk.s:796    .rodata:000001e0 FontTerminal8x8_005C
     /tmp/cceOJvJk.s:809    .rodata:000001e8 FontTerminal8x8_005D
     /tmp/cceOJvJk.s:822    .rodata:000001f0 FontTerminal8x8_005E
     /tmp/cceOJvJk.s:835    .rodata:000001f8 FontTerminal8x8_005F
     /tmp/cceOJvJk.s:848    .rodata:00000200 FontTerminal8x8_0060
     /tmp/cceOJvJk.s:861    .rodata:00000208 FontTerminal8x8_0061
     /tmp/cceOJvJk.s:874    .rodata:00000210 FontTerminal8x8_0062
     /tmp/cceOJvJk.s:887    .rodata:00000218 FontTerminal8x8_0063
     /tmp/cceOJvJk.s:900    .rodata:00000220 FontTerminal8x8_0064
     /tmp/cceOJvJk.s:913    .rodata:00000228 FontTerminal8x8_0065
     /tmp/cceOJvJk.s:926    .rodata:00000230 FontTerminal8x8_0066
     /tmp/cceOJvJk.s:939    .rodata:00000238 FontTerminal8x8_0067
     /tmp/cceOJvJk.s:952    .rodata:00000240 FontTerminal8x8_0068
     /tmp/cceOJvJk.s:965    .rodata:00000248 FontTerminal8x8_0069
     /tmp/cceOJvJk.s:978    .rodata:00000250 FontTerminal8x8_006A
     /tmp/cceOJvJk.s:991    .rodata:00000258 FontTerminal8x8_006B
     /tmp/cceOJvJk.s:1004   .rodata:00000260 FontTerminal8x8_006C
     /tmp/cceOJvJk.s:1017   .rodata:00000268 FontTerminal8x8_006D
     /tmp/cceOJvJk.s:1030   .rodata:00000270 FontTerminal8x8_006E
     /tmp/cceOJvJk.s:1043   .rodata:00000278 FontTerminal8x8_006F
     /tmp/cceOJvJk.s:1056   .rodata:00000280 FontTerminal8x8_0070
     /tmp/cceOJvJk.s:1069   .rodata:00000288 FontTerminal8x8_0071
     /tmp/cceOJvJk.s:1082   .rodata:00000290 FontTerminal8x8_0072
     /tmp/cceOJvJk.s:1095   .rodata:00000298 FontTerminal8x8_0073
     /tmp/cceOJvJk.s:1108   .rodata:000002a0 FontTerminal8x8_0074
     /tmp/cceOJvJk.s:1121   .rodata:000002a8 FontTerminal8x8_0075
     /tmp/cceOJvJk.s:1134   .rodata:000002b0 FontTerminal8x8_0076
     /tmp/cceOJvJk.s:1147   .rodata:000002b8 FontTerminal8x8_0077
     /tmp/cceOJvJk.s:1160   .rodata:000002c0 FontTerminal8x8_0078
     /tmp/cceOJvJk.s:1173   .rodata:000002c8 FontTerminal8x8_0079
     /tmp/cceOJvJk.s:1186   .rodata:000002d0 FontTerminal8x8_007A
     /tmp/cceOJvJk.s:1199   .rodata:000002d8 FontTerminal8x8_007B
     /tmp/cceOJvJk.s:1212   .rodata:000002e0 FontTerminal8x8_007C
     /tmp/cceOJvJk.s:1225   .rodata:000002e8 FontTerminal8x8_007D
     /tmp/cceOJvJk.s:1238   .rodata:000002f0 FontTerminal8x8_007E
     /tmp/cceOJvJk.s:1251   .rodata:000002f8 FontTerminal8x8_CharTbl
     /tmp/cceOJvJk.s:1734   .rodata:000005fc FontTerminal8x8

NO UNDEFINED SYMBOLS
