   1              		.syntax unified
   2              		.cpu cortex-m3
   3              		.fpu softvfp
   4              		.eabi_attribute 20, 1
   5              		.eabi_attribute 21, 1
   6              		.eabi_attribute 23, 3
   7              		.eabi_attribute 24, 1
   8              		.eabi_attribute 25, 1
   9              		.eabi_attribute 26, 1
  10              		.eabi_attribute 30, 6
  11              		.eabi_attribute 34, 1
  12              		.eabi_attribute 18, 4
  13              		.thumb
  14              		.file	"font_swiss_16x16.c"
  15              		.text
  16              	.Ltext0:
  17              		.cfi_sections	.debug_frame
  18              		.global	FontSwiss16x16_0020
  19              		.section	.rodata
  20              		.align	2
  23              	FontSwiss16x16_0020:
  24 0000 00000000 		.space	16
  24      00000000 
  24      00000000 
  24      00000000 
  25              		.global	FontSwiss16x16_0021
  26              		.align	2
  29              	FontSwiss16x16_0021:
  30 0010 00       		.byte	0
  31 0011 00       		.byte	0
  32 0012 00       		.byte	0
  33 0013 60       		.byte	96
  34 0014 60       		.byte	96
  35 0015 60       		.byte	96
  36 0016 60       		.byte	96
  37 0017 60       		.byte	96
  38 0018 60       		.byte	96
  39 0019 60       		.byte	96
  40 001a 00       		.byte	0
  41 001b 60       		.byte	96
  42 001c 60       		.byte	96
  43 001d 00       		.byte	0
  44 001e 00       		.byte	0
  45 001f 00       		.byte	0
  46              		.global	FontSwiss16x16_0022
  47              		.align	2
  50              	FontSwiss16x16_0022:
  51 0020 00       		.byte	0
  52 0021 00       		.byte	0
  53 0022 00       		.byte	0
  54 0023 6C       		.byte	108
  55 0024 6C       		.byte	108
  56 0025 6C       		.byte	108
  57 0026 00       		.byte	0
  58 0027 00       		.byte	0
  59 0028 00       		.byte	0
  60 0029 00       		.byte	0
  61 002a 00       		.byte	0
  62 002b 00       		.byte	0
  63 002c 00       		.byte	0
  64 002d 00       		.byte	0
  65 002e 00       		.byte	0
  66 002f 00       		.byte	0
  67              		.global	FontSwiss16x16_0023
  68              		.align	2
  71              	FontSwiss16x16_0023:
  72 0030 00       		.byte	0
  73 0031 00       		.byte	0
  74 0032 00       		.byte	0
  75 0033 24       		.byte	36
  76 0034 24       		.byte	36
  77 0035 24       		.byte	36
  78 0036 FC       		.byte	-4
  79 0037 48       		.byte	72
  80 0038 48       		.byte	72
  81 0039 FC       		.byte	-4
  82 003a 90       		.byte	-112
  83 003b 90       		.byte	-112
  84 003c 90       		.byte	-112
  85 003d 00       		.byte	0
  86 003e 00       		.byte	0
  87 003f 00       		.byte	0
  88              		.global	FontSwiss16x16_0024
  89              		.align	2
  92              	FontSwiss16x16_0024:
  93 0040 00       		.byte	0
  94 0041 00       		.byte	0
  95 0042 10       		.byte	16
  96 0043 38       		.byte	56
  97 0044 54       		.byte	84
  98 0045 50       		.byte	80
  99 0046 70       		.byte	112
 100 0047 78       		.byte	120
 101 0048 3C       		.byte	60
 102 0049 1C       		.byte	28
 103 004a 14       		.byte	20
 104 004b 54       		.byte	84
 105 004c 38       		.byte	56
 106 004d 10       		.byte	16
 107 004e 00       		.byte	0
 108 004f 00       		.byte	0
 109              		.global	FontSwiss16x16_0025
 110              		.align	2
 113              	FontSwiss16x16_0025:
 114 0050 00       		.byte	0
 115 0051 00       		.byte	0
 116 0052 00       		.byte	0
 117 0053 00       		.byte	0
 118 0054 00       		.byte	0
 119 0055 00       		.byte	0
 120 0056 72       		.byte	114
 121 0057 00       		.byte	0
 122 0058 52       		.byte	82
 123 0059 00       		.byte	0
 124 005a 52       		.byte	82
 125 005b 00       		.byte	0
 126 005c 54       		.byte	84
 127 005d 00       		.byte	0
 128 005e 74       		.byte	116
 129 005f 00       		.byte	0
 130 0060 0B       		.byte	11
 131 0061 80       		.byte	-128
 132 0062 0A       		.byte	10
 133 0063 80       		.byte	-128
 134 0064 0A       		.byte	10
 135 0065 80       		.byte	-128
 136 0066 12       		.byte	18
 137 0067 80       		.byte	-128
 138 0068 13       		.byte	19
 139 0069 80       		.byte	-128
 140 006a 00       		.byte	0
 141 006b 00       		.byte	0
 142 006c 00       		.byte	0
 143 006d 00       		.byte	0
 144 006e 00       		.byte	0
 145 006f 00       		.byte	0
 146              		.global	FontSwiss16x16_0026
 147              		.align	2
 150              	FontSwiss16x16_0026:
 151 0070 00       		.byte	0
 152 0071 00       		.byte	0
 153 0072 00       		.byte	0
 154 0073 00       		.byte	0
 155 0074 00       		.byte	0
 156 0075 00       		.byte	0
 157 0076 1C       		.byte	28
 158 0077 00       		.byte	0
 159 0078 36       		.byte	54
 160 0079 00       		.byte	0
 161 007a 36       		.byte	54
 162 007b 00       		.byte	0
 163 007c 1E       		.byte	30
 164 007d 00       		.byte	0
 165 007e 18       		.byte	24
 166 007f 00       		.byte	0
 167 0080 3D       		.byte	61
 168 0081 00       		.byte	0
 169 0082 6D       		.byte	109
 170 0083 00       		.byte	0
 171 0084 67       		.byte	103
 172 0085 00       		.byte	0
 173 0086 67       		.byte	103
 174 0087 00       		.byte	0
 175 0088 3D       		.byte	61
 176 0089 80       		.byte	-128
 177 008a 00       		.byte	0
 178 008b 00       		.byte	0
 179 008c 00       		.byte	0
 180 008d 00       		.byte	0
 181 008e 00       		.byte	0
 182 008f 00       		.byte	0
 183              		.global	FontSwiss16x16_0027
 184              		.align	2
 187              	FontSwiss16x16_0027:
 188 0090 00       		.byte	0
 189 0091 00       		.byte	0
 190 0092 00       		.byte	0
 191 0093 60       		.byte	96
 192 0094 60       		.byte	96
 193 0095 60       		.byte	96
 194 0096 00       		.byte	0
 195 0097 00       		.byte	0
 196 0098 00       		.byte	0
 197 0099 00       		.byte	0
 198 009a 00       		.byte	0
 199 009b 00       		.byte	0
 200 009c 00       		.byte	0
 201 009d 00       		.byte	0
 202 009e 00       		.byte	0
 203 009f 00       		.byte	0
 204              		.global	FontSwiss16x16_0028
 205              		.align	2
 208              	FontSwiss16x16_0028:
 209 00a0 00       		.byte	0
 210 00a1 00       		.byte	0
 211 00a2 00       		.byte	0
 212 00a3 10       		.byte	16
 213 00a4 30       		.byte	48
 214 00a5 20       		.byte	32
 215 00a6 60       		.byte	96
 216 00a7 60       		.byte	96
 217 00a8 60       		.byte	96
 218 00a9 60       		.byte	96
 219 00aa 60       		.byte	96
 220 00ab 60       		.byte	96
 221 00ac 60       		.byte	96
 222 00ad 20       		.byte	32
 223 00ae 30       		.byte	48
 224 00af 10       		.byte	16
 225              		.global	FontSwiss16x16_0029
 226              		.align	2
 229              	FontSwiss16x16_0029:
 230 00b0 00       		.byte	0
 231 00b1 00       		.byte	0
 232 00b2 00       		.byte	0
 233 00b3 80       		.byte	-128
 234 00b4 C0       		.byte	-64
 235 00b5 40       		.byte	64
 236 00b6 60       		.byte	96
 237 00b7 60       		.byte	96
 238 00b8 60       		.byte	96
 239 00b9 60       		.byte	96
 240 00ba 60       		.byte	96
 241 00bb 60       		.byte	96
 242 00bc 60       		.byte	96
 243 00bd 40       		.byte	64
 244 00be C0       		.byte	-64
 245 00bf 80       		.byte	-128
 246              		.global	FontSwiss16x16_002A
 247              		.align	2
 250              	FontSwiss16x16_002A:
 251 00c0 00       		.byte	0
 252 00c1 00       		.byte	0
 253 00c2 00       		.byte	0
 254 00c3 20       		.byte	32
 255 00c4 F8       		.byte	-8
 256 00c5 20       		.byte	32
 257 00c6 D8       		.byte	-40
 258 00c7 00       		.byte	0
 259 00c8 00       		.byte	0
 260 00c9 00       		.byte	0
 261 00ca 00       		.byte	0
 262 00cb 00       		.byte	0
 263 00cc 00       		.byte	0
 264 00cd 00       		.byte	0
 265 00ce 00       		.byte	0
 266 00cf 00       		.byte	0
 267              		.global	FontSwiss16x16_002B
 268              		.align	2
 271              	FontSwiss16x16_002B:
 272 00d0 00       		.byte	0
 273 00d1 00       		.byte	0
 274 00d2 00       		.byte	0
 275 00d3 00       		.byte	0
 276 00d4 00       		.byte	0
 277 00d5 00       		.byte	0
 278 00d6 00       		.byte	0
 279 00d7 18       		.byte	24
 280 00d8 18       		.byte	24
 281 00d9 7E       		.byte	126
 282 00da 18       		.byte	24
 283 00db 18       		.byte	24
 284 00dc 00       		.byte	0
 285 00dd 00       		.byte	0
 286 00de 00       		.byte	0
 287 00df 00       		.byte	0
 288              		.global	FontSwiss16x16_002C
 289              		.align	2
 292              	FontSwiss16x16_002C:
 293 00e0 00       		.byte	0
 294 00e1 00       		.byte	0
 295 00e2 00       		.byte	0
 296 00e3 00       		.byte	0
 297 00e4 00       		.byte	0
 298 00e5 00       		.byte	0
 299 00e6 00       		.byte	0
 300 00e7 00       		.byte	0
 301 00e8 00       		.byte	0
 302 00e9 00       		.byte	0
 303 00ea 00       		.byte	0
 304 00eb 60       		.byte	96
 305 00ec 60       		.byte	96
 306 00ed 20       		.byte	32
 307 00ee 40       		.byte	64
 308 00ef 00       		.byte	0
 309              		.global	FontSwiss16x16_002D
 310              		.align	2
 313              	FontSwiss16x16_002D:
 314 00f0 00       		.byte	0
 315 00f1 00       		.byte	0
 316 00f2 00       		.byte	0
 317 00f3 00       		.byte	0
 318 00f4 00       		.byte	0
 319 00f5 00       		.byte	0
 320 00f6 00       		.byte	0
 321 00f7 00       		.byte	0
 322 00f8 00       		.byte	0
 323 00f9 00       		.byte	0
 324 00fa 70       		.byte	112
 325 00fb 00       		.byte	0
 326 00fc 00       		.byte	0
 327 00fd 00       		.byte	0
 328 00fe 00       		.byte	0
 329 00ff 00       		.byte	0
 330              		.global	FontSwiss16x16_002E
 331              		.align	2
 334              	FontSwiss16x16_002E:
 335 0100 00       		.byte	0
 336 0101 00       		.byte	0
 337 0102 00       		.byte	0
 338 0103 00       		.byte	0
 339 0104 00       		.byte	0
 340 0105 00       		.byte	0
 341 0106 00       		.byte	0
 342 0107 00       		.byte	0
 343 0108 00       		.byte	0
 344 0109 00       		.byte	0
 345 010a 00       		.byte	0
 346 010b 60       		.byte	96
 347 010c 60       		.byte	96
 348 010d 00       		.byte	0
 349 010e 00       		.byte	0
 350 010f 00       		.byte	0
 351              		.global	FontSwiss16x16_002F
 352              		.align	2
 355              	FontSwiss16x16_002F:
 356 0110 00       		.byte	0
 357 0111 00       		.byte	0
 358 0112 00       		.byte	0
 359 0113 10       		.byte	16
 360 0114 10       		.byte	16
 361 0115 20       		.byte	32
 362 0116 20       		.byte	32
 363 0117 20       		.byte	32
 364 0118 40       		.byte	64
 365 0119 40       		.byte	64
 366 011a 40       		.byte	64
 367 011b 80       		.byte	-128
 368 011c 80       		.byte	-128
 369 011d 00       		.byte	0
 370 011e 00       		.byte	0
 371 011f 00       		.byte	0
 372              		.global	FontSwiss16x16_0030
 373              		.align	2
 376              	FontSwiss16x16_0030:
 377 0120 00       		.byte	0
 378 0121 00       		.byte	0
 379 0122 00       		.byte	0
 380 0123 78       		.byte	120
 381 0124 CC       		.byte	-52
 382 0125 CC       		.byte	-52
 383 0126 CC       		.byte	-52
 384 0127 CC       		.byte	-52
 385 0128 CC       		.byte	-52
 386 0129 CC       		.byte	-52
 387 012a CC       		.byte	-52
 388 012b CC       		.byte	-52
 389 012c 78       		.byte	120
 390 012d 00       		.byte	0
 391 012e 00       		.byte	0
 392 012f 00       		.byte	0
 393              		.global	FontSwiss16x16_0031
 394              		.align	2
 397              	FontSwiss16x16_0031:
 398 0130 00       		.byte	0
 399 0131 00       		.byte	0
 400 0132 00       		.byte	0
 401 0133 18       		.byte	24
 402 0134 38       		.byte	56
 403 0135 78       		.byte	120
 404 0136 58       		.byte	88
 405 0137 18       		.byte	24
 406 0138 18       		.byte	24
 407 0139 18       		.byte	24
 408 013a 18       		.byte	24
 409 013b 18       		.byte	24
 410 013c 18       		.byte	24
 411 013d 00       		.byte	0
 412 013e 00       		.byte	0
 413 013f 00       		.byte	0
 414              		.global	FontSwiss16x16_0032
 415              		.align	2
 418              	FontSwiss16x16_0032:
 419 0140 00       		.byte	0
 420 0141 00       		.byte	0
 421 0142 00       		.byte	0
 422 0143 78       		.byte	120
 423 0144 CC       		.byte	-52
 424 0145 0C       		.byte	12
 425 0146 0C       		.byte	12
 426 0147 18       		.byte	24
 427 0148 38       		.byte	56
 428 0149 30       		.byte	48
 429 014a 60       		.byte	96
 430 014b C0       		.byte	-64
 431 014c FC       		.byte	-4
 432 014d 00       		.byte	0
 433 014e 00       		.byte	0
 434 014f 00       		.byte	0
 435              		.global	FontSwiss16x16_0033
 436              		.align	2
 439              	FontSwiss16x16_0033:
 440 0150 00       		.byte	0
 441 0151 00       		.byte	0
 442 0152 00       		.byte	0
 443 0153 78       		.byte	120
 444 0154 CC       		.byte	-52
 445 0155 0C       		.byte	12
 446 0156 0C       		.byte	12
 447 0157 38       		.byte	56
 448 0158 0C       		.byte	12
 449 0159 0C       		.byte	12
 450 015a 0C       		.byte	12
 451 015b CC       		.byte	-52
 452 015c 78       		.byte	120
 453 015d 00       		.byte	0
 454 015e 00       		.byte	0
 455 015f 00       		.byte	0
 456              		.global	FontSwiss16x16_0034
 457              		.align	2
 460              	FontSwiss16x16_0034:
 461 0160 00       		.byte	0
 462 0161 00       		.byte	0
 463 0162 00       		.byte	0
 464 0163 18       		.byte	24
 465 0164 18       		.byte	24
 466 0165 38       		.byte	56
 467 0166 38       		.byte	56
 468 0167 58       		.byte	88
 469 0168 58       		.byte	88
 470 0169 98       		.byte	-104
 471 016a FC       		.byte	-4
 472 016b 18       		.byte	24
 473 016c 18       		.byte	24
 474 016d 00       		.byte	0
 475 016e 00       		.byte	0
 476 016f 00       		.byte	0
 477              		.global	FontSwiss16x16_0035
 478              		.align	2
 481              	FontSwiss16x16_0035:
 482 0170 00       		.byte	0
 483 0171 00       		.byte	0
 484 0172 00       		.byte	0
 485 0173 7C       		.byte	124
 486 0174 60       		.byte	96
 487 0175 C0       		.byte	-64
 488 0176 F8       		.byte	-8
 489 0177 CC       		.byte	-52
 490 0178 0C       		.byte	12
 491 0179 0C       		.byte	12
 492 017a 0C       		.byte	12
 493 017b CC       		.byte	-52
 494 017c 78       		.byte	120
 495 017d 00       		.byte	0
 496 017e 00       		.byte	0
 497 017f 00       		.byte	0
 498              		.global	FontSwiss16x16_0036
 499              		.align	2
 502              	FontSwiss16x16_0036:
 503 0180 00       		.byte	0
 504 0181 00       		.byte	0
 505 0182 00       		.byte	0
 506 0183 38       		.byte	56
 507 0184 4C       		.byte	76
 508 0185 C0       		.byte	-64
 509 0186 C0       		.byte	-64
 510 0187 F8       		.byte	-8
 511 0188 CC       		.byte	-52
 512 0189 CC       		.byte	-52
 513 018a CC       		.byte	-52
 514 018b CC       		.byte	-52
 515 018c 78       		.byte	120
 516 018d 00       		.byte	0
 517 018e 00       		.byte	0
 518 018f 00       		.byte	0
 519              		.global	FontSwiss16x16_0037
 520              		.align	2
 523              	FontSwiss16x16_0037:
 524 0190 00       		.byte	0
 525 0191 00       		.byte	0
 526 0192 00       		.byte	0
 527 0193 FC       		.byte	-4
 528 0194 0C       		.byte	12
 529 0195 18       		.byte	24
 530 0196 18       		.byte	24
 531 0197 30       		.byte	48
 532 0198 30       		.byte	48
 533 0199 30       		.byte	48
 534 019a 60       		.byte	96
 535 019b 60       		.byte	96
 536 019c 60       		.byte	96
 537 019d 00       		.byte	0
 538 019e 00       		.byte	0
 539 019f 00       		.byte	0
 540              		.global	FontSwiss16x16_0038
 541              		.align	2
 544              	FontSwiss16x16_0038:
 545 01a0 00       		.byte	0
 546 01a1 00       		.byte	0
 547 01a2 00       		.byte	0
 548 01a3 78       		.byte	120
 549 01a4 CC       		.byte	-52
 550 01a5 CC       		.byte	-52
 551 01a6 CC       		.byte	-52
 552 01a7 78       		.byte	120
 553 01a8 CC       		.byte	-52
 554 01a9 CC       		.byte	-52
 555 01aa CC       		.byte	-52
 556 01ab CC       		.byte	-52
 557 01ac 78       		.byte	120
 558 01ad 00       		.byte	0
 559 01ae 00       		.byte	0
 560 01af 00       		.byte	0
 561              		.global	FontSwiss16x16_0039
 562              		.align	2
 565              	FontSwiss16x16_0039:
 566 01b0 00       		.byte	0
 567 01b1 00       		.byte	0
 568 01b2 00       		.byte	0
 569 01b3 78       		.byte	120
 570 01b4 CC       		.byte	-52
 571 01b5 CC       		.byte	-52
 572 01b6 CC       		.byte	-52
 573 01b7 CC       		.byte	-52
 574 01b8 7C       		.byte	124
 575 01b9 0C       		.byte	12
 576 01ba 0C       		.byte	12
 577 01bb C8       		.byte	-56
 578 01bc 70       		.byte	112
 579 01bd 00       		.byte	0
 580 01be 00       		.byte	0
 581 01bf 00       		.byte	0
 582              		.global	FontSwiss16x16_003A
 583              		.align	2
 586              	FontSwiss16x16_003A:
 587 01c0 00       		.byte	0
 588 01c1 00       		.byte	0
 589 01c2 00       		.byte	0
 590 01c3 00       		.byte	0
 591 01c4 00       		.byte	0
 592 01c5 00       		.byte	0
 593 01c6 60       		.byte	96
 594 01c7 60       		.byte	96
 595 01c8 00       		.byte	0
 596 01c9 00       		.byte	0
 597 01ca 00       		.byte	0
 598 01cb 60       		.byte	96
 599 01cc 60       		.byte	96
 600 01cd 00       		.byte	0
 601 01ce 00       		.byte	0
 602 01cf 00       		.byte	0
 603              		.global	FontSwiss16x16_003B
 604              		.align	2
 607              	FontSwiss16x16_003B:
 608 01d0 00       		.byte	0
 609 01d1 00       		.byte	0
 610 01d2 00       		.byte	0
 611 01d3 00       		.byte	0
 612 01d4 00       		.byte	0
 613 01d5 00       		.byte	0
 614 01d6 60       		.byte	96
 615 01d7 60       		.byte	96
 616 01d8 00       		.byte	0
 617 01d9 00       		.byte	0
 618 01da 00       		.byte	0
 619 01db 60       		.byte	96
 620 01dc 60       		.byte	96
 621 01dd 20       		.byte	32
 622 01de 40       		.byte	64
 623 01df 00       		.byte	0
 624              		.global	FontSwiss16x16_003C
 625              		.align	2
 628              	FontSwiss16x16_003C:
 629 01e0 00       		.byte	0
 630 01e1 00       		.byte	0
 631 01e2 00       		.byte	0
 632 01e3 00       		.byte	0
 633 01e4 00       		.byte	0
 634 01e5 04       		.byte	4
 635 01e6 1C       		.byte	28
 636 01e7 70       		.byte	112
 637 01e8 C0       		.byte	-64
 638 01e9 70       		.byte	112
 639 01ea 1C       		.byte	28
 640 01eb 04       		.byte	4
 641 01ec 00       		.byte	0
 642 01ed 00       		.byte	0
 643 01ee 00       		.byte	0
 644 01ef 00       		.byte	0
 645              		.global	FontSwiss16x16_003D
 646              		.align	2
 649              	FontSwiss16x16_003D:
 650 01f0 00       		.byte	0
 651 01f1 00       		.byte	0
 652 01f2 00       		.byte	0
 653 01f3 00       		.byte	0
 654 01f4 00       		.byte	0
 655 01f5 00       		.byte	0
 656 01f6 00       		.byte	0
 657 01f7 FE       		.byte	-2
 658 01f8 00       		.byte	0
 659 01f9 FE       		.byte	-2
 660 01fa 00       		.byte	0
 661 01fb 00       		.byte	0
 662 01fc 00       		.byte	0
 663 01fd 00       		.byte	0
 664 01fe 00       		.byte	0
 665 01ff 00       		.byte	0
 666              		.global	FontSwiss16x16_003E
 667              		.align	2
 670              	FontSwiss16x16_003E:
 671 0200 00       		.byte	0
 672 0201 00       		.byte	0
 673 0202 00       		.byte	0
 674 0203 00       		.byte	0
 675 0204 00       		.byte	0
 676 0205 40       		.byte	64
 677 0206 70       		.byte	112
 678 0207 1C       		.byte	28
 679 0208 06       		.byte	6
 680 0209 1C       		.byte	28
 681 020a 70       		.byte	112
 682 020b 40       		.byte	64
 683 020c 00       		.byte	0
 684 020d 00       		.byte	0
 685 020e 00       		.byte	0
 686 020f 00       		.byte	0
 687              		.global	FontSwiss16x16_003F
 688              		.align	2
 691              	FontSwiss16x16_003F:
 692 0210 00       		.byte	0
 693 0211 00       		.byte	0
 694 0212 00       		.byte	0
 695 0213 7C       		.byte	124
 696 0214 C6       		.byte	-58
 697 0215 06       		.byte	6
 698 0216 06       		.byte	6
 699 0217 0C       		.byte	12
 700 0218 18       		.byte	24
 701 0219 30       		.byte	48
 702 021a 00       		.byte	0
 703 021b 30       		.byte	48
 704 021c 30       		.byte	48
 705 021d 00       		.byte	0
 706 021e 00       		.byte	0
 707 021f 00       		.byte	0
 708              		.global	FontSwiss16x16_0040
 709              		.align	2
 712              	FontSwiss16x16_0040:
 713 0220 00       		.byte	0
 714 0221 00       		.byte	0
 715 0222 00       		.byte	0
 716 0223 00       		.byte	0
 717 0224 00       		.byte	0
 718 0225 00       		.byte	0
 719 0226 0F       		.byte	15
 720 0227 C0       		.byte	-64
 721 0228 30       		.byte	48
 722 0229 20       		.byte	32
 723 022a 60       		.byte	96
 724 022b 10       		.byte	16
 725 022c 4E       		.byte	78
 726 022d C8       		.byte	-56
 727 022e 9F       		.byte	-97
 728 022f C8       		.byte	-56
 729 0230 B9       		.byte	-71
 730 0231 C8       		.byte	-56
 731 0232 B1       		.byte	-79
 732 0233 88       		.byte	-120
 733 0234 B3       		.byte	-77
 734 0235 90       		.byte	-112
 735 0236 BF       		.byte	-65
 736 0237 B0       		.byte	-80
 737 0238 5D       		.byte	93
 738 0239 C0       		.byte	-64
 739 023a 40       		.byte	64
 740 023b 08       		.byte	8
 741 023c 30       		.byte	48
 742 023d 30       		.byte	48
 743 023e 0F       		.byte	15
 744 023f C0       		.byte	-64
 745              		.global	FontSwiss16x16_0041
 746              		.align	2
 749              	FontSwiss16x16_0041:
 750 0240 00       		.byte	0
 751 0241 00       		.byte	0
 752 0242 00       		.byte	0
 753 0243 00       		.byte	0
 754 0244 00       		.byte	0
 755 0245 00       		.byte	0
 756 0246 1C       		.byte	28
 757 0247 00       		.byte	0
 758 0248 1C       		.byte	28
 759 0249 00       		.byte	0
 760 024a 36       		.byte	54
 761 024b 00       		.byte	0
 762 024c 36       		.byte	54
 763 024d 00       		.byte	0
 764 024e 36       		.byte	54
 765 024f 00       		.byte	0
 766 0250 63       		.byte	99
 767 0251 00       		.byte	0
 768 0252 63       		.byte	99
 769 0253 00       		.byte	0
 770 0254 7F       		.byte	127
 771 0255 00       		.byte	0
 772 0256 C1       		.byte	-63
 773 0257 80       		.byte	-128
 774 0258 C1       		.byte	-63
 775 0259 80       		.byte	-128
 776 025a 00       		.byte	0
 777 025b 00       		.byte	0
 778 025c 00       		.byte	0
 779 025d 00       		.byte	0
 780 025e 00       		.byte	0
 781 025f 00       		.byte	0
 782              		.global	FontSwiss16x16_0042
 783              		.align	2
 786              	FontSwiss16x16_0042:
 787 0260 00       		.byte	0
 788 0261 00       		.byte	0
 789 0262 00       		.byte	0
 790 0263 00       		.byte	0
 791 0264 00       		.byte	0
 792 0265 00       		.byte	0
 793 0266 7E       		.byte	126
 794 0267 00       		.byte	0
 795 0268 63       		.byte	99
 796 0269 00       		.byte	0
 797 026a 63       		.byte	99
 798 026b 00       		.byte	0
 799 026c 63       		.byte	99
 800 026d 00       		.byte	0
 801 026e 7E       		.byte	126
 802 026f 00       		.byte	0
 803 0270 63       		.byte	99
 804 0271 00       		.byte	0
 805 0272 63       		.byte	99
 806 0273 00       		.byte	0
 807 0274 63       		.byte	99
 808 0275 00       		.byte	0
 809 0276 63       		.byte	99
 810 0277 00       		.byte	0
 811 0278 7E       		.byte	126
 812 0279 00       		.byte	0
 813 027a 00       		.byte	0
 814 027b 00       		.byte	0
 815 027c 00       		.byte	0
 816 027d 00       		.byte	0
 817 027e 00       		.byte	0
 818 027f 00       		.byte	0
 819              		.global	FontSwiss16x16_0043
 820              		.align	2
 823              	FontSwiss16x16_0043:
 824 0280 00       		.byte	0
 825 0281 00       		.byte	0
 826 0282 00       		.byte	0
 827 0283 00       		.byte	0
 828 0284 00       		.byte	0
 829 0285 00       		.byte	0
 830 0286 1F       		.byte	31
 831 0287 00       		.byte	0
 832 0288 31       		.byte	49
 833 0289 80       		.byte	-128
 834 028a 60       		.byte	96
 835 028b 00       		.byte	0
 836 028c 60       		.byte	96
 837 028d 00       		.byte	0
 838 028e 60       		.byte	96
 839 028f 00       		.byte	0
 840 0290 60       		.byte	96
 841 0291 00       		.byte	0
 842 0292 60       		.byte	96
 843 0293 00       		.byte	0
 844 0294 60       		.byte	96
 845 0295 00       		.byte	0
 846 0296 31       		.byte	49
 847 0297 80       		.byte	-128
 848 0298 1F       		.byte	31
 849 0299 00       		.byte	0
 850 029a 00       		.byte	0
 851 029b 00       		.byte	0
 852 029c 00       		.byte	0
 853 029d 00       		.byte	0
 854 029e 00       		.byte	0
 855 029f 00       		.byte	0
 856              		.global	FontSwiss16x16_0044
 857              		.align	2
 860              	FontSwiss16x16_0044:
 861 02a0 00       		.byte	0
 862 02a1 00       		.byte	0
 863 02a2 00       		.byte	0
 864 02a3 00       		.byte	0
 865 02a4 00       		.byte	0
 866 02a5 00       		.byte	0
 867 02a6 7C       		.byte	124
 868 02a7 00       		.byte	0
 869 02a8 66       		.byte	102
 870 02a9 00       		.byte	0
 871 02aa 63       		.byte	99
 872 02ab 00       		.byte	0
 873 02ac 63       		.byte	99
 874 02ad 00       		.byte	0
 875 02ae 63       		.byte	99
 876 02af 00       		.byte	0
 877 02b0 63       		.byte	99
 878 02b1 00       		.byte	0
 879 02b2 63       		.byte	99
 880 02b3 00       		.byte	0
 881 02b4 63       		.byte	99
 882 02b5 00       		.byte	0
 883 02b6 66       		.byte	102
 884 02b7 00       		.byte	0
 885 02b8 7C       		.byte	124
 886 02b9 00       		.byte	0
 887 02ba 00       		.byte	0
 888 02bb 00       		.byte	0
 889 02bc 00       		.byte	0
 890 02bd 00       		.byte	0
 891 02be 00       		.byte	0
 892 02bf 00       		.byte	0
 893              		.global	FontSwiss16x16_0045
 894              		.align	2
 897              	FontSwiss16x16_0045:
 898 02c0 00       		.byte	0
 899 02c1 00       		.byte	0
 900 02c2 00       		.byte	0
 901 02c3 7E       		.byte	126
 902 02c4 60       		.byte	96
 903 02c5 60       		.byte	96
 904 02c6 60       		.byte	96
 905 02c7 7E       		.byte	126
 906 02c8 60       		.byte	96
 907 02c9 60       		.byte	96
 908 02ca 60       		.byte	96
 909 02cb 60       		.byte	96
 910 02cc 7E       		.byte	126
 911 02cd 00       		.byte	0
 912 02ce 00       		.byte	0
 913 02cf 00       		.byte	0
 914              		.global	FontSwiss16x16_0046
 915              		.align	2
 918              	FontSwiss16x16_0046:
 919 02d0 00       		.byte	0
 920 02d1 00       		.byte	0
 921 02d2 00       		.byte	0
 922 02d3 7E       		.byte	126
 923 02d4 60       		.byte	96
 924 02d5 60       		.byte	96
 925 02d6 60       		.byte	96
 926 02d7 60       		.byte	96
 927 02d8 7E       		.byte	126
 928 02d9 60       		.byte	96
 929 02da 60       		.byte	96
 930 02db 60       		.byte	96
 931 02dc 60       		.byte	96
 932 02dd 00       		.byte	0
 933 02de 00       		.byte	0
 934 02df 00       		.byte	0
 935              		.global	FontSwiss16x16_0047
 936              		.align	2
 939              	FontSwiss16x16_0047:
 940 02e0 00       		.byte	0
 941 02e1 00       		.byte	0
 942 02e2 00       		.byte	0
 943 02e3 00       		.byte	0
 944 02e4 00       		.byte	0
 945 02e5 00       		.byte	0
 946 02e6 1F       		.byte	31
 947 02e7 00       		.byte	0
 948 02e8 31       		.byte	49
 949 02e9 80       		.byte	-128
 950 02ea 60       		.byte	96
 951 02eb 00       		.byte	0
 952 02ec 60       		.byte	96
 953 02ed 00       		.byte	0
 954 02ee 60       		.byte	96
 955 02ef 00       		.byte	0
 956 02f0 67       		.byte	103
 957 02f1 80       		.byte	-128
 958 02f2 61       		.byte	97
 959 02f3 80       		.byte	-128
 960 02f4 61       		.byte	97
 961 02f5 80       		.byte	-128
 962 02f6 31       		.byte	49
 963 02f7 80       		.byte	-128
 964 02f8 1F       		.byte	31
 965 02f9 00       		.byte	0
 966 02fa 00       		.byte	0
 967 02fb 00       		.byte	0
 968 02fc 00       		.byte	0
 969 02fd 00       		.byte	0
 970 02fe 00       		.byte	0
 971 02ff 00       		.byte	0
 972              		.global	FontSwiss16x16_0048
 973              		.align	2
 976              	FontSwiss16x16_0048:
 977 0300 00       		.byte	0
 978 0301 00       		.byte	0
 979 0302 00       		.byte	0
 980 0303 00       		.byte	0
 981 0304 00       		.byte	0
 982 0305 00       		.byte	0
 983 0306 63       		.byte	99
 984 0307 00       		.byte	0
 985 0308 63       		.byte	99
 986 0309 00       		.byte	0
 987 030a 63       		.byte	99
 988 030b 00       		.byte	0
 989 030c 63       		.byte	99
 990 030d 00       		.byte	0
 991 030e 7F       		.byte	127
 992 030f 00       		.byte	0
 993 0310 63       		.byte	99
 994 0311 00       		.byte	0
 995 0312 63       		.byte	99
 996 0313 00       		.byte	0
 997 0314 63       		.byte	99
 998 0315 00       		.byte	0
 999 0316 63       		.byte	99
 1000 0317 00       		.byte	0
 1001 0318 63       		.byte	99
 1002 0319 00       		.byte	0
 1003 031a 00       		.byte	0
 1004 031b 00       		.byte	0
 1005 031c 00       		.byte	0
 1006 031d 00       		.byte	0
 1007 031e 00       		.byte	0
 1008 031f 00       		.byte	0
 1009              		.global	FontSwiss16x16_0049
 1010              		.align	2
 1013              	FontSwiss16x16_0049:
 1014 0320 00       		.byte	0
 1015 0321 00       		.byte	0
 1016 0322 00       		.byte	0
 1017 0323 60       		.byte	96
 1018 0324 60       		.byte	96
 1019 0325 60       		.byte	96
 1020 0326 60       		.byte	96
 1021 0327 60       		.byte	96
 1022 0328 60       		.byte	96
 1023 0329 60       		.byte	96
 1024 032a 60       		.byte	96
 1025 032b 60       		.byte	96
 1026 032c 60       		.byte	96
 1027 032d 00       		.byte	0
 1028 032e 00       		.byte	0
 1029 032f 00       		.byte	0
 1030              		.global	FontSwiss16x16_004A
 1031              		.align	2
 1034              	FontSwiss16x16_004A:
 1035 0330 00       		.byte	0
 1036 0331 00       		.byte	0
 1037 0332 00       		.byte	0
 1038 0333 0C       		.byte	12
 1039 0334 0C       		.byte	12
 1040 0335 0C       		.byte	12
 1041 0336 0C       		.byte	12
 1042 0337 0C       		.byte	12
 1043 0338 0C       		.byte	12
 1044 0339 0C       		.byte	12
 1045 033a CC       		.byte	-52
 1046 033b CC       		.byte	-52
 1047 033c 78       		.byte	120
 1048 033d 00       		.byte	0
 1049 033e 00       		.byte	0
 1050 033f 00       		.byte	0
 1051              		.global	FontSwiss16x16_004B
 1052              		.align	2
 1055              	FontSwiss16x16_004B:
 1056 0340 00       		.byte	0
 1057 0341 00       		.byte	0
 1058 0342 00       		.byte	0
 1059 0343 00       		.byte	0
 1060 0344 00       		.byte	0
 1061 0345 00       		.byte	0
 1062 0346 63       		.byte	99
 1063 0347 00       		.byte	0
 1064 0348 66       		.byte	102
 1065 0349 00       		.byte	0
 1066 034a 6C       		.byte	108
 1067 034b 00       		.byte	0
 1068 034c 6C       		.byte	108
 1069 034d 00       		.byte	0
 1070 034e 7C       		.byte	124
 1071 034f 00       		.byte	0
 1072 0350 76       		.byte	118
 1073 0351 00       		.byte	0
 1074 0352 66       		.byte	102
 1075 0353 00       		.byte	0
 1076 0354 66       		.byte	102
 1077 0355 00       		.byte	0
 1078 0356 63       		.byte	99
 1079 0357 00       		.byte	0
 1080 0358 63       		.byte	99
 1081 0359 00       		.byte	0
 1082 035a 00       		.byte	0
 1083 035b 00       		.byte	0
 1084 035c 00       		.byte	0
 1085 035d 00       		.byte	0
 1086 035e 00       		.byte	0
 1087 035f 00       		.byte	0
 1088              		.global	FontSwiss16x16_004C
 1089              		.align	2
 1092              	FontSwiss16x16_004C:
 1093 0360 00       		.byte	0
 1094 0361 00       		.byte	0
 1095 0362 00       		.byte	0
 1096 0363 60       		.byte	96
 1097 0364 60       		.byte	96
 1098 0365 60       		.byte	96
 1099 0366 60       		.byte	96
 1100 0367 60       		.byte	96
 1101 0368 60       		.byte	96
 1102 0369 60       		.byte	96
 1103 036a 60       		.byte	96
 1104 036b 60       		.byte	96
 1105 036c 7E       		.byte	126
 1106 036d 00       		.byte	0
 1107 036e 00       		.byte	0
 1108 036f 00       		.byte	0
 1109              		.global	FontSwiss16x16_004D
 1110              		.align	2
 1113              	FontSwiss16x16_004D:
 1114 0370 00       		.byte	0
 1115 0371 00       		.byte	0
 1116 0372 00       		.byte	0
 1117 0373 00       		.byte	0
 1118 0374 00       		.byte	0
 1119 0375 00       		.byte	0
 1120 0376 71       		.byte	113
 1121 0377 C0       		.byte	-64
 1122 0378 71       		.byte	113
 1123 0379 C0       		.byte	-64
 1124 037a 7B       		.byte	123
 1125 037b C0       		.byte	-64
 1126 037c 7B       		.byte	123
 1127 037d C0       		.byte	-64
 1128 037e 6A       		.byte	106
 1129 037f C0       		.byte	-64
 1130 0380 6A       		.byte	106
 1131 0381 C0       		.byte	-64
 1132 0382 6A       		.byte	106
 1133 0383 C0       		.byte	-64
 1134 0384 6E       		.byte	110
 1135 0385 C0       		.byte	-64
 1136 0386 6E       		.byte	110
 1137 0387 C0       		.byte	-64
 1138 0388 64       		.byte	100
 1139 0389 C0       		.byte	-64
 1140 038a 00       		.byte	0
 1141 038b 00       		.byte	0
 1142 038c 00       		.byte	0
 1143 038d 00       		.byte	0
 1144 038e 00       		.byte	0
 1145 038f 00       		.byte	0
 1146              		.global	FontSwiss16x16_004E
 1147              		.align	2
 1150              	FontSwiss16x16_004E:
 1151 0390 00       		.byte	0
 1152 0391 00       		.byte	0
 1153 0392 00       		.byte	0
 1154 0393 00       		.byte	0
 1155 0394 00       		.byte	0
 1156 0395 00       		.byte	0
 1157 0396 63       		.byte	99
 1158 0397 00       		.byte	0
 1159 0398 73       		.byte	115
 1160 0399 00       		.byte	0
 1161 039a 73       		.byte	115
 1162 039b 00       		.byte	0
 1163 039c 7B       		.byte	123
 1164 039d 00       		.byte	0
 1165 039e 6B       		.byte	107
 1166 039f 00       		.byte	0
 1167 03a0 6F       		.byte	111
 1168 03a1 00       		.byte	0
 1169 03a2 67       		.byte	103
 1170 03a3 00       		.byte	0
 1171 03a4 67       		.byte	103
 1172 03a5 00       		.byte	0
 1173 03a6 63       		.byte	99
 1174 03a7 00       		.byte	0
 1175 03a8 63       		.byte	99
 1176 03a9 00       		.byte	0
 1177 03aa 00       		.byte	0
 1178 03ab 00       		.byte	0
 1179 03ac 00       		.byte	0
 1180 03ad 00       		.byte	0
 1181 03ae 00       		.byte	0
 1182 03af 00       		.byte	0
 1183              		.global	FontSwiss16x16_004F
 1184              		.align	2
 1187              	FontSwiss16x16_004F:
 1188 03b0 00       		.byte	0
 1189 03b1 00       		.byte	0
 1190 03b2 00       		.byte	0
 1191 03b3 00       		.byte	0
 1192 03b4 00       		.byte	0
 1193 03b5 00       		.byte	0
 1194 03b6 1E       		.byte	30
 1195 03b7 00       		.byte	0
 1196 03b8 33       		.byte	51
 1197 03b9 00       		.byte	0
 1198 03ba 61       		.byte	97
 1199 03bb 80       		.byte	-128
 1200 03bc 61       		.byte	97
 1201 03bd 80       		.byte	-128
 1202 03be 61       		.byte	97
 1203 03bf 80       		.byte	-128
 1204 03c0 61       		.byte	97
 1205 03c1 80       		.byte	-128
 1206 03c2 61       		.byte	97
 1207 03c3 80       		.byte	-128
 1208 03c4 61       		.byte	97
 1209 03c5 80       		.byte	-128
 1210 03c6 33       		.byte	51
 1211 03c7 00       		.byte	0
 1212 03c8 1E       		.byte	30
 1213 03c9 00       		.byte	0
 1214 03ca 00       		.byte	0
 1215 03cb 00       		.byte	0
 1216 03cc 00       		.byte	0
 1217 03cd 00       		.byte	0
 1218 03ce 00       		.byte	0
 1219 03cf 00       		.byte	0
 1220              		.global	FontSwiss16x16_0050
 1221              		.align	2
 1224              	FontSwiss16x16_0050:
 1225 03d0 00       		.byte	0
 1226 03d1 00       		.byte	0
 1227 03d2 00       		.byte	0
 1228 03d3 00       		.byte	0
 1229 03d4 00       		.byte	0
 1230 03d5 00       		.byte	0
 1231 03d6 7E       		.byte	126
 1232 03d7 00       		.byte	0
 1233 03d8 63       		.byte	99
 1234 03d9 00       		.byte	0
 1235 03da 63       		.byte	99
 1236 03db 00       		.byte	0
 1237 03dc 63       		.byte	99
 1238 03dd 00       		.byte	0
 1239 03de 63       		.byte	99
 1240 03df 00       		.byte	0
 1241 03e0 7E       		.byte	126
 1242 03e1 00       		.byte	0
 1243 03e2 60       		.byte	96
 1244 03e3 00       		.byte	0
 1245 03e4 60       		.byte	96
 1246 03e5 00       		.byte	0
 1247 03e6 60       		.byte	96
 1248 03e7 00       		.byte	0
 1249 03e8 60       		.byte	96
 1250 03e9 00       		.byte	0
 1251 03ea 00       		.byte	0
 1252 03eb 00       		.byte	0
 1253 03ec 00       		.byte	0
 1254 03ed 00       		.byte	0
 1255 03ee 00       		.byte	0
 1256 03ef 00       		.byte	0
 1257              		.global	FontSwiss16x16_0051
 1258              		.align	2
 1261              	FontSwiss16x16_0051:
 1262 03f0 00       		.byte	0
 1263 03f1 00       		.byte	0
 1264 03f2 00       		.byte	0
 1265 03f3 00       		.byte	0
 1266 03f4 00       		.byte	0
 1267 03f5 00       		.byte	0
 1268 03f6 1E       		.byte	30
 1269 03f7 00       		.byte	0
 1270 03f8 33       		.byte	51
 1271 03f9 00       		.byte	0
 1272 03fa 61       		.byte	97
 1273 03fb 80       		.byte	-128
 1274 03fc 61       		.byte	97
 1275 03fd 80       		.byte	-128
 1276 03fe 61       		.byte	97
 1277 03ff 80       		.byte	-128
 1278 0400 61       		.byte	97
 1279 0401 80       		.byte	-128
 1280 0402 61       		.byte	97
 1281 0403 80       		.byte	-128
 1282 0404 65       		.byte	101
 1283 0405 80       		.byte	-128
 1284 0406 33       		.byte	51
 1285 0407 00       		.byte	0
 1286 0408 1F       		.byte	31
 1287 0409 00       		.byte	0
 1288 040a 00       		.byte	0
 1289 040b 80       		.byte	-128
 1290 040c 00       		.byte	0
 1291 040d 00       		.byte	0
 1292 040e 00       		.byte	0
 1293 040f 00       		.byte	0
 1294              		.global	FontSwiss16x16_0052
 1295              		.align	2
 1298              	FontSwiss16x16_0052:
 1299 0410 00       		.byte	0
 1300 0411 00       		.byte	0
 1301 0412 00       		.byte	0
 1302 0413 00       		.byte	0
 1303 0414 00       		.byte	0
 1304 0415 00       		.byte	0
 1305 0416 7E       		.byte	126
 1306 0417 00       		.byte	0
 1307 0418 63       		.byte	99
 1308 0419 00       		.byte	0
 1309 041a 63       		.byte	99
 1310 041b 00       		.byte	0
 1311 041c 63       		.byte	99
 1312 041d 00       		.byte	0
 1313 041e 63       		.byte	99
 1314 041f 00       		.byte	0
 1315 0420 7E       		.byte	126
 1316 0421 00       		.byte	0
 1317 0422 66       		.byte	102
 1318 0423 00       		.byte	0
 1319 0424 63       		.byte	99
 1320 0425 00       		.byte	0
 1321 0426 63       		.byte	99
 1322 0427 00       		.byte	0
 1323 0428 61       		.byte	97
 1324 0429 80       		.byte	-128
 1325 042a 00       		.byte	0
 1326 042b 00       		.byte	0
 1327 042c 00       		.byte	0
 1328 042d 00       		.byte	0
 1329 042e 00       		.byte	0
 1330 042f 00       		.byte	0
 1331              		.global	FontSwiss16x16_0053
 1332              		.align	2
 1335              	FontSwiss16x16_0053:
 1336 0430 00       		.byte	0
 1337 0431 00       		.byte	0
 1338 0432 00       		.byte	0
 1339 0433 00       		.byte	0
 1340 0434 00       		.byte	0
 1341 0435 00       		.byte	0
 1342 0436 3E       		.byte	62
 1343 0437 00       		.byte	0
 1344 0438 63       		.byte	99
 1345 0439 00       		.byte	0
 1346 043a 60       		.byte	96
 1347 043b 00       		.byte	0
 1348 043c 70       		.byte	112
 1349 043d 00       		.byte	0
 1350 043e 3C       		.byte	60
 1351 043f 00       		.byte	0
 1352 0440 1E       		.byte	30
 1353 0441 00       		.byte	0
 1354 0442 07       		.byte	7
 1355 0443 00       		.byte	0
 1356 0444 03       		.byte	3
 1357 0445 00       		.byte	0
 1358 0446 63       		.byte	99
 1359 0447 00       		.byte	0
 1360 0448 3E       		.byte	62
 1361 0449 00       		.byte	0
 1362 044a 00       		.byte	0
 1363 044b 00       		.byte	0
 1364 044c 00       		.byte	0
 1365 044d 00       		.byte	0
 1366 044e 00       		.byte	0
 1367 044f 00       		.byte	0
 1368              		.global	FontSwiss16x16_0054
 1369              		.align	2
 1372              	FontSwiss16x16_0054:
 1373 0450 00       		.byte	0
 1374 0451 00       		.byte	0
 1375 0452 00       		.byte	0
 1376 0453 FF       		.byte	-1
 1377 0454 18       		.byte	24
 1378 0455 18       		.byte	24
 1379 0456 18       		.byte	24
 1380 0457 18       		.byte	24
 1381 0458 18       		.byte	24
 1382 0459 18       		.byte	24
 1383 045a 18       		.byte	24
 1384 045b 18       		.byte	24
 1385 045c 18       		.byte	24
 1386 045d 00       		.byte	0
 1387 045e 00       		.byte	0
 1388 045f 00       		.byte	0
 1389              		.global	FontSwiss16x16_0055
 1390              		.align	2
 1393              	FontSwiss16x16_0055:
 1394 0460 00       		.byte	0
 1395 0461 00       		.byte	0
 1396 0462 00       		.byte	0
 1397 0463 00       		.byte	0
 1398 0464 00       		.byte	0
 1399 0465 00       		.byte	0
 1400 0466 63       		.byte	99
 1401 0467 00       		.byte	0
 1402 0468 63       		.byte	99
 1403 0469 00       		.byte	0
 1404 046a 63       		.byte	99
 1405 046b 00       		.byte	0
 1406 046c 63       		.byte	99
 1407 046d 00       		.byte	0
 1408 046e 63       		.byte	99
 1409 046f 00       		.byte	0
 1410 0470 63       		.byte	99
 1411 0471 00       		.byte	0
 1412 0472 63       		.byte	99
 1413 0473 00       		.byte	0
 1414 0474 63       		.byte	99
 1415 0475 00       		.byte	0
 1416 0476 63       		.byte	99
 1417 0477 00       		.byte	0
 1418 0478 3E       		.byte	62
 1419 0479 00       		.byte	0
 1420 047a 00       		.byte	0
 1421 047b 00       		.byte	0
 1422 047c 00       		.byte	0
 1423 047d 00       		.byte	0
 1424 047e 00       		.byte	0
 1425 047f 00       		.byte	0
 1426              		.global	FontSwiss16x16_0056
 1427              		.align	2
 1430              	FontSwiss16x16_0056:
 1431 0480 00       		.byte	0
 1432 0481 00       		.byte	0
 1433 0482 00       		.byte	0
 1434 0483 00       		.byte	0
 1435 0484 00       		.byte	0
 1436 0485 00       		.byte	0
 1437 0486 C1       		.byte	-63
 1438 0487 80       		.byte	-128
 1439 0488 C1       		.byte	-63
 1440 0489 80       		.byte	-128
 1441 048a 63       		.byte	99
 1442 048b 00       		.byte	0
 1443 048c 63       		.byte	99
 1444 048d 00       		.byte	0
 1445 048e 63       		.byte	99
 1446 048f 00       		.byte	0
 1447 0490 36       		.byte	54
 1448 0491 00       		.byte	0
 1449 0492 36       		.byte	54
 1450 0493 00       		.byte	0
 1451 0494 36       		.byte	54
 1452 0495 00       		.byte	0
 1453 0496 1C       		.byte	28
 1454 0497 00       		.byte	0
 1455 0498 1C       		.byte	28
 1456 0499 00       		.byte	0
 1457 049a 00       		.byte	0
 1458 049b 00       		.byte	0
 1459 049c 00       		.byte	0
 1460 049d 00       		.byte	0
 1461 049e 00       		.byte	0
 1462 049f 00       		.byte	0
 1463              		.global	FontSwiss16x16_0057
 1464              		.align	2
 1467              	FontSwiss16x16_0057:
 1468 04a0 00       		.byte	0
 1469 04a1 00       		.byte	0
 1470 04a2 00       		.byte	0
 1471 04a3 00       		.byte	0
 1472 04a4 00       		.byte	0
 1473 04a5 00       		.byte	0
 1474 04a6 C7       		.byte	-57
 1475 04a7 18       		.byte	24
 1476 04a8 C7       		.byte	-57
 1477 04a9 18       		.byte	24
 1478 04aa 67       		.byte	103
 1479 04ab 30       		.byte	48
 1480 04ac 6D       		.byte	109
 1481 04ad B0       		.byte	-80
 1482 04ae 6D       		.byte	109
 1483 04af B0       		.byte	-80
 1484 04b0 6D       		.byte	109
 1485 04b1 B0       		.byte	-80
 1486 04b2 6D       		.byte	109
 1487 04b3 B0       		.byte	-80
 1488 04b4 38       		.byte	56
 1489 04b5 E0       		.byte	-32
 1490 04b6 38       		.byte	56
 1491 04b7 E0       		.byte	-32
 1492 04b8 38       		.byte	56
 1493 04b9 E0       		.byte	-32
 1494 04ba 00       		.byte	0
 1495 04bb 00       		.byte	0
 1496 04bc 00       		.byte	0
 1497 04bd 00       		.byte	0
 1498 04be 00       		.byte	0
 1499 04bf 00       		.byte	0
 1500              		.global	FontSwiss16x16_0058
 1501              		.align	2
 1504              	FontSwiss16x16_0058:
 1505 04c0 00       		.byte	0
 1506 04c1 00       		.byte	0
 1507 04c2 00       		.byte	0
 1508 04c3 00       		.byte	0
 1509 04c4 00       		.byte	0
 1510 04c5 00       		.byte	0
 1511 04c6 63       		.byte	99
 1512 04c7 00       		.byte	0
 1513 04c8 63       		.byte	99
 1514 04c9 00       		.byte	0
 1515 04ca 36       		.byte	54
 1516 04cb 00       		.byte	0
 1517 04cc 1C       		.byte	28
 1518 04cd 00       		.byte	0
 1519 04ce 1C       		.byte	28
 1520 04cf 00       		.byte	0
 1521 04d0 1C       		.byte	28
 1522 04d1 00       		.byte	0
 1523 04d2 1C       		.byte	28
 1524 04d3 00       		.byte	0
 1525 04d4 36       		.byte	54
 1526 04d5 00       		.byte	0
 1527 04d6 63       		.byte	99
 1528 04d7 00       		.byte	0
 1529 04d8 63       		.byte	99
 1530 04d9 00       		.byte	0
 1531 04da 00       		.byte	0
 1532 04db 00       		.byte	0
 1533 04dc 00       		.byte	0
 1534 04dd 00       		.byte	0
 1535 04de 00       		.byte	0
 1536 04df 00       		.byte	0
 1537              		.global	FontSwiss16x16_0059
 1538              		.align	2
 1541              	FontSwiss16x16_0059:
 1542 04e0 00       		.byte	0
 1543 04e1 00       		.byte	0
 1544 04e2 00       		.byte	0
 1545 04e3 C3       		.byte	-61
 1546 04e4 C3       		.byte	-61
 1547 04e5 66       		.byte	102
 1548 04e6 3C       		.byte	60
 1549 04e7 3C       		.byte	60
 1550 04e8 18       		.byte	24
 1551 04e9 18       		.byte	24
 1552 04ea 18       		.byte	24
 1553 04eb 18       		.byte	24
 1554 04ec 18       		.byte	24
 1555 04ed 00       		.byte	0
 1556 04ee 00       		.byte	0
 1557 04ef 00       		.byte	0
 1558              		.global	FontSwiss16x16_005A
 1559              		.align	2
 1562              	FontSwiss16x16_005A:
 1563 04f0 00       		.byte	0
 1564 04f1 00       		.byte	0
 1565 04f2 00       		.byte	0
 1566 04f3 FE       		.byte	-2
 1567 04f4 06       		.byte	6
 1568 04f5 0C       		.byte	12
 1569 04f6 18       		.byte	24
 1570 04f7 18       		.byte	24
 1571 04f8 30       		.byte	48
 1572 04f9 30       		.byte	48
 1573 04fa 60       		.byte	96
 1574 04fb C0       		.byte	-64
 1575 04fc FE       		.byte	-2
 1576 04fd 00       		.byte	0
 1577 04fe 00       		.byte	0
 1578 04ff 00       		.byte	0
 1579              		.global	FontSwiss16x16_005B
 1580              		.align	2
 1583              	FontSwiss16x16_005B:
 1584 0500 00       		.byte	0
 1585 0501 00       		.byte	0
 1586 0502 00       		.byte	0
 1587 0503 70       		.byte	112
 1588 0504 60       		.byte	96
 1589 0505 60       		.byte	96
 1590 0506 60       		.byte	96
 1591 0507 60       		.byte	96
 1592 0508 60       		.byte	96
 1593 0509 60       		.byte	96
 1594 050a 60       		.byte	96
 1595 050b 60       		.byte	96
 1596 050c 60       		.byte	96
 1597 050d 60       		.byte	96
 1598 050e 60       		.byte	96
 1599 050f 70       		.byte	112
 1600              		.global	FontSwiss16x16_005C
 1601              		.align	2
 1604              	FontSwiss16x16_005C:
 1605 0510 00       		.byte	0
 1606 0511 00       		.byte	0
 1607 0512 00       		.byte	0
 1608 0513 80       		.byte	-128
 1609 0514 80       		.byte	-128
 1610 0515 40       		.byte	64
 1611 0516 40       		.byte	64
 1612 0517 40       		.byte	64
 1613 0518 20       		.byte	32
 1614 0519 20       		.byte	32
 1615 051a 20       		.byte	32
 1616 051b 10       		.byte	16
 1617 051c 10       		.byte	16
 1618 051d 00       		.byte	0
 1619 051e 00       		.byte	0
 1620 051f 00       		.byte	0
 1621              		.global	FontSwiss16x16_005D
 1622              		.align	2
 1625              	FontSwiss16x16_005D:
 1626 0520 00       		.byte	0
 1627 0521 00       		.byte	0
 1628 0522 00       		.byte	0
 1629 0523 E0       		.byte	-32
 1630 0524 60       		.byte	96
 1631 0525 60       		.byte	96
 1632 0526 60       		.byte	96
 1633 0527 60       		.byte	96
 1634 0528 60       		.byte	96
 1635 0529 60       		.byte	96
 1636 052a 60       		.byte	96
 1637 052b 60       		.byte	96
 1638 052c 60       		.byte	96
 1639 052d 60       		.byte	96
 1640 052e 60       		.byte	96
 1641 052f E0       		.byte	-32
 1642              		.global	FontSwiss16x16_005E
 1643              		.align	2
 1646              	FontSwiss16x16_005E:
 1647 0530 00       		.byte	0
 1648 0531 00       		.byte	0
 1649 0532 00       		.byte	0
 1650 0533 00       		.byte	0
 1651 0534 30       		.byte	48
 1652 0535 30       		.byte	48
 1653 0536 78       		.byte	120
 1654 0537 48       		.byte	72
 1655 0538 CC       		.byte	-52
 1656 0539 00       		.byte	0
 1657 053a 00       		.byte	0
 1658 053b 00       		.byte	0
 1659 053c 00       		.byte	0
 1660 053d 00       		.byte	0
 1661 053e 00       		.byte	0
 1662 053f 00       		.byte	0
 1663              		.global	FontSwiss16x16_005F
 1664              		.align	2
 1667              	FontSwiss16x16_005F:
 1668 0540 00       		.byte	0
 1669 0541 00       		.byte	0
 1670 0542 00       		.byte	0
 1671 0543 00       		.byte	0
 1672 0544 00       		.byte	0
 1673 0545 00       		.byte	0
 1674 0546 00       		.byte	0
 1675 0547 00       		.byte	0
 1676 0548 00       		.byte	0
 1677 0549 00       		.byte	0
 1678 054a 00       		.byte	0
 1679 054b 00       		.byte	0
 1680 054c 00       		.byte	0
 1681 054d 00       		.byte	0
 1682 054e 00       		.byte	0
 1683 054f FE       		.byte	-2
 1684              		.global	FontSwiss16x16_0060
 1685              		.align	2
 1688              	FontSwiss16x16_0060:
 1689 0550 00       		.byte	0
 1690 0551 00       		.byte	0
 1691 0552 00       		.byte	0
 1692 0553 C0       		.byte	-64
 1693 0554 60       		.byte	96
 1694 0555 00       		.byte	0
 1695 0556 00       		.byte	0
 1696 0557 00       		.byte	0
 1697 0558 00       		.byte	0
 1698 0559 00       		.byte	0
 1699 055a 00       		.byte	0
 1700 055b 00       		.byte	0
 1701 055c 00       		.byte	0
 1702 055d 00       		.byte	0
 1703 055e 00       		.byte	0
 1704 055f 00       		.byte	0
 1705              		.global	FontSwiss16x16_0061
 1706              		.align	2
 1709              	FontSwiss16x16_0061:
 1710 0560 00       		.byte	0
 1711 0561 00       		.byte	0
 1712 0562 00       		.byte	0
 1713 0563 00       		.byte	0
 1714 0564 00       		.byte	0
 1715 0565 00       		.byte	0
 1716 0566 3C       		.byte	60
 1717 0567 46       		.byte	70
 1718 0568 1E       		.byte	30
 1719 0569 36       		.byte	54
 1720 056a 66       		.byte	102
 1721 056b 66       		.byte	102
 1722 056c 3E       		.byte	62
 1723 056d 00       		.byte	0
 1724 056e 00       		.byte	0
 1725 056f 00       		.byte	0
 1726              		.global	FontSwiss16x16_0062
 1727              		.align	2
 1730              	FontSwiss16x16_0062:
 1731 0570 00       		.byte	0
 1732 0571 00       		.byte	0
 1733 0572 00       		.byte	0
 1734 0573 60       		.byte	96
 1735 0574 60       		.byte	96
 1736 0575 60       		.byte	96
 1737 0576 6C       		.byte	108
 1738 0577 76       		.byte	118
 1739 0578 66       		.byte	102
 1740 0579 66       		.byte	102
 1741 057a 66       		.byte	102
 1742 057b 76       		.byte	118
 1743 057c 6C       		.byte	108
 1744 057d 00       		.byte	0
 1745 057e 00       		.byte	0
 1746 057f 00       		.byte	0
 1747              		.global	FontSwiss16x16_0063
 1748              		.align	2
 1751              	FontSwiss16x16_0063:
 1752 0580 00       		.byte	0
 1753 0581 00       		.byte	0
 1754 0582 00       		.byte	0
 1755 0583 00       		.byte	0
 1756 0584 00       		.byte	0
 1757 0585 00       		.byte	0
 1758 0586 3C       		.byte	60
 1759 0587 66       		.byte	102
 1760 0588 60       		.byte	96
 1761 0589 60       		.byte	96
 1762 058a 60       		.byte	96
 1763 058b 66       		.byte	102
 1764 058c 3C       		.byte	60
 1765 058d 00       		.byte	0
 1766 058e 00       		.byte	0
 1767 058f 00       		.byte	0
 1768              		.global	FontSwiss16x16_0064
 1769              		.align	2
 1772              	FontSwiss16x16_0064:
 1773 0590 00       		.byte	0
 1774 0591 00       		.byte	0
 1775 0592 00       		.byte	0
 1776 0593 06       		.byte	6
 1777 0594 06       		.byte	6
 1778 0595 06       		.byte	6
 1779 0596 36       		.byte	54
 1780 0597 6E       		.byte	110
 1781 0598 66       		.byte	102
 1782 0599 66       		.byte	102
 1783 059a 66       		.byte	102
 1784 059b 6E       		.byte	110
 1785 059c 36       		.byte	54
 1786 059d 00       		.byte	0
 1787 059e 00       		.byte	0
 1788 059f 00       		.byte	0
 1789              		.global	FontSwiss16x16_0065
 1790              		.align	2
 1793              	FontSwiss16x16_0065:
 1794 05a0 00       		.byte	0
 1795 05a1 00       		.byte	0
 1796 05a2 00       		.byte	0
 1797 05a3 00       		.byte	0
 1798 05a4 00       		.byte	0
 1799 05a5 00       		.byte	0
 1800 05a6 3C       		.byte	60
 1801 05a7 66       		.byte	102
 1802 05a8 66       		.byte	102
 1803 05a9 7E       		.byte	126
 1804 05aa 60       		.byte	96
 1805 05ab 66       		.byte	102
 1806 05ac 3C       		.byte	60
 1807 05ad 00       		.byte	0
 1808 05ae 00       		.byte	0
 1809 05af 00       		.byte	0
 1810              		.global	FontSwiss16x16_0066
 1811              		.align	2
 1814              	FontSwiss16x16_0066:
 1815 05b0 00       		.byte	0
 1816 05b1 00       		.byte	0
 1817 05b2 00       		.byte	0
 1818 05b3 30       		.byte	48
 1819 05b4 60       		.byte	96
 1820 05b5 60       		.byte	96
 1821 05b6 F0       		.byte	-16
 1822 05b7 60       		.byte	96
 1823 05b8 60       		.byte	96
 1824 05b9 60       		.byte	96
 1825 05ba 60       		.byte	96
 1826 05bb 60       		.byte	96
 1827 05bc 60       		.byte	96
 1828 05bd 00       		.byte	0
 1829 05be 00       		.byte	0
 1830 05bf 00       		.byte	0
 1831              		.global	FontSwiss16x16_0067
 1832              		.align	2
 1835              	FontSwiss16x16_0067:
 1836 05c0 00       		.byte	0
 1837 05c1 00       		.byte	0
 1838 05c2 00       		.byte	0
 1839 05c3 00       		.byte	0
 1840 05c4 00       		.byte	0
 1841 05c5 00       		.byte	0
 1842 05c6 36       		.byte	54
 1843 05c7 6E       		.byte	110
 1844 05c8 66       		.byte	102
 1845 05c9 66       		.byte	102
 1846 05ca 66       		.byte	102
 1847 05cb 6E       		.byte	110
 1848 05cc 36       		.byte	54
 1849 05cd 06       		.byte	6
 1850 05ce 46       		.byte	70
 1851 05cf 3C       		.byte	60
 1852              		.global	FontSwiss16x16_0068
 1853              		.align	2
 1856              	FontSwiss16x16_0068:
 1857 05d0 00       		.byte	0
 1858 05d1 00       		.byte	0
 1859 05d2 00       		.byte	0
 1860 05d3 60       		.byte	96
 1861 05d4 60       		.byte	96
 1862 05d5 60       		.byte	96
 1863 05d6 6C       		.byte	108
 1864 05d7 76       		.byte	118
 1865 05d8 66       		.byte	102
 1866 05d9 66       		.byte	102
 1867 05da 66       		.byte	102
 1868 05db 66       		.byte	102
 1869 05dc 66       		.byte	102
 1870 05dd 00       		.byte	0
 1871 05de 00       		.byte	0
 1872 05df 00       		.byte	0
 1873              		.global	FontSwiss16x16_0069
 1874              		.align	2
 1877              	FontSwiss16x16_0069:
 1878 05e0 00       		.byte	0
 1879 05e1 00       		.byte	0
 1880 05e2 00       		.byte	0
 1881 05e3 60       		.byte	96
 1882 05e4 60       		.byte	96
 1883 05e5 00       		.byte	0
 1884 05e6 60       		.byte	96
 1885 05e7 60       		.byte	96
 1886 05e8 60       		.byte	96
 1887 05e9 60       		.byte	96
 1888 05ea 60       		.byte	96
 1889 05eb 60       		.byte	96
 1890 05ec 60       		.byte	96
 1891 05ed 00       		.byte	0
 1892 05ee 00       		.byte	0
 1893 05ef 00       		.byte	0
 1894              		.global	FontSwiss16x16_006A
 1895              		.align	2
 1898              	FontSwiss16x16_006A:
 1899 05f0 00       		.byte	0
 1900 05f1 00       		.byte	0
 1901 05f2 00       		.byte	0
 1902 05f3 60       		.byte	96
 1903 05f4 60       		.byte	96
 1904 05f5 00       		.byte	0
 1905 05f6 60       		.byte	96
 1906 05f7 60       		.byte	96
 1907 05f8 60       		.byte	96
 1908 05f9 60       		.byte	96
 1909 05fa 60       		.byte	96
 1910 05fb 60       		.byte	96
 1911 05fc 60       		.byte	96
 1912 05fd 60       		.byte	96
 1913 05fe 60       		.byte	96
 1914 05ff C0       		.byte	-64
 1915              		.global	FontSwiss16x16_006B
 1916              		.align	2
 1919              	FontSwiss16x16_006B:
 1920 0600 00       		.byte	0
 1921 0601 00       		.byte	0
 1922 0602 00       		.byte	0
 1923 0603 60       		.byte	96
 1924 0604 60       		.byte	96
 1925 0605 60       		.byte	96
 1926 0606 66       		.byte	102
 1927 0607 6C       		.byte	108
 1928 0608 78       		.byte	120
 1929 0609 78       		.byte	120
 1930 060a 6C       		.byte	108
 1931 060b 6C       		.byte	108
 1932 060c 66       		.byte	102
 1933 060d 00       		.byte	0
 1934 060e 00       		.byte	0
 1935 060f 00       		.byte	0
 1936              		.global	FontSwiss16x16_006C
 1937              		.align	2
 1940              	FontSwiss16x16_006C:
 1941 0610 00       		.byte	0
 1942 0611 00       		.byte	0
 1943 0612 00       		.byte	0
 1944 0613 60       		.byte	96
 1945 0614 60       		.byte	96
 1946 0615 60       		.byte	96
 1947 0616 60       		.byte	96
 1948 0617 60       		.byte	96
 1949 0618 60       		.byte	96
 1950 0619 60       		.byte	96
 1951 061a 60       		.byte	96
 1952 061b 60       		.byte	96
 1953 061c 60       		.byte	96
 1954 061d 00       		.byte	0
 1955 061e 00       		.byte	0
 1956 061f 00       		.byte	0
 1957              		.global	FontSwiss16x16_006D
 1958              		.align	2
 1961              	FontSwiss16x16_006D:
 1962 0620 00       		.byte	0
 1963 0621 00       		.byte	0
 1964 0622 00       		.byte	0
 1965 0623 00       		.byte	0
 1966 0624 00       		.byte	0
 1967 0625 00       		.byte	0
 1968 0626 00       		.byte	0
 1969 0627 00       		.byte	0
 1970 0628 00       		.byte	0
 1971 0629 00       		.byte	0
 1972 062a 00       		.byte	0
 1973 062b 00       		.byte	0
 1974 062c 6E       		.byte	110
 1975 062d C0       		.byte	-64
 1976 062e 77       		.byte	119
 1977 062f 60       		.byte	96
 1978 0630 66       		.byte	102
 1979 0631 60       		.byte	96
 1980 0632 66       		.byte	102
 1981 0633 60       		.byte	96
 1982 0634 66       		.byte	102
 1983 0635 60       		.byte	96
 1984 0636 66       		.byte	102
 1985 0637 60       		.byte	96
 1986 0638 66       		.byte	102
 1987 0639 60       		.byte	96
 1988 063a 00       		.byte	0
 1989 063b 00       		.byte	0
 1990 063c 00       		.byte	0
 1991 063d 00       		.byte	0
 1992 063e 00       		.byte	0
 1993 063f 00       		.byte	0
 1994              		.global	FontSwiss16x16_006E
 1995              		.align	2
 1998              	FontSwiss16x16_006E:
 1999 0640 00       		.byte	0
 2000 0641 00       		.byte	0
 2001 0642 00       		.byte	0
 2002 0643 00       		.byte	0
 2003 0644 00       		.byte	0
 2004 0645 00       		.byte	0
 2005 0646 6C       		.byte	108
 2006 0647 76       		.byte	118
 2007 0648 66       		.byte	102
 2008 0649 66       		.byte	102
 2009 064a 66       		.byte	102
 2010 064b 66       		.byte	102
 2011 064c 66       		.byte	102
 2012 064d 00       		.byte	0
 2013 064e 00       		.byte	0
 2014 064f 00       		.byte	0
 2015              		.global	FontSwiss16x16_006F
 2016              		.align	2
 2019              	FontSwiss16x16_006F:
 2020 0650 00       		.byte	0
 2021 0651 00       		.byte	0
 2022 0652 00       		.byte	0
 2023 0653 00       		.byte	0
 2024 0654 00       		.byte	0
 2025 0655 00       		.byte	0
 2026 0656 3C       		.byte	60
 2027 0657 66       		.byte	102
 2028 0658 66       		.byte	102
 2029 0659 66       		.byte	102
 2030 065a 66       		.byte	102
 2031 065b 66       		.byte	102
 2032 065c 3C       		.byte	60
 2033 065d 00       		.byte	0
 2034 065e 00       		.byte	0
 2035 065f 00       		.byte	0
 2036              		.global	FontSwiss16x16_0070
 2037              		.align	2
 2040              	FontSwiss16x16_0070:
 2041 0660 00       		.byte	0
 2042 0661 00       		.byte	0
 2043 0662 00       		.byte	0
 2044 0663 00       		.byte	0
 2045 0664 00       		.byte	0
 2046 0665 00       		.byte	0
 2047 0666 6C       		.byte	108
 2048 0667 76       		.byte	118
 2049 0668 66       		.byte	102
 2050 0669 66       		.byte	102
 2051 066a 66       		.byte	102
 2052 066b 76       		.byte	118
 2053 066c 6C       		.byte	108
 2054 066d 60       		.byte	96
 2055 066e 60       		.byte	96
 2056 066f 60       		.byte	96
 2057              		.global	FontSwiss16x16_0071
 2058              		.align	2
 2061              	FontSwiss16x16_0071:
 2062 0670 00       		.byte	0
 2063 0671 00       		.byte	0
 2064 0672 00       		.byte	0
 2065 0673 00       		.byte	0
 2066 0674 00       		.byte	0
 2067 0675 00       		.byte	0
 2068 0676 36       		.byte	54
 2069 0677 6E       		.byte	110
 2070 0678 66       		.byte	102
 2071 0679 66       		.byte	102
 2072 067a 66       		.byte	102
 2073 067b 6E       		.byte	110
 2074 067c 36       		.byte	54
 2075 067d 06       		.byte	6
 2076 067e 06       		.byte	6
 2077 067f 06       		.byte	6
 2078              		.global	FontSwiss16x16_0072
 2079              		.align	2
 2082              	FontSwiss16x16_0072:
 2083 0680 00       		.byte	0
 2084 0681 00       		.byte	0
 2085 0682 00       		.byte	0
 2086 0683 00       		.byte	0
 2087 0684 00       		.byte	0
 2088 0685 00       		.byte	0
 2089 0686 78       		.byte	120
 2090 0687 60       		.byte	96
 2091 0688 60       		.byte	96
 2092 0689 60       		.byte	96
 2093 068a 60       		.byte	96
 2094 068b 60       		.byte	96
 2095 068c 60       		.byte	96
 2096 068d 00       		.byte	0
 2097 068e 00       		.byte	0
 2098 068f 00       		.byte	0
 2099              		.global	FontSwiss16x16_0073
 2100              		.align	2
 2103              	FontSwiss16x16_0073:
 2104 0690 00       		.byte	0
 2105 0691 00       		.byte	0
 2106 0692 00       		.byte	0
 2107 0693 00       		.byte	0
 2108 0694 00       		.byte	0
 2109 0695 00       		.byte	0
 2110 0696 78       		.byte	120
 2111 0697 CC       		.byte	-52
 2112 0698 E0       		.byte	-32
 2113 0699 78       		.byte	120
 2114 069a 1C       		.byte	28
 2115 069b CC       		.byte	-52
 2116 069c 78       		.byte	120
 2117 069d 00       		.byte	0
 2118 069e 00       		.byte	0
 2119 069f 00       		.byte	0
 2120              		.global	FontSwiss16x16_0074
 2121              		.align	2
 2124              	FontSwiss16x16_0074:
 2125 06a0 00       		.byte	0
 2126 06a1 00       		.byte	0
 2127 06a2 00       		.byte	0
 2128 06a3 00       		.byte	0
 2129 06a4 20       		.byte	32
 2130 06a5 60       		.byte	96
 2131 06a6 F0       		.byte	-16
 2132 06a7 60       		.byte	96
 2133 06a8 60       		.byte	96
 2134 06a9 60       		.byte	96
 2135 06aa 60       		.byte	96
 2136 06ab 60       		.byte	96
 2137 06ac 30       		.byte	48
 2138 06ad 00       		.byte	0
 2139 06ae 00       		.byte	0
 2140 06af 00       		.byte	0
 2141              		.global	FontSwiss16x16_0075
 2142              		.align	2
 2145              	FontSwiss16x16_0075:
 2146 06b0 00       		.byte	0
 2147 06b1 00       		.byte	0
 2148 06b2 00       		.byte	0
 2149 06b3 00       		.byte	0
 2150 06b4 00       		.byte	0
 2151 06b5 00       		.byte	0
 2152 06b6 66       		.byte	102
 2153 06b7 66       		.byte	102
 2154 06b8 66       		.byte	102
 2155 06b9 66       		.byte	102
 2156 06ba 66       		.byte	102
 2157 06bb 6E       		.byte	110
 2158 06bc 36       		.byte	54
 2159 06bd 00       		.byte	0
 2160 06be 00       		.byte	0
 2161 06bf 00       		.byte	0
 2162              		.global	FontSwiss16x16_0076
 2163              		.align	2
 2166              	FontSwiss16x16_0076:
 2167 06c0 00       		.byte	0
 2168 06c1 00       		.byte	0
 2169 06c2 00       		.byte	0
 2170 06c3 00       		.byte	0
 2171 06c4 00       		.byte	0
 2172 06c5 00       		.byte	0
 2173 06c6 C6       		.byte	-58
 2174 06c7 C6       		.byte	-58
 2175 06c8 6C       		.byte	108
 2176 06c9 6C       		.byte	108
 2177 06ca 6C       		.byte	108
 2178 06cb 38       		.byte	56
 2179 06cc 38       		.byte	56
 2180 06cd 00       		.byte	0
 2181 06ce 00       		.byte	0
 2182 06cf 00       		.byte	0
 2183              		.global	FontSwiss16x16_0077
 2184              		.align	2
 2187              	FontSwiss16x16_0077:
 2188 06d0 00       		.byte	0
 2189 06d1 00       		.byte	0
 2190 06d2 00       		.byte	0
 2191 06d3 00       		.byte	0
 2192 06d4 00       		.byte	0
 2193 06d5 00       		.byte	0
 2194 06d6 00       		.byte	0
 2195 06d7 00       		.byte	0
 2196 06d8 00       		.byte	0
 2197 06d9 00       		.byte	0
 2198 06da 00       		.byte	0
 2199 06db 00       		.byte	0
 2200 06dc C4       		.byte	-60
 2201 06dd 60       		.byte	96
 2202 06de CE       		.byte	-50
 2203 06df 60       		.byte	96
 2204 06e0 6E       		.byte	110
 2205 06e1 C0       		.byte	-64
 2206 06e2 6A       		.byte	106
 2207 06e3 C0       		.byte	-64
 2208 06e4 7B       		.byte	123
 2209 06e5 C0       		.byte	-64
 2210 06e6 3B       		.byte	59
 2211 06e7 80       		.byte	-128
 2212 06e8 31       		.byte	49
 2213 06e9 80       		.byte	-128
 2214 06ea 00       		.byte	0
 2215 06eb 00       		.byte	0
 2216 06ec 00       		.byte	0
 2217 06ed 00       		.byte	0
 2218 06ee 00       		.byte	0
 2219 06ef 00       		.byte	0
 2220              		.global	FontSwiss16x16_0078
 2221              		.align	2
 2224              	FontSwiss16x16_0078:
 2225 06f0 00       		.byte	0
 2226 06f1 00       		.byte	0
 2227 06f2 00       		.byte	0
 2228 06f3 00       		.byte	0
 2229 06f4 00       		.byte	0
 2230 06f5 00       		.byte	0
 2231 06f6 66       		.byte	102
 2232 06f7 66       		.byte	102
 2233 06f8 3C       		.byte	60
 2234 06f9 18       		.byte	24
 2235 06fa 3C       		.byte	60
 2236 06fb 66       		.byte	102
 2237 06fc 66       		.byte	102
 2238 06fd 00       		.byte	0
 2239 06fe 00       		.byte	0
 2240 06ff 00       		.byte	0
 2241              		.global	FontSwiss16x16_0079
 2242              		.align	2
 2245              	FontSwiss16x16_0079:
 2246 0700 00       		.byte	0
 2247 0701 00       		.byte	0
 2248 0702 00       		.byte	0
 2249 0703 00       		.byte	0
 2250 0704 00       		.byte	0
 2251 0705 00       		.byte	0
 2252 0706 C6       		.byte	-58
 2253 0707 C6       		.byte	-58
 2254 0708 6C       		.byte	108
 2255 0709 6C       		.byte	108
 2256 070a 6C       		.byte	108
 2257 070b 38       		.byte	56
 2258 070c 38       		.byte	56
 2259 070d 38       		.byte	56
 2260 070e 30       		.byte	48
 2261 070f F0       		.byte	-16
 2262              		.global	FontSwiss16x16_007A
 2263              		.align	2
 2266              	FontSwiss16x16_007A:
 2267 0710 00       		.byte	0
 2268 0711 00       		.byte	0
 2269 0712 00       		.byte	0
 2270 0713 00       		.byte	0
 2271 0714 00       		.byte	0
 2272 0715 00       		.byte	0
 2273 0716 7C       		.byte	124
 2274 0717 0C       		.byte	12
 2275 0718 18       		.byte	24
 2276 0719 30       		.byte	48
 2277 071a 30       		.byte	48
 2278 071b 60       		.byte	96
 2279 071c 7C       		.byte	124
 2280 071d 00       		.byte	0
 2281 071e 00       		.byte	0
 2282 071f 00       		.byte	0
 2283              		.global	FontSwiss16x16_007B
 2284              		.align	2
 2287              	FontSwiss16x16_007B:
 2288 0720 00       		.byte	0
 2289 0721 00       		.byte	0
 2290 0722 00       		.byte	0
 2291 0723 38       		.byte	56
 2292 0724 60       		.byte	96
 2293 0725 60       		.byte	96
 2294 0726 60       		.byte	96
 2295 0727 60       		.byte	96
 2296 0728 60       		.byte	96
 2297 0729 C0       		.byte	-64
 2298 072a 60       		.byte	96
 2299 072b 60       		.byte	96
 2300 072c 60       		.byte	96
 2301 072d 60       		.byte	96
 2302 072e 60       		.byte	96
 2303 072f 38       		.byte	56
 2304              		.global	FontSwiss16x16_007C
 2305              		.align	2
 2308              	FontSwiss16x16_007C:
 2309 0730 00       		.byte	0
 2310 0731 00       		.byte	0
 2311 0732 00       		.byte	0
 2312 0733 40       		.byte	64
 2313 0734 40       		.byte	64
 2314 0735 40       		.byte	64
 2315 0736 40       		.byte	64
 2316 0737 40       		.byte	64
 2317 0738 40       		.byte	64
 2318 0739 40       		.byte	64
 2319 073a 40       		.byte	64
 2320 073b 40       		.byte	64
 2321 073c 40       		.byte	64
 2322 073d 40       		.byte	64
 2323 073e 40       		.byte	64
 2324 073f 00       		.byte	0
 2325              		.global	FontSwiss16x16_007D
 2326              		.align	2
 2329              	FontSwiss16x16_007D:
 2330 0740 00       		.byte	0
 2331 0741 00       		.byte	0
 2332 0742 00       		.byte	0
 2333 0743 E0       		.byte	-32
 2334 0744 30       		.byte	48
 2335 0745 30       		.byte	48
 2336 0746 30       		.byte	48
 2337 0747 30       		.byte	48
 2338 0748 30       		.byte	48
 2339 0749 18       		.byte	24
 2340 074a 30       		.byte	48
 2341 074b 30       		.byte	48
 2342 074c 30       		.byte	48
 2343 074d 30       		.byte	48
 2344 074e 30       		.byte	48
 2345 074f E0       		.byte	-32
 2346              		.global	FontSwiss16x16_007E
 2347              		.align	2
 2350              	FontSwiss16x16_007E:
 2351 0750 00       		.byte	0
 2352 0751 00       		.byte	0
 2353 0752 00       		.byte	0
 2354 0753 00       		.byte	0
 2355 0754 00       		.byte	0
 2356 0755 00       		.byte	0
 2357 0756 00       		.byte	0
 2358 0757 00       		.byte	0
 2359 0758 72       		.byte	114
 2360 0759 9C       		.byte	-100
 2361 075a 00       		.byte	0
 2362 075b 00       		.byte	0
 2363 075c 00       		.byte	0
 2364 075d 00       		.byte	0
 2365 075e 00       		.byte	0
 2366 075f 00       		.byte	0
 2367              		.global	FontSwiss16x16_CharTbl
 2368              		.align	2
 2371              	FontSwiss16x16_CharTbl:
 2372 0760 04       		.byte	4
 2373 0761 04       		.byte	4
 2374 0762 01       		.byte	1
 2375 0763 00       		.space	1
 2376 0764 00000000 		.word	FontSwiss16x16_0020
 2377 0768 04       		.byte	4
 2378 0769 04       		.byte	4
 2379 076a 01       		.byte	1
 2380 076b 00       		.space	1
 2381 076c 00000000 		.word	FontSwiss16x16_0021
 2382 0770 06       		.byte	6
 2383 0771 06       		.byte	6
 2384 0772 01       		.byte	1
 2385 0773 00       		.space	1
 2386 0774 00000000 		.word	FontSwiss16x16_0022
 2387 0778 07       		.byte	7
 2388 0779 07       		.byte	7
 2389 077a 01       		.byte	1
 2390 077b 00       		.space	1
 2391 077c 00000000 		.word	FontSwiss16x16_0023
 2392 0780 07       		.byte	7
 2393 0781 07       		.byte	7
 2394 0782 01       		.byte	1
 2395 0783 00       		.space	1
 2396 0784 00000000 		.word	FontSwiss16x16_0024
 2397 0788 0A       		.byte	10
 2398 0789 0A       		.byte	10
 2399 078a 02       		.byte	2
 2400 078b 00       		.space	1
 2401 078c 00000000 		.word	FontSwiss16x16_0025
 2402 0790 09       		.byte	9
 2403 0791 09       		.byte	9
 2404 0792 02       		.byte	2
 2405 0793 00       		.space	1
 2406 0794 00000000 		.word	FontSwiss16x16_0026
 2407 0798 03       		.byte	3
 2408 0799 03       		.byte	3
 2409 079a 01       		.byte	1
 2410 079b 00       		.space	1
 2411 079c 00000000 		.word	FontSwiss16x16_0027
 2412 07a0 04       		.byte	4
 2413 07a1 04       		.byte	4
 2414 07a2 01       		.byte	1
 2415 07a3 00       		.space	1
 2416 07a4 00000000 		.word	FontSwiss16x16_0028
 2417 07a8 04       		.byte	4
 2418 07a9 04       		.byte	4
 2419 07aa 01       		.byte	1
 2420 07ab 00       		.space	1
 2421 07ac 00000000 		.word	FontSwiss16x16_0029
 2422 07b0 05       		.byte	5
 2423 07b1 05       		.byte	5
 2424 07b2 01       		.byte	1
 2425 07b3 00       		.space	1
 2426 07b4 00000000 		.word	FontSwiss16x16_002A
 2427 07b8 08       		.byte	8
 2428 07b9 08       		.byte	8
 2429 07ba 01       		.byte	1
 2430 07bb 00       		.space	1
 2431 07bc 00000000 		.word	FontSwiss16x16_002B
 2432 07c0 04       		.byte	4
 2433 07c1 04       		.byte	4
 2434 07c2 01       		.byte	1
 2435 07c3 00       		.space	1
 2436 07c4 00000000 		.word	FontSwiss16x16_002C
 2437 07c8 04       		.byte	4
 2438 07c9 04       		.byte	4
 2439 07ca 01       		.byte	1
 2440 07cb 00       		.space	1
 2441 07cc 00000000 		.word	FontSwiss16x16_002D
 2442 07d0 04       		.byte	4
 2443 07d1 04       		.byte	4
 2444 07d2 01       		.byte	1
 2445 07d3 00       		.space	1
 2446 07d4 00000000 		.word	FontSwiss16x16_002E
 2447 07d8 04       		.byte	4
 2448 07d9 04       		.byte	4
 2449 07da 01       		.byte	1
 2450 07db 00       		.space	1
 2451 07dc 00000000 		.word	FontSwiss16x16_002F
 2452 07e0 07       		.byte	7
 2453 07e1 07       		.byte	7
 2454 07e2 01       		.byte	1
 2455 07e3 00       		.space	1
 2456 07e4 00000000 		.word	FontSwiss16x16_0030
 2457 07e8 07       		.byte	7
 2458 07e9 07       		.byte	7
 2459 07ea 01       		.byte	1
 2460 07eb 00       		.space	1
 2461 07ec 00000000 		.word	FontSwiss16x16_0031
 2462 07f0 07       		.byte	7
 2463 07f1 07       		.byte	7
 2464 07f2 01       		.byte	1
 2465 07f3 00       		.space	1
 2466 07f4 00000000 		.word	FontSwiss16x16_0032
 2467 07f8 07       		.byte	7
 2468 07f9 07       		.byte	7
 2469 07fa 01       		.byte	1
 2470 07fb 00       		.space	1
 2471 07fc 00000000 		.word	FontSwiss16x16_0033
 2472 0800 07       		.byte	7
 2473 0801 07       		.byte	7
 2474 0802 01       		.byte	1
 2475 0803 00       		.space	1
 2476 0804 00000000 		.word	FontSwiss16x16_0034
 2477 0808 07       		.byte	7
 2478 0809 07       		.byte	7
 2479 080a 01       		.byte	1
 2480 080b 00       		.space	1
 2481 080c 00000000 		.word	FontSwiss16x16_0035
 2482 0810 07       		.byte	7
 2483 0811 07       		.byte	7
 2484 0812 01       		.byte	1
 2485 0813 00       		.space	1
 2486 0814 00000000 		.word	FontSwiss16x16_0036
 2487 0818 07       		.byte	7
 2488 0819 07       		.byte	7
 2489 081a 01       		.byte	1
 2490 081b 00       		.space	1
 2491 081c 00000000 		.word	FontSwiss16x16_0037
 2492 0820 07       		.byte	7
 2493 0821 07       		.byte	7
 2494 0822 01       		.byte	1
 2495 0823 00       		.space	1
 2496 0824 00000000 		.word	FontSwiss16x16_0038
 2497 0828 07       		.byte	7
 2498 0829 07       		.byte	7
 2499 082a 01       		.byte	1
 2500 082b 00       		.space	1
 2501 082c 00000000 		.word	FontSwiss16x16_0039
 2502 0830 04       		.byte	4
 2503 0831 04       		.byte	4
 2504 0832 01       		.byte	1
 2505 0833 00       		.space	1
 2506 0834 00000000 		.word	FontSwiss16x16_003A
 2507 0838 04       		.byte	4
 2508 0839 04       		.byte	4
 2509 083a 01       		.byte	1
 2510 083b 00       		.space	1
 2511 083c 00000000 		.word	FontSwiss16x16_003B
 2512 0840 08       		.byte	8
 2513 0841 08       		.byte	8
 2514 0842 01       		.byte	1
 2515 0843 00       		.space	1
 2516 0844 00000000 		.word	FontSwiss16x16_003C
 2517 0848 08       		.byte	8
 2518 0849 08       		.byte	8
 2519 084a 01       		.byte	1
 2520 084b 00       		.space	1
 2521 084c 00000000 		.word	FontSwiss16x16_003D
 2522 0850 08       		.byte	8
 2523 0851 08       		.byte	8
 2524 0852 01       		.byte	1
 2525 0853 00       		.space	1
 2526 0854 00000000 		.word	FontSwiss16x16_003E
 2527 0858 08       		.byte	8
 2528 0859 08       		.byte	8
 2529 085a 01       		.byte	1
 2530 085b 00       		.space	1
 2531 085c 00000000 		.word	FontSwiss16x16_003F
 2532 0860 0D       		.byte	13
 2533 0861 0D       		.byte	13
 2534 0862 02       		.byte	2
 2535 0863 00       		.space	1
 2536 0864 00000000 		.word	FontSwiss16x16_0040
 2537 0868 09       		.byte	9
 2538 0869 09       		.byte	9
 2539 086a 02       		.byte	2
 2540 086b 00       		.space	1
 2541 086c 00000000 		.word	FontSwiss16x16_0041
 2542 0870 09       		.byte	9
 2543 0871 09       		.byte	9
 2544 0872 02       		.byte	2
 2545 0873 00       		.space	1
 2546 0874 00000000 		.word	FontSwiss16x16_0042
 2547 0878 09       		.byte	9
 2548 0879 09       		.byte	9
 2549 087a 02       		.byte	2
 2550 087b 00       		.space	1
 2551 087c 00000000 		.word	FontSwiss16x16_0043
 2552 0880 09       		.byte	9
 2553 0881 09       		.byte	9
 2554 0882 02       		.byte	2
 2555 0883 00       		.space	1
 2556 0884 00000000 		.word	FontSwiss16x16_0044
 2557 0888 08       		.byte	8
 2558 0889 08       		.byte	8
 2559 088a 01       		.byte	1
 2560 088b 00       		.space	1
 2561 088c 00000000 		.word	FontSwiss16x16_0045
 2562 0890 08       		.byte	8
 2563 0891 08       		.byte	8
 2564 0892 01       		.byte	1
 2565 0893 00       		.space	1
 2566 0894 00000000 		.word	FontSwiss16x16_0046
 2567 0898 0A       		.byte	10
 2568 0899 0A       		.byte	10
 2569 089a 02       		.byte	2
 2570 089b 00       		.space	1
 2571 089c 00000000 		.word	FontSwiss16x16_0047
 2572 08a0 09       		.byte	9
 2573 08a1 09       		.byte	9
 2574 08a2 02       		.byte	2
 2575 08a3 00       		.space	1
 2576 08a4 00000000 		.word	FontSwiss16x16_0048
 2577 08a8 04       		.byte	4
 2578 08a9 04       		.byte	4
 2579 08aa 01       		.byte	1
 2580 08ab 00       		.space	1
 2581 08ac 00000000 		.word	FontSwiss16x16_0049
 2582 08b0 07       		.byte	7
 2583 08b1 07       		.byte	7
 2584 08b2 01       		.byte	1
 2585 08b3 00       		.space	1
 2586 08b4 00000000 		.word	FontSwiss16x16_004A
 2587 08b8 09       		.byte	9
 2588 08b9 09       		.byte	9
 2589 08ba 02       		.byte	2
 2590 08bb 00       		.space	1
 2591 08bc 00000000 		.word	FontSwiss16x16_004B
 2592 08c0 08       		.byte	8
 2593 08c1 08       		.byte	8
 2594 08c2 01       		.byte	1
 2595 08c3 00       		.space	1
 2596 08c4 00000000 		.word	FontSwiss16x16_004C
 2597 08c8 0B       		.byte	11
 2598 08c9 0B       		.byte	11
 2599 08ca 02       		.byte	2
 2600 08cb 00       		.space	1
 2601 08cc 00000000 		.word	FontSwiss16x16_004D
 2602 08d0 09       		.byte	9
 2603 08d1 09       		.byte	9
 2604 08d2 02       		.byte	2
 2605 08d3 00       		.space	1
 2606 08d4 00000000 		.word	FontSwiss16x16_004E
 2607 08d8 0A       		.byte	10
 2608 08d9 0A       		.byte	10
 2609 08da 02       		.byte	2
 2610 08db 00       		.space	1
 2611 08dc 00000000 		.word	FontSwiss16x16_004F
 2612 08e0 09       		.byte	9
 2613 08e1 09       		.byte	9
 2614 08e2 02       		.byte	2
 2615 08e3 00       		.space	1
 2616 08e4 00000000 		.word	FontSwiss16x16_0050
 2617 08e8 0A       		.byte	10
 2618 08e9 0A       		.byte	10
 2619 08ea 02       		.byte	2
 2620 08eb 00       		.space	1
 2621 08ec 00000000 		.word	FontSwiss16x16_0051
 2622 08f0 09       		.byte	9
 2623 08f1 09       		.byte	9
 2624 08f2 02       		.byte	2
 2625 08f3 00       		.space	1
 2626 08f4 00000000 		.word	FontSwiss16x16_0052
 2627 08f8 09       		.byte	9
 2628 08f9 09       		.byte	9
 2629 08fa 02       		.byte	2
 2630 08fb 00       		.space	1
 2631 08fc 00000000 		.word	FontSwiss16x16_0053
 2632 0900 08       		.byte	8
 2633 0901 08       		.byte	8
 2634 0902 01       		.byte	1
 2635 0903 00       		.space	1
 2636 0904 00000000 		.word	FontSwiss16x16_0054
 2637 0908 09       		.byte	9
 2638 0909 09       		.byte	9
 2639 090a 02       		.byte	2
 2640 090b 00       		.space	1
 2641 090c 00000000 		.word	FontSwiss16x16_0055
 2642 0910 09       		.byte	9
 2643 0911 09       		.byte	9
 2644 0912 02       		.byte	2
 2645 0913 00       		.space	1
 2646 0914 00000000 		.word	FontSwiss16x16_0056
 2647 0918 0D       		.byte	13
 2648 0919 0D       		.byte	13
 2649 091a 02       		.byte	2
 2650 091b 00       		.space	1
 2651 091c 00000000 		.word	FontSwiss16x16_0057
 2652 0920 09       		.byte	9
 2653 0921 09       		.byte	9
 2654 0922 02       		.byte	2
 2655 0923 00       		.space	1
 2656 0924 00000000 		.word	FontSwiss16x16_0058
 2657 0928 08       		.byte	8
 2658 0929 08       		.byte	8
 2659 092a 01       		.byte	1
 2660 092b 00       		.space	1
 2661 092c 00000000 		.word	FontSwiss16x16_0059
 2662 0930 07       		.byte	7
 2663 0931 07       		.byte	7
 2664 0932 01       		.byte	1
 2665 0933 00       		.space	1
 2666 0934 00000000 		.word	FontSwiss16x16_005A
 2667 0938 04       		.byte	4
 2668 0939 04       		.byte	4
 2669 093a 01       		.byte	1
 2670 093b 00       		.space	1
 2671 093c 00000000 		.word	FontSwiss16x16_005B
 2672 0940 04       		.byte	4
 2673 0941 04       		.byte	4
 2674 0942 01       		.byte	1
 2675 0943 00       		.space	1
 2676 0944 00000000 		.word	FontSwiss16x16_005C
 2677 0948 04       		.byte	4
 2678 0949 04       		.byte	4
 2679 094a 01       		.byte	1
 2680 094b 00       		.space	1
 2681 094c 00000000 		.word	FontSwiss16x16_005D
 2682 0950 08       		.byte	8
 2683 0951 08       		.byte	8
 2684 0952 01       		.byte	1
 2685 0953 00       		.space	1
 2686 0954 00000000 		.word	FontSwiss16x16_005E
 2687 0958 07       		.byte	7
 2688 0959 07       		.byte	7
 2689 095a 01       		.byte	1
 2690 095b 00       		.space	1
 2691 095c 00000000 		.word	FontSwiss16x16_005F
 2692 0960 04       		.byte	4
 2693 0961 04       		.byte	4
 2694 0962 01       		.byte	1
 2695 0963 00       		.space	1
 2696 0964 00000000 		.word	FontSwiss16x16_0060
 2697 0968 08       		.byte	8
 2698 0969 08       		.byte	8
 2699 096a 01       		.byte	1
 2700 096b 00       		.space	1
 2701 096c 00000000 		.word	FontSwiss16x16_0061
 2702 0970 08       		.byte	8
 2703 0971 08       		.byte	8
 2704 0972 01       		.byte	1
 2705 0973 00       		.space	1
 2706 0974 00000000 		.word	FontSwiss16x16_0062
 2707 0978 07       		.byte	7
 2708 0979 07       		.byte	7
 2709 097a 01       		.byte	1
 2710 097b 00       		.space	1
 2711 097c 00000000 		.word	FontSwiss16x16_0063
 2712 0980 08       		.byte	8
 2713 0981 08       		.byte	8
 2714 0982 01       		.byte	1
 2715 0983 00       		.space	1
 2716 0984 00000000 		.word	FontSwiss16x16_0064
 2717 0988 08       		.byte	8
 2718 0989 08       		.byte	8
 2719 098a 01       		.byte	1
 2720 098b 00       		.space	1
 2721 098c 00000000 		.word	FontSwiss16x16_0065
 2722 0990 04       		.byte	4
 2723 0991 04       		.byte	4
 2724 0992 01       		.byte	1
 2725 0993 00       		.space	1
 2726 0994 00000000 		.word	FontSwiss16x16_0066
 2727 0998 08       		.byte	8
 2728 0999 08       		.byte	8
 2729 099a 01       		.byte	1
 2730 099b 00       		.space	1
 2731 099c 00000000 		.word	FontSwiss16x16_0067
 2732 09a0 08       		.byte	8
 2733 09a1 08       		.byte	8
 2734 09a2 01       		.byte	1
 2735 09a3 00       		.space	1
 2736 09a4 00000000 		.word	FontSwiss16x16_0068
 2737 09a8 04       		.byte	4
 2738 09a9 04       		.byte	4
 2739 09aa 01       		.byte	1
 2740 09ab 00       		.space	1
 2741 09ac 00000000 		.word	FontSwiss16x16_0069
 2742 09b0 04       		.byte	4
 2743 09b1 04       		.byte	4
 2744 09b2 01       		.byte	1
 2745 09b3 00       		.space	1
 2746 09b4 00000000 		.word	FontSwiss16x16_006A
 2747 09b8 07       		.byte	7
 2748 09b9 07       		.byte	7
 2749 09ba 01       		.byte	1
 2750 09bb 00       		.space	1
 2751 09bc 00000000 		.word	FontSwiss16x16_006B
 2752 09c0 04       		.byte	4
 2753 09c1 04       		.byte	4
 2754 09c2 01       		.byte	1
 2755 09c3 00       		.space	1
 2756 09c4 00000000 		.word	FontSwiss16x16_006C
 2757 09c8 0C       		.byte	12
 2758 09c9 0C       		.byte	12
 2759 09ca 02       		.byte	2
 2760 09cb 00       		.space	1
 2761 09cc 00000000 		.word	FontSwiss16x16_006D
 2762 09d0 08       		.byte	8
 2763 09d1 08       		.byte	8
 2764 09d2 01       		.byte	1
 2765 09d3 00       		.space	1
 2766 09d4 00000000 		.word	FontSwiss16x16_006E
 2767 09d8 08       		.byte	8
 2768 09d9 08       		.byte	8
 2769 09da 01       		.byte	1
 2770 09db 00       		.space	1
 2771 09dc 00000000 		.word	FontSwiss16x16_006F
 2772 09e0 08       		.byte	8
 2773 09e1 08       		.byte	8
 2774 09e2 01       		.byte	1
 2775 09e3 00       		.space	1
 2776 09e4 00000000 		.word	FontSwiss16x16_0070
 2777 09e8 08       		.byte	8
 2778 09e9 08       		.byte	8
 2779 09ea 01       		.byte	1
 2780 09eb 00       		.space	1
 2781 09ec 00000000 		.word	FontSwiss16x16_0071
 2782 09f0 05       		.byte	5
 2783 09f1 05       		.byte	5
 2784 09f2 01       		.byte	1
 2785 09f3 00       		.space	1
 2786 09f4 00000000 		.word	FontSwiss16x16_0072
 2787 09f8 06       		.byte	6
 2788 09f9 06       		.byte	6
 2789 09fa 01       		.byte	1
 2790 09fb 00       		.space	1
 2791 09fc 00000000 		.word	FontSwiss16x16_0073
 2792 0a00 04       		.byte	4
 2793 0a01 04       		.byte	4
 2794 0a02 01       		.byte	1
 2795 0a03 00       		.space	1
 2796 0a04 00000000 		.word	FontSwiss16x16_0074
 2797 0a08 08       		.byte	8
 2798 0a09 08       		.byte	8
 2799 0a0a 01       		.byte	1
 2800 0a0b 00       		.space	1
 2801 0a0c 00000000 		.word	FontSwiss16x16_0075
 2802 0a10 07       		.byte	7
 2803 0a11 07       		.byte	7
 2804 0a12 01       		.byte	1
 2805 0a13 00       		.space	1
 2806 0a14 00000000 		.word	FontSwiss16x16_0076
 2807 0a18 0B       		.byte	11
 2808 0a19 0B       		.byte	11
 2809 0a1a 02       		.byte	2
 2810 0a1b 00       		.space	1
 2811 0a1c 00000000 		.word	FontSwiss16x16_0077
 2812 0a20 08       		.byte	8
 2813 0a21 08       		.byte	8
 2814 0a22 01       		.byte	1
 2815 0a23 00       		.space	1
 2816 0a24 00000000 		.word	FontSwiss16x16_0078
 2817 0a28 07       		.byte	7
 2818 0a29 07       		.byte	7
 2819 0a2a 01       		.byte	1
 2820 0a2b 00       		.space	1
 2821 0a2c 00000000 		.word	FontSwiss16x16_0079
 2822 0a30 07       		.byte	7
 2823 0a31 07       		.byte	7
 2824 0a32 01       		.byte	1
 2825 0a33 00       		.space	1
 2826 0a34 00000000 		.word	FontSwiss16x16_007A
 2827 0a38 05       		.byte	5
 2828 0a39 05       		.byte	5
 2829 0a3a 01       		.byte	1
 2830 0a3b 00       		.space	1
 2831 0a3c 00000000 		.word	FontSwiss16x16_007B
 2832 0a40 03       		.byte	3
 2833 0a41 03       		.byte	3
 2834 0a42 01       		.byte	1
 2835 0a43 00       		.space	1
 2836 0a44 00000000 		.word	FontSwiss16x16_007C
 2837 0a48 05       		.byte	5
 2838 0a49 05       		.byte	5
 2839 0a4a 01       		.byte	1
 2840 0a4b 00       		.space	1
 2841 0a4c 00000000 		.word	FontSwiss16x16_007D
 2842 0a50 08       		.byte	8
 2843 0a51 08       		.byte	8
 2844 0a52 01       		.byte	1
 2845 0a53 00       		.space	1
 2846 0a54 00000000 		.word	FontSwiss16x16_007E
 2847              		.global	FontSwiss16x16
 2848              		.align	2
 2849              	.LC0:
 2850 0a58 53776973 		.ascii	"Swiss16x16\000"
 2850      73313678 
 2850      313600
 2851 0a63 00       		.align	2
 2854              	FontSwiss16x16:
 2855 0a64 580A0000 		.word	.LC0
 2856 0a68 20       		.byte	32
 2857 0a69 7E       		.byte	126
 2858 0a6a 1000     		.short	16
 2859 0a6c 1000     		.short	16
 2860 0a6e 0000     		.space	2
 2861 0a70 00000000 		.word	FontSwiss16x16_CharTbl
 2862              		.text
 2863              	.Letext0:
 2864              		.file 1 "Libraries/uC-CPU/cpu.h"
 2865              		.file 2 "Libraries/BSP/LCD/bsp_lcd.h"
 2866              		.file 3 "Libraries/BSP/LCD/Fonts/font_swiss_16x16.c"
DEFINED SYMBOLS
                            *ABS*:00000000 font_swiss_16x16.c
     /tmp/cc1jmApp.s:23     .rodata:00000000 FontSwiss16x16_0020
     /tmp/cc1jmApp.s:20     .rodata:00000000 $d
     /tmp/cc1jmApp.s:29     .rodata:00000010 FontSwiss16x16_0021
     /tmp/cc1jmApp.s:50     .rodata:00000020 FontSwiss16x16_0022
     /tmp/cc1jmApp.s:71     .rodata:00000030 FontSwiss16x16_0023
     /tmp/cc1jmApp.s:92     .rodata:00000040 FontSwiss16x16_0024
     /tmp/cc1jmApp.s:113    .rodata:00000050 FontSwiss16x16_0025
     /tmp/cc1jmApp.s:150    .rodata:00000070 FontSwiss16x16_0026
     /tmp/cc1jmApp.s:187    .rodata:00000090 FontSwiss16x16_0027
     /tmp/cc1jmApp.s:208    .rodata:000000a0 FontSwiss16x16_0028
     /tmp/cc1jmApp.s:229    .rodata:000000b0 FontSwiss16x16_0029
     /tmp/cc1jmApp.s:250    .rodata:000000c0 FontSwiss16x16_002A
     /tmp/cc1jmApp.s:271    .rodata:000000d0 FontSwiss16x16_002B
     /tmp/cc1jmApp.s:292    .rodata:000000e0 FontSwiss16x16_002C
     /tmp/cc1jmApp.s:313    .rodata:000000f0 FontSwiss16x16_002D
     /tmp/cc1jmApp.s:334    .rodata:00000100 FontSwiss16x16_002E
     /tmp/cc1jmApp.s:355    .rodata:00000110 FontSwiss16x16_002F
     /tmp/cc1jmApp.s:376    .rodata:00000120 FontSwiss16x16_0030
     /tmp/cc1jmApp.s:397    .rodata:00000130 FontSwiss16x16_0031
     /tmp/cc1jmApp.s:418    .rodata:00000140 FontSwiss16x16_0032
     /tmp/cc1jmApp.s:439    .rodata:00000150 FontSwiss16x16_0033
     /tmp/cc1jmApp.s:460    .rodata:00000160 FontSwiss16x16_0034
     /tmp/cc1jmApp.s:481    .rodata:00000170 FontSwiss16x16_0035
     /tmp/cc1jmApp.s:502    .rodata:00000180 FontSwiss16x16_0036
     /tmp/cc1jmApp.s:523    .rodata:00000190 FontSwiss16x16_0037
     /tmp/cc1jmApp.s:544    .rodata:000001a0 FontSwiss16x16_0038
     /tmp/cc1jmApp.s:565    .rodata:000001b0 FontSwiss16x16_0039
     /tmp/cc1jmApp.s:586    .rodata:000001c0 FontSwiss16x16_003A
     /tmp/cc1jmApp.s:607    .rodata:000001d0 FontSwiss16x16_003B
     /tmp/cc1jmApp.s:628    .rodata:000001e0 FontSwiss16x16_003C
     /tmp/cc1jmApp.s:649    .rodata:000001f0 FontSwiss16x16_003D
     /tmp/cc1jmApp.s:670    .rodata:00000200 FontSwiss16x16_003E
     /tmp/cc1jmApp.s:691    .rodata:00000210 FontSwiss16x16_003F
     /tmp/cc1jmApp.s:712    .rodata:00000220 FontSwiss16x16_0040
     /tmp/cc1jmApp.s:749    .rodata:00000240 FontSwiss16x16_0041
     /tmp/cc1jmApp.s:786    .rodata:00000260 FontSwiss16x16_0042
     /tmp/cc1jmApp.s:823    .rodata:00000280 FontSwiss16x16_0043
     /tmp/cc1jmApp.s:860    .rodata:000002a0 FontSwiss16x16_0044
     /tmp/cc1jmApp.s:897    .rodata:000002c0 FontSwiss16x16_0045
     /tmp/cc1jmApp.s:918    .rodata:000002d0 FontSwiss16x16_0046
     /tmp/cc1jmApp.s:939    .rodata:000002e0 FontSwiss16x16_0047
     /tmp/cc1jmApp.s:976    .rodata:00000300 FontSwiss16x16_0048
     /tmp/cc1jmApp.s:1013   .rodata:00000320 FontSwiss16x16_0049
     /tmp/cc1jmApp.s:1034   .rodata:00000330 FontSwiss16x16_004A
     /tmp/cc1jmApp.s:1055   .rodata:00000340 FontSwiss16x16_004B
     /tmp/cc1jmApp.s:1092   .rodata:00000360 FontSwiss16x16_004C
     /tmp/cc1jmApp.s:1113   .rodata:00000370 FontSwiss16x16_004D
     /tmp/cc1jmApp.s:1150   .rodata:00000390 FontSwiss16x16_004E
     /tmp/cc1jmApp.s:1187   .rodata:000003b0 FontSwiss16x16_004F
     /tmp/cc1jmApp.s:1224   .rodata:000003d0 FontSwiss16x16_0050
     /tmp/cc1jmApp.s:1261   .rodata:000003f0 FontSwiss16x16_0051
     /tmp/cc1jmApp.s:1298   .rodata:00000410 FontSwiss16x16_0052
     /tmp/cc1jmApp.s:1335   .rodata:00000430 FontSwiss16x16_0053
     /tmp/cc1jmApp.s:1372   .rodata:00000450 FontSwiss16x16_0054
     /tmp/cc1jmApp.s:1393   .rodata:00000460 FontSwiss16x16_0055
     /tmp/cc1jmApp.s:1430   .rodata:00000480 FontSwiss16x16_0056
     /tmp/cc1jmApp.s:1467   .rodata:000004a0 FontSwiss16x16_0057
     /tmp/cc1jmApp.s:1504   .rodata:000004c0 FontSwiss16x16_0058
     /tmp/cc1jmApp.s:1541   .rodata:000004e0 FontSwiss16x16_0059
     /tmp/cc1jmApp.s:1562   .rodata:000004f0 FontSwiss16x16_005A
     /tmp/cc1jmApp.s:1583   .rodata:00000500 FontSwiss16x16_005B
     /tmp/cc1jmApp.s:1604   .rodata:00000510 FontSwiss16x16_005C
     /tmp/cc1jmApp.s:1625   .rodata:00000520 FontSwiss16x16_005D
     /tmp/cc1jmApp.s:1646   .rodata:00000530 FontSwiss16x16_005E
     /tmp/cc1jmApp.s:1667   .rodata:00000540 FontSwiss16x16_005F
     /tmp/cc1jmApp.s:1688   .rodata:00000550 FontSwiss16x16_0060
     /tmp/cc1jmApp.s:1709   .rodata:00000560 FontSwiss16x16_0061
     /tmp/cc1jmApp.s:1730   .rodata:00000570 FontSwiss16x16_0062
     /tmp/cc1jmApp.s:1751   .rodata:00000580 FontSwiss16x16_0063
     /tmp/cc1jmApp.s:1772   .rodata:00000590 FontSwiss16x16_0064
     /tmp/cc1jmApp.s:1793   .rodata:000005a0 FontSwiss16x16_0065
     /tmp/cc1jmApp.s:1814   .rodata:000005b0 FontSwiss16x16_0066
     /tmp/cc1jmApp.s:1835   .rodata:000005c0 FontSwiss16x16_0067
     /tmp/cc1jmApp.s:1856   .rodata:000005d0 FontSwiss16x16_0068
     /tmp/cc1jmApp.s:1877   .rodata:000005e0 FontSwiss16x16_0069
     /tmp/cc1jmApp.s:1898   .rodata:000005f0 FontSwiss16x16_006A
     /tmp/cc1jmApp.s:1919   .rodata:00000600 FontSwiss16x16_006B
     /tmp/cc1jmApp.s:1940   .rodata:00000610 FontSwiss16x16_006C
     /tmp/cc1jmApp.s:1961   .rodata:00000620 FontSwiss16x16_006D
     /tmp/cc1jmApp.s:1998   .rodata:00000640 FontSwiss16x16_006E
     /tmp/cc1jmApp.s:2019   .rodata:00000650 FontSwiss16x16_006F
     /tmp/cc1jmApp.s:2040   .rodata:00000660 FontSwiss16x16_0070
     /tmp/cc1jmApp.s:2061   .rodata:00000670 FontSwiss16x16_0071
     /tmp/cc1jmApp.s:2082   .rodata:00000680 FontSwiss16x16_0072
     /tmp/cc1jmApp.s:2103   .rodata:00000690 FontSwiss16x16_0073
     /tmp/cc1jmApp.s:2124   .rodata:000006a0 FontSwiss16x16_0074
     /tmp/cc1jmApp.s:2145   .rodata:000006b0 FontSwiss16x16_0075
     /tmp/cc1jmApp.s:2166   .rodata:000006c0 FontSwiss16x16_0076
     /tmp/cc1jmApp.s:2187   .rodata:000006d0 FontSwiss16x16_0077
     /tmp/cc1jmApp.s:2224   .rodata:000006f0 FontSwiss16x16_0078
     /tmp/cc1jmApp.s:2245   .rodata:00000700 FontSwiss16x16_0079
     /tmp/cc1jmApp.s:2266   .rodata:00000710 FontSwiss16x16_007A
     /tmp/cc1jmApp.s:2287   .rodata:00000720 FontSwiss16x16_007B
     /tmp/cc1jmApp.s:2308   .rodata:00000730 FontSwiss16x16_007C
     /tmp/cc1jmApp.s:2329   .rodata:00000740 FontSwiss16x16_007D
     /tmp/cc1jmApp.s:2350   .rodata:00000750 FontSwiss16x16_007E
     /tmp/cc1jmApp.s:2371   .rodata:00000760 FontSwiss16x16_CharTbl
     /tmp/cc1jmApp.s:2854   .rodata:00000a64 FontSwiss16x16

NO UNDEFINED SYMBOLS
